<?xml version="1.0" encoding="UTF-8"?>
<coverage generated="1785711159183" clover="3.2.0">
  <project timestamp="1785711159184" name="All files">
    <metrics statements="1577" coveredstatements="1349" conditionals="1009" coveredconditionals="819" methods="321" coveredmethods="278" elements="2907" coveredelements="2446" complexity="0" loc="1577" ncloc="1577" packages="19" files="31" classes="31"/>
    <package name="common.utils">
      <metrics statements="341" coveredstatements="305" conditionals="249" coveredconditionals="208" methods="98" coveredmethods="88"/>
      <file name="cache.ts" path="/Users/kingsleyeneja/study_projects/my-apps/quickpeek/quickpeek_backend/src/common/utils/cache.ts">
        <metrics statements="27" coveredstatements="19" conditionals="2" coveredconditionals="1" methods="4" coveredmethods="3"/>
        <line num="1" count="8" type="stmt"/>
        <line num="3" count="8" type="stmt"/>
        <line num="5" count="8" type="stmt"/>
        <line num="7" count="8" type="stmt"/>
        <line num="8" count="0" type="stmt"/>
        <line num="9" count="0" type="stmt"/>
        <line num="10" count="0" type="stmt"/>
        <line num="13" count="8" type="stmt"/>
        <line num="14" count="3" type="stmt"/>
        <line num="15" count="3" type="stmt"/>
        <line num="16" count="3" type="cond" truecount="1" falsecount="0"/>
        <line num="17" count="1" type="stmt"/>
        <line num="19" count="0" type="stmt"/>
        <line num="20" count="0" type="stmt"/>
        <line num="24" count="8" type="stmt"/>
        <line num="25" count="2" type="stmt"/>
        <line num="26" count="2" type="stmt"/>
        <line num="29" count="0" type="stmt"/>
        <line num="39" count="8" type="stmt"/>
        <line num="40" count="2" type="stmt"/>
        <line num="41" count="2" type="stmt"/>
        <line num="42" count="2" type="stmt"/>
        <line num="43" count="2" type="stmt"/>
        <line num="50" count="2" type="stmt"/>
        <line num="51" count="2" type="cond" truecount="0" falsecount="1"/>
        <line num="52" count="0" type="stmt"/>
        <line num="56" count="0" type="stmt"/>
      </file>
      <file name="geo.utils.ts" path="/Users/kingsleyeneja/study_projects/my-apps/quickpeek/quickpeek_backend/src/common/utils/geo.utils.ts">
        <metrics statements="9" coveredstatements="9" conditionals="0" coveredconditionals="0" methods="2" coveredmethods="2"/>
        <line num="2" count="80" type="stmt"/>
        <line num="5" count="8" type="stmt"/>
        <line num="11" count="20" type="stmt"/>
        <line num="12" count="20" type="stmt"/>
        <line num="13" count="20" type="stmt"/>
        <line num="15" count="20" type="stmt"/>
        <line num="19" count="20" type="stmt"/>
        <line num="20" count="20" type="stmt"/>
        <line num="22" count="20" type="stmt"/>
      </file>
      <file name="jwt.utils.ts" path="/Users/kingsleyeneja/study_projects/my-apps/quickpeek/quickpeek_backend/src/common/utils/jwt.utils.ts">
        <metrics statements="6" coveredstatements="5" conditionals="2" coveredconditionals="1" methods="1" coveredmethods="1"/>
        <line num="1" count="9" type="stmt"/>
        <line num="6" count="9" type="cond" truecount="1" falsecount="1"/>
        <line num="8" count="9" type="stmt"/>
        <line num="9" count="205" type="stmt"/>
        <line num="10" count="205" type="stmt"/>
        <line num="12" count="0" type="stmt"/>
      </file>
      <file name="messages.utils.ts" path="/Users/kingsleyeneja/study_projects/my-apps/quickpeek/quickpeek_backend/src/common/utils/messages.utils.ts">
        <metrics statements="42" coveredstatements="42" conditionals="39" coveredconditionals="33" methods="8" coveredmethods="8"/>
        <line num="1" count="9" type="stmt"/>
        <line num="2" count="9" type="stmt"/>
        <line num="3" count="9" type="stmt"/>
        <line num="24" count="52" type="stmt"/>
        <line num="49" count="9" type="stmt"/>
        <line num="56" count="26" type="stmt"/>
        <line num="57" count="26" type="stmt"/>
        <line num="68" count="26" type="stmt"/>
        <line num="70" count="26" type="cond" truecount="4" falsecount="0"/>
        <line num="72" count="26" type="stmt"/>
        <line num="73" count="33" type="stmt"/>
        <line num="76" count="26" type="stmt"/>
        <line num="83" count="9" type="stmt"/>
        <line num="89" count="10" type="stmt"/>
        <line num="90" count="10" type="stmt"/>
        <line num="101" count="10" type="stmt"/>
        <line num="102" count="10" type="stmt"/>
        <line num="103" count="20" type="stmt"/>
        <line num="106" count="10" type="stmt"/>
        <line num="121" count="9" type="stmt"/>
        <line num="122" count="7" type="stmt"/>
        <line num="124" count="7" type="cond" truecount="4" falsecount="0"/>
        <line num="125" count="7" type="cond" truecount="2" falsecount="0"/>
        <line num="126" count="3" type="stmt"/>
        <line num="127" count="4" type="cond" truecount="3" falsecount="0"/>
        <line num="128" count="1" type="stmt"/>
        <line num="131" count="7" type="cond" truecount="3" falsecount="1"/>
        <line num="132" count="7" type="cond" truecount="1" falsecount="0"/>
        <line num="133" count="7" type="stmt"/>
        <line num="136" count="7" type="cond" truecount="3" falsecount="1"/>
        <line num="137" count="7" type="cond" truecount="1" falsecount="0"/>
        <line num="138" count="7" type="stmt"/>
        <line num="141" count="7" type="stmt"/>
        <line num="149" count="9" type="stmt"/>
        <line num="155" count="4" type="stmt"/>
        <line num="156" count="4" type="stmt"/>
        <line num="157" count="4" type="stmt"/>
        <line num="158" count="4" type="stmt"/>
        <line num="160" count="4" type="stmt"/>
        <line num="161" count="10" type="stmt"/>
        <line num="168" count="10" type="stmt"/>
        <line num="171" count="4" type="stmt"/>
      </file>
      <file name="questionFeedSort.utils.ts" path="/Users/kingsleyeneja/study_projects/my-apps/quickpeek/quickpeek_backend/src/common/utils/questionFeedSort.utils.ts">
        <metrics statements="31" coveredstatements="30" conditionals="66" coveredconditionals="52" methods="5" coveredmethods="5"/>
        <line num="14" count="9" type="stmt"/>
        <line num="15" count="247" type="stmt"/>
        <line num="25" count="9" type="stmt"/>
        <line num="26" count="200" type="cond" truecount="6" falsecount="2"/>
        <line num="27" count="200" type="cond" truecount="1" falsecount="0"/>
        <line num="29" count="185" type="stmt"/>
        <line num="30" count="185" type="cond" truecount="4" falsecount="0"/>
        <line num="31" count="170" type="cond" truecount="3" falsecount="0"/>
        <line num="32" count="139" type="cond" truecount="1" falsecount="0"/>
        <line num="34" count="54" type="stmt"/>
        <line num="37" count="9" type="stmt"/>
        <line num="38" count="110" type="cond" truecount="0" falsecount="1"/>
        <line num="39" count="110" type="stmt"/>
        <line num="40" count="110" type="cond" truecount="1" falsecount="1"/>
        <line num="43" count="9" type="stmt"/>
        <line num="47" count="9" type="stmt"/>
        <line num="48" count="100" type="stmt"/>
        <line num="49" count="100" type="stmt"/>
        <line num="50" count="100" type="cond" truecount="1" falsecount="0"/>
        <line num="52" count="57" type="cond" truecount="1" falsecount="0"/>
        <line num="54" count="2" type="cond" truecount="9" falsecount="3"/>
        <line num="56" count="2" type="cond" truecount="9" falsecount="3"/>
        <line num="57" count="2" type="cond" truecount="1" falsecount="0"/>
        <line num="60" count="55" type="cond" truecount="1" falsecount="0"/>
        <line num="61" count="2" type="cond" truecount="3" falsecount="1"/>
        <line num="62" count="2" type="cond" truecount="3" falsecount="1"/>
        <line num="63" count="2" type="cond" truecount="1" falsecount="0"/>
        <line num="66" count="53" type="cond" truecount="3" falsecount="1"/>
        <line num="67" count="53" type="cond" truecount="3" falsecount="1"/>
        <line num="68" count="53" type="cond" truecount="1" falsecount="0"/>
        <line num="70" count="0" type="stmt"/>
      </file>
      <file name="ratings.ts" path="/Users/kingsleyeneja/study_projects/my-apps/quickpeek/quickpeek_backend/src/common/utils/ratings.ts">
        <metrics statements="41" coveredstatements="33" conditionals="32" coveredconditionals="28" methods="7" coveredmethods="4"/>
        <line num="1" count="9" type="stmt"/>
        <line num="2" count="9" type="stmt"/>
        <line num="3" count="9" type="stmt"/>
        <line num="5" count="9" type="stmt"/>
        <line num="6" count="9" type="stmt"/>
        <line num="8" count="28" type="stmt"/>
        <line num="17" count="9" type="stmt"/>
        <line num="18" count="28" type="cond" truecount="3" falsecount="0"/>
        <line num="19" count="5" type="stmt"/>
        <line num="22" count="9" type="stmt"/>
        <line num="26" count="24" type="stmt"/>
        <line num="28" count="24" type="stmt"/>
        <line num="29" count="24" type="stmt"/>
        <line num="30" count="23" type="cond" truecount="1" falsecount="0"/>
        <line num="31" count="15" type="stmt"/>
        <line num="32" count="15" type="stmt"/>
        <line num="40" count="1" type="stmt"/>
        <line num="43" count="9" type="stmt"/>
        <line num="47" count="9" type="cond" truecount="8" falsecount="0"/>
        <line num="48" count="9" type="cond" truecount="8" falsecount="0"/>
        <line num="50" count="9" type="stmt"/>
        <line num="51" count="9" type="stmt"/>
        <line num="58" count="0" type="stmt"/>
        <line num="61" count="9" type="stmt"/>
        <line num="70" count="9" type="stmt"/>
        <line num="74" count="0" type="stmt"/>
        <line num="75" count="0" type="stmt"/>
        <line num="82" count="9" type="stmt"/>
        <line num="89" count="4" type="cond" truecount="2" falsecount="0"/>
        <line num="91" count="4" type="stmt"/>
        <line num="101" count="4" type="cond" truecount="3" falsecount="1"/>
        <line num="102" count="4" type="cond" truecount="3" falsecount="1"/>
        <line num="104" count="4" type="stmt"/>
        <line num="110" count="4" type="stmt"/>
        <line num="111" count="4" type="stmt"/>
        <line num="118" count="0" type="stmt"/>
        <line num="122" count="9" type="stmt"/>
        <line num="126" count="0" type="cond" truecount="0" falsecount="2"/>
        <line num="127" count="0" type="stmt"/>
        <line num="128" count="0" type="stmt"/>
        <line num="130" count="0" type="stmt"/>
      </file>
      <file name="requestViewer.utils.ts" path="/Users/kingsleyeneja/study_projects/my-apps/quickpeek/quickpeek_backend/src/common/utils/requestViewer.utils.ts">
        <metrics statements="107" coveredstatements="100" conditionals="87" coveredconditionals="79" methods="43" coveredmethods="40"/>
        <line num="1" count="8" type="stmt"/>
        <line num="2" count="8" type="stmt"/>
        <line num="13" count="8" type="stmt"/>
        <line num="14" count="20" type="stmt"/>
        <line num="18" count="8" type="stmt"/>
        <line num="21" count="0" type="stmt"/>
        <line num="22" count="0" type="stmt"/>
        <line num="29" count="0" type="stmt"/>
        <line num="32" count="8" type="stmt"/>
        <line num="35" count="1" type="stmt"/>
        <line num="36" count="1" type="stmt"/>
        <line num="45" count="8" type="stmt"/>
        <line num="54" count="1" type="stmt"/>
        <line num="56" count="1" type="cond" truecount="1" falsecount="1"/>
        <line num="59" count="1" type="stmt"/>
        <line num="61" count="1" type="stmt"/>
        <line num="84" count="8" type="stmt"/>
        <line num="85" count="8" type="stmt"/>
        <line num="107" count="8" type="stmt"/>
        <line num="109" count="8" type="cond" truecount="2" falsecount="0"/>
        <line num="121" count="8" type="stmt"/>
        <line num="123" count="8" type="stmt"/>
        <line num="130" count="8" type="stmt"/>
        <line num="131" count="8" type="stmt"/>
        <line num="132" count="8" type="stmt"/>
        <line num="134" count="8" type="stmt"/>
        <line num="135" count="6" type="stmt"/>
        <line num="136" count="6" type="cond" truecount="4" falsecount="0"/>
        <line num="137" count="6" type="stmt"/>
        <line num="138" count="6" type="stmt"/>
        <line num="141" count="8" type="stmt"/>
        <line num="143" count="5" type="stmt"/>
        <line num="144" count="5" type="stmt"/>
        <line num="149" count="6" type="stmt"/>
        <line num="155" count="3" type="stmt"/>
        <line num="156" count="5" type="stmt"/>
        <line num="162" count="8" type="stmt"/>
        <line num="163" count="8" type="cond" truecount="0" falsecount="1"/>
        <line num="164" count="0" type="stmt"/>
        <line num="170" count="8" type="stmt"/>
        <line num="187" count="8" type="stmt"/>
        <line num="188" count="24" type="stmt"/>
        <line num="189" count="12" type="stmt"/>
        <line num="191" count="8" type="stmt"/>
        <line num="192" count="8" type="cond" truecount="1" falsecount="0"/>
        <line num="193" count="5" type="stmt"/>
        <line num="202" count="5" type="stmt"/>
        <line num="205" count="24" type="stmt"/>
        <line num="207" count="8" type="cond" truecount="2" falsecount="0"/>
        <line num="219" count="8" type="stmt"/>
        <line num="221" count="8" type="stmt"/>
        <line num="222" count="4" type="stmt"/>
        <line num="225" count="8" type="stmt"/>
        <line num="226" count="8" type="stmt"/>
        <line num="227" count="24" type="stmt"/>
        <line num="228" count="24" type="stmt"/>
        <line num="238" count="8" type="stmt"/>
        <line num="239" count="4" type="cond" truecount="0" falsecount="1"/>
        <line num="240" count="0" type="stmt"/>
        <line num="251" count="8" type="stmt"/>
        <line num="264" count="8" type="stmt"/>
        <line num="273" count="8" type="stmt"/>
        <line num="276" count="8" type="stmt"/>
        <line num="277" count="8" type="cond" truecount="0" falsecount="1"/>
        <line num="278" count="0" type="stmt"/>
        <line num="281" count="8" type="stmt"/>
        <line num="295" count="8" type="stmt"/>
        <line num="296" count="8" type="stmt"/>
        <line num="297" count="4" type="cond" truecount="1" falsecount="0"/>
        <line num="298" count="4" type="stmt"/>
        <line num="302" count="8" type="stmt"/>
        <line num="306" count="8" type="stmt"/>
        <line num="309" count="8" type="stmt"/>
        <line num="310" count="8" type="stmt"/>
        <line num="311" count="8" type="cond" truecount="0" falsecount="1"/>
        <line num="312" count="0" type="stmt"/>
        <line num="315" count="56" type="stmt"/>
        <line num="316" count="56" type="stmt"/>
        <line num="318" count="8" type="stmt"/>
        <line num="329" count="38" type="stmt"/>
        <line num="330" count="8" type="stmt"/>
        <line num="331" count="8" type="stmt"/>
        <line num="332" count="8" type="stmt"/>
        <line num="333" count="8" type="cond" truecount="1" falsecount="0"/>
        <line num="334" count="1" type="stmt"/>
        <line num="337" count="7" type="stmt"/>
        <line num="347" count="7" type="stmt"/>
        <line num="348" count="7" type="stmt"/>
        <line num="353" count="8" type="stmt"/>
        <line num="354" count="56" type="stmt"/>
        <line num="355" count="291" type="stmt"/>
        <line num="357" count="56" type="cond" truecount="2" falsecount="0"/>
        <line num="358" count="17" type="stmt"/>
        <line num="359" count="17" type="stmt"/>
        <line num="360" count="12" type="stmt"/>
        <line num="362" count="17" type="stmt"/>
        <line num="363" count="17" type="stmt"/>
        <line num="364" count="12" type="cond" truecount="4" falsecount="0"/>
        <line num="368" count="17" type="stmt"/>
        <line num="370" count="17" type="stmt"/>
        <line num="379" count="39" type="stmt"/>
        <line num="380" count="39" type="cond" truecount="6" falsecount="0"/>
        <line num="381" count="39" type="stmt"/>
        <line num="383" count="39" type="stmt"/>
        <line num="395" count="8" type="stmt"/>
        <line num="398" count="8" type="stmt"/>
        <line num="401" count="56" type="cond" truecount="3" falsecount="1"/>
      </file>
      <file name="reviews.utils.ts" path="/Users/kingsleyeneja/study_projects/my-apps/quickpeek/quickpeek_backend/src/common/utils/reviews.utils.ts">
        <metrics statements="74" coveredstatements="67" conditionals="21" coveredconditionals="14" methods="25" coveredmethods="25"/>
        <line num="1" count="8" type="stmt"/>
        <line num="2" count="8" type="stmt"/>
        <line num="3" count="8" type="stmt"/>
        <line num="4" count="8" type="stmt"/>
        <line num="5" count="8" type="stmt"/>
        <line num="7" count="8" type="stmt"/>
        <line num="8" count="8" type="stmt"/>
        <line num="20" count="8" type="stmt"/>
        <line num="21" count="3" type="stmt"/>
        <line num="30" count="3" type="stmt"/>
        <line num="38" count="8" type="stmt"/>
        <line num="40" count="33" type="stmt"/>
        <line num="41" count="33" type="cond" truecount="1" falsecount="0"/>
        <line num="42" count="2" type="stmt"/>
        <line num="45" count="31" type="cond" truecount="1" falsecount="0"/>
        <line num="46" count="28" type="stmt"/>
        <line num="49" count="3" type="stmt"/>
        <line num="50" count="3" type="cond" truecount="1" falsecount="0"/>
        <line num="54" count="3" type="stmt"/>
        <line num="57" count="0" type="stmt"/>
        <line num="60" count="9" type="stmt"/>
        <line num="61" count="9" type="stmt"/>
        <line num="62" count="9" type="stmt"/>
        <line num="65" count="18" type="stmt"/>
        <line num="66" count="18" type="stmt"/>
        <line num="67" count="18" type="stmt"/>
        <line num="70" count="8" type="stmt"/>
        <line num="71" count="2" type="stmt"/>
        <line num="86" count="2" type="cond" truecount="0" falsecount="1"/>
        <line num="90" count="0" type="stmt"/>
        <line num="93" count="2" type="stmt"/>
        <line num="94" count="2" type="stmt"/>
        <line num="95" count="2" type="cond" truecount="1" falsecount="1"/>
        <line num="99" count="18" type="stmt"/>
        <line num="100" count="18" type="stmt"/>
        <line num="101" count="18" type="cond" truecount="0" falsecount="1"/>
        <line num="102" count="0" type="stmt"/>
        <line num="105" count="18" type="cond" truecount="1" falsecount="0"/>
        <line num="106" count="16" type="stmt"/>
        <line num="109" count="2" type="stmt"/>
        <line num="112" count="18" type="stmt"/>
        <line num="113" count="18" type="stmt"/>
        <line num="114" count="18" type="cond" truecount="0" falsecount="1"/>
        <line num="115" count="0" type="stmt"/>
        <line num="118" count="18" type="stmt"/>
        <line num="121" count="13" type="stmt"/>
        <line num="122" count="13" type="stmt"/>
        <line num="123" count="13" type="cond" truecount="0" falsecount="1"/>
        <line num="124" count="0" type="stmt"/>
        <line num="127" count="13" type="stmt"/>
        <line num="130" count="8" type="stmt"/>
        <line num="131" count="2" type="stmt"/>
        <line num="132" count="2" type="stmt"/>
        <line num="136" count="2" type="cond" truecount="0" falsecount="1"/>
        <line num="137" count="0" type="stmt"/>
        <line num="140" count="2" type="stmt"/>
        <line num="145" count="4" type="stmt"/>
        <line num="146" count="2" type="stmt"/>
        <line num="147" count="4" type="stmt"/>
        <line num="148" count="8" type="stmt"/>
        <line num="150" count="4" type="cond" truecount="2" falsecount="0"/>
        <line num="155" count="4" type="stmt"/>
        <line num="156" count="4" type="stmt"/>
        <line num="161" count="8" type="stmt"/>
        <line num="162" count="7" type="stmt"/>
        <line num="163" count="7" type="cond" truecount="1" falsecount="0"/>
        <line num="164" count="5" type="stmt"/>
        <line num="167" count="2" type="stmt"/>
        <line num="168" count="4" type="stmt"/>
        <line num="170" count="2" type="cond" truecount="2" falsecount="1"/>
        <line num="171" count="0" type="stmt"/>
        <line num="174" count="2" type="stmt"/>
        <line num="175" count="2" type="stmt"/>
        <line num="179" count="8" type="stmt"/>
      </file>
      <file name="time.utils.ts" path="/Users/kingsleyeneja/study_projects/my-apps/quickpeek/quickpeek_backend/src/common/utils/time.utils.ts">
        <metrics statements="4" coveredstatements="0" conditionals="0" coveredconditionals="0" methods="3" coveredmethods="0"/>
        <line num="1" count="0" type="stmt"/>
        <line num="2" count="0" type="stmt"/>
        <line num="3" count="0" type="stmt"/>
        <line num="4" count="0" type="stmt"/>
      </file>
    </package>
    <package name="modules.categories.controllers">
      <metrics statements="59" coveredstatements="45" conditionals="39" coveredconditionals="22" methods="10" coveredmethods="10"/>
      <file name="categoryController.ts" path="/Users/kingsleyeneja/study_projects/my-apps/quickpeek/quickpeek_backend/src/modules/categories/controllers/categoryController.ts">
        <metrics statements="59" coveredstatements="45" conditionals="39" coveredconditionals="22" methods="10" coveredmethods="10"/>
        <line num="1" count="8" type="stmt"/>
        <line num="3" count="8" type="stmt"/>
        <line num="4" count="8" type="stmt"/>
        <line num="6" count="8" type="stmt"/>
        <line num="7" count="2" type="stmt"/>
        <line num="13" count="8" type="stmt"/>
        <line num="18" count="7" type="stmt"/>
        <line num="28" count="8" type="stmt"/>
        <line num="29" count="2" type="stmt"/>
        <line num="30" count="2" type="stmt"/>
        <line num="33" count="2" type="stmt"/>
        <line num="38" count="0" type="stmt"/>
        <line num="39" count="0" type="stmt"/>
        <line num="47" count="8" type="stmt"/>
        <line num="48" count="4" type="stmt"/>
        <line num="49" count="4" type="stmt"/>
        <line num="50" count="4" type="cond" truecount="4" falsecount="0"/>
        <line num="52" count="4" type="cond" truecount="0" falsecount="1"/>
        <line num="53" count="0" type="stmt"/>
        <line num="56" count="4" type="stmt"/>
        <line num="60" count="2" type="stmt"/>
        <line num="65" count="2" type="cond" truecount="1" falsecount="0"/>
        <line num="69" count="2" type="cond" truecount="3" falsecount="1"/>
        <line num="70" count="2" type="cond" truecount="5" falsecount="1"/>
        <line num="71" count="2" type="stmt"/>
        <line num="73" count="0" type="stmt"/>
        <line num="74" count="0" type="stmt"/>
        <line num="82" count="8" type="stmt"/>
        <line num="83" count="2" type="stmt"/>
        <line num="84" count="2" type="stmt"/>
        <line num="85" count="2" type="stmt"/>
        <line num="87" count="2" type="cond" truecount="1" falsecount="2"/>
        <line num="88" count="0" type="stmt"/>
        <line num="91" count="2" type="stmt"/>
        <line num="92" count="2" type="cond" truecount="1" falsecount="0"/>
        <line num="93" count="2" type="cond" truecount="0" falsecount="1"/>
        <line num="95" count="2" type="stmt"/>
        <line num="100" count="1" type="stmt"/>
        <line num="105" count="1" type="cond" truecount="1" falsecount="0"/>
        <line num="106" count="1" type="cond" truecount="1" falsecount="0"/>
        <line num="107" count="1" type="stmt"/>
        <line num="109" count="0" type="cond" truecount="0" falsecount="1"/>
        <line num="110" count="0" type="cond" truecount="0" falsecount="4"/>
        <line num="111" count="0" type="cond" truecount="0" falsecount="6"/>
        <line num="112" count="0" type="stmt"/>
        <line num="115" count="0" type="stmt"/>
        <line num="116" count="0" type="stmt"/>
        <line num="123" count="8" type="stmt"/>
        <line num="124" count="3" type="stmt"/>
        <line num="125" count="3" type="stmt"/>
        <line num="127" count="3" type="stmt"/>
        <line num="129" count="1" type="stmt"/>
        <line num="131" count="2" type="cond" truecount="1" falsecount="0"/>
        <line num="132" count="2" type="cond" truecount="1" falsecount="0"/>
        <line num="133" count="1" type="stmt"/>
        <line num="135" count="1" type="cond" truecount="1" falsecount="0"/>
        <line num="136" count="1" type="stmt"/>
        <line num="139" count="0" type="stmt"/>
        <line num="140" count="0" type="stmt"/>
      </file>
    </package>
    <package name="modules.categories.middlewares">
      <metrics statements="14" coveredstatements="14" conditionals="2" coveredconditionals="2" methods="2" coveredmethods="2"/>
      <file name="categoryMiddleware.ts" path="/Users/kingsleyeneja/study_projects/my-apps/quickpeek/quickpeek_backend/src/modules/categories/middlewares/categoryMiddleware.ts">
        <metrics statements="14" coveredstatements="14" conditionals="2" coveredconditionals="2" methods="2" coveredmethods="2"/>
        <line num="2" count="8" type="stmt"/>
        <line num="4" count="8" type="stmt"/>
        <line num="6" count="8" type="stmt"/>
        <line num="7" count="5" type="stmt"/>
        <line num="19" count="5" type="stmt"/>
        <line num="20" count="5" type="cond" truecount="1" falsecount="0"/>
        <line num="22" count="4" type="stmt"/>
        <line num="23" count="4" type="stmt"/>
        <line num="26" count="8" type="stmt"/>
        <line num="27" count="3" type="stmt"/>
        <line num="39" count="3" type="stmt"/>
        <line num="40" count="3" type="cond" truecount="1" falsecount="0"/>
        <line num="42" count="2" type="stmt"/>
        <line num="43" count="2" type="stmt"/>
      </file>
    </package>
    <package name="modules.config">
      <metrics statements="34" coveredstatements="27" conditionals="7" coveredconditionals="4" methods="6" coveredmethods="6"/>
      <file name="configService.ts" path="/Users/kingsleyeneja/study_projects/my-apps/quickpeek/quickpeek_backend/src/modules/config/configService.ts">
        <metrics statements="34" coveredstatements="27" conditionals="7" coveredconditionals="4" methods="6" coveredmethods="6"/>
        <line num="1" count="8" type="stmt"/>
        <line num="7" count="8" type="stmt"/>
        <line num="13" count="8" type="stmt"/>
        <line num="19" count="8" type="stmt"/>
        <line num="21" count="8" type="stmt"/>
        <line num="22" count="8" type="stmt"/>
        <line num="24" count="8" type="stmt"/>
        <line num="25" count="8" type="stmt"/>
        <line num="26" count="8" type="stmt"/>
        <line num="27" count="8" type="stmt"/>
        <line num="28" count="8" type="stmt"/>
        <line num="29" count="24" type="stmt"/>
        <line num="31" count="8" type="stmt"/>
        <line num="33" count="0" type="stmt"/>
        <line num="34" count="0" type="stmt"/>
        <line num="43" count="8" type="stmt"/>
        <line num="44" count="52" type="cond" truecount="1" falsecount="0"/>
        <line num="45" count="8" type="stmt"/>
        <line num="48" count="52" type="stmt"/>
        <line num="49" count="52" type="cond" truecount="3" falsecount="0"/>
        <line num="50" count="52" type="stmt"/>
        <line num="53" count="0" type="stmt"/>
        <line num="54" count="0" type="cond" truecount="0" falsecount="3"/>
        <line num="55" count="0" type="stmt"/>
        <line num="56" count="0" type="stmt"/>
        <line num="59" count="0" type="stmt"/>
        <line num="63" count="8" type="stmt"/>
        <line num="64" count="24" type="stmt"/>
        <line num="68" count="8" type="stmt"/>
        <line num="69" count="6" type="stmt"/>
        <line num="75" count="8" type="stmt"/>
        <line num="76" count="63" type="stmt"/>
        <line num="81" count="63" type="stmt"/>
        <line num="82" count="63" type="stmt"/>
      </file>
    </package>
    <package name="modules.config.controllers">
      <metrics statements="20" coveredstatements="3" conditionals="2" coveredconditionals="0" methods="4" coveredmethods="0"/>
      <file name="configController.ts" path="/Users/kingsleyeneja/study_projects/my-apps/quickpeek/quickpeek_backend/src/modules/config/controllers/configController.ts">
        <metrics statements="20" coveredstatements="3" conditionals="2" coveredconditionals="0" methods="4" coveredmethods="0"/>
        <line num="2" count="8" type="stmt"/>
        <line num="18" count="8" type="stmt"/>
        <line num="19" count="0" type="stmt"/>
        <line num="20" count="0" type="stmt"/>
        <line num="21" count="0" type="stmt"/>
        <line num="22" count="0" type="stmt"/>
        <line num="23" count="0" type="stmt"/>
        <line num="25" count="0" type="stmt"/>
        <line num="26" count="0" type="stmt"/>
        <line num="36" count="8" type="stmt"/>
        <line num="37" count="0" type="stmt"/>
        <line num="38" count="0" type="stmt"/>
        <line num="40" count="0" type="cond" truecount="0" falsecount="1"/>
        <line num="41" count="0" type="stmt"/>
        <line num="43" count="0" type="cond" truecount="0" falsecount="1"/>
        <line num="44" count="0" type="stmt"/>
        <line num="47" count="0" type="stmt"/>
        <line num="51" count="0" type="stmt"/>
        <line num="53" count="0" type="stmt"/>
        <line num="54" count="0" type="stmt"/>
      </file>
    </package>
    <package name="modules.config.middlewares">
      <metrics statements="8" coveredstatements="2" conditionals="1" coveredconditionals="0" methods="1" coveredmethods="0"/>
      <file name="configMiddleware.ts" path="/Users/kingsleyeneja/study_projects/my-apps/quickpeek/quickpeek_backend/src/modules/config/middlewares/configMiddleware.ts">
        <metrics statements="8" coveredstatements="2" conditionals="1" coveredconditionals="0" methods="1" coveredmethods="0"/>
        <line num="2" count="8" type="stmt"/>
        <line num="8" count="8" type="stmt"/>
        <line num="9" count="0" type="stmt"/>
        <line num="14" count="0" type="stmt"/>
        <line num="15" count="0" type="cond" truecount="0" falsecount="1"/>
        <line num="16" count="0" type="stmt"/>
        <line num="18" count="0" type="stmt"/>
        <line num="19" count="0" type="stmt"/>
      </file>
    </package>
    <package name="modules.messages.controllers">
      <metrics statements="76" coveredstatements="67" conditionals="31" coveredconditionals="29" methods="12" coveredmethods="12"/>
      <file name="messageController.ts" path="/Users/kingsleyeneja/study_projects/my-apps/quickpeek/quickpeek_backend/src/modules/messages/controllers/messageController.ts">
        <metrics statements="76" coveredstatements="67" conditionals="31" coveredconditionals="29" methods="12" coveredmethods="12"/>
        <line num="1" count="8" type="stmt"/>
        <line num="3" count="8" type="stmt"/>
        <line num="4" count="8" type="stmt"/>
        <line num="5" count="8" type="stmt"/>
        <line num="9" count="8" type="stmt"/>
        <line num="32" count="21" type="stmt"/>
        <line num="33" count="21" type="stmt"/>
        <line num="40" count="8" type="stmt"/>
        <line num="44" count="21" type="cond" truecount="1" falsecount="0"/>
        <line num="45" count="1" type="stmt"/>
        <line num="47" count="20" type="cond" truecount="3" falsecount="0"/>
        <line num="48" count="3" type="stmt"/>
        <line num="50" count="17" type="stmt"/>
        <line num="53" count="8" type="stmt"/>
        <line num="54" count="6" type="cond" truecount="1" falsecount="1"/>
        <line num="60" count="8" type="stmt"/>
        <line num="61" count="7" type="stmt"/>
        <line num="62" count="7" type="stmt"/>
        <line num="63" count="7" type="stmt"/>
        <line num="65" count="7" type="stmt"/>
        <line num="66" count="7" type="stmt"/>
        <line num="67" count="7" type="cond" truecount="1" falsecount="0"/>
        <line num="68" count="2" type="stmt"/>
        <line num="71" count="5" type="stmt"/>
        <line num="82" count="5" type="stmt"/>
        <line num="87" count="0" type="stmt"/>
        <line num="88" count="0" type="stmt"/>
        <line num="96" count="8" type="stmt"/>
        <line num="97" count="8" type="stmt"/>
        <line num="98" count="8" type="stmt"/>
        <line num="99" count="8" type="stmt"/>
        <line num="100" count="8" type="stmt"/>
        <line num="102" count="8" type="stmt"/>
        <line num="103" count="8" type="stmt"/>
        <line num="104" count="8" type="cond" truecount="1" falsecount="0"/>
        <line num="105" count="1" type="stmt"/>
        <line num="108" count="7" type="cond" truecount="1" falsecount="0"/>
        <line num="109" count="3" type="stmt"/>
        <line num="117" count="4" type="stmt"/>
        <line num="118" count="4" type="cond" truecount="1" falsecount="0"/>
        <line num="119" count="3" type="stmt"/>
        <line num="127" count="3" type="cond" truecount="1" falsecount="0"/>
        <line num="128" count="2" type="stmt"/>
        <line num="132" count="2" type="stmt"/>
        <line num="142" count="2" type="stmt"/>
        <line num="143" count="2" type="stmt"/>
        <line num="144" count="2" type="stmt"/>
        <line num="146" count="2" type="stmt"/>
        <line num="148" count="0" type="stmt"/>
        <line num="149" count="0" type="stmt"/>
        <line num="157" count="8" type="stmt"/>
        <line num="158" count="2" type="stmt"/>
        <line num="159" count="2" type="stmt"/>
        <line num="160" count="2" type="stmt"/>
        <line num="162" count="2" type="stmt"/>
        <line num="163" count="2" type="stmt"/>
        <line num="164" count="2" type="cond" truecount="1" falsecount="0"/>
        <line num="165" count="1" type="stmt"/>
        <line num="168" count="1" type="stmt"/>
        <line num="178" count="1" type="stmt"/>
        <line num="180" count="0" type="stmt"/>
        <line num="181" count="0" type="stmt"/>
        <line num="189" count="8" type="stmt"/>
        <line num="190" count="4" type="stmt"/>
        <line num="191" count="4" type="stmt"/>
        <line num="192" count="4" type="stmt"/>
        <line num="194" count="4" type="stmt"/>
        <line num="195" count="4" type="stmt"/>
        <line num="196" count="4" type="cond" truecount="0" falsecount="1"/>
        <line num="197" count="0" type="stmt"/>
        <line num="200" count="4" type="stmt"/>
        <line num="201" count="4" type="stmt"/>
        <line num="218" count="4" type="stmt"/>
        <line num="219" count="4" type="stmt"/>
        <line num="244" count="0" type="stmt"/>
        <line num="245" count="0" type="stmt"/>
      </file>
    </package>
    <package name="modules.messages.middlewares">
      <metrics statements="7" coveredstatements="7" conditionals="1" coveredconditionals="1" methods="1" coveredmethods="1"/>
      <file name="messageMiddleware.ts" path="/Users/kingsleyeneja/study_projects/my-apps/quickpeek/quickpeek_backend/src/modules/messages/middlewares/messageMiddleware.ts">
        <metrics statements="7" coveredstatements="7" conditionals="1" coveredconditionals="1" methods="1" coveredmethods="1"/>
        <line num="1" count="8" type="stmt"/>
        <line num="4" count="8" type="stmt"/>
        <line num="5" count="9" type="stmt"/>
        <line num="9" count="9" type="stmt"/>
        <line num="10" count="9" type="cond" truecount="1" falsecount="0"/>
        <line num="11" count="1" type="stmt"/>
        <line num="13" count="8" type="stmt"/>
      </file>
    </package>
    <package name="modules.payments.controllers">
      <metrics statements="204" coveredstatements="204" conditionals="97" coveredconditionals="97" methods="32" coveredmethods="32"/>
      <file name="paymentController.ts" path="/Users/kingsleyeneja/study_projects/my-apps/quickpeek/quickpeek_backend/src/modules/payments/controllers/paymentController.ts">
        <metrics statements="175" coveredstatements="175" conditionals="90" coveredconditionals="90" methods="26" coveredmethods="26"/>
        <line num="2" count="8" type="stmt"/>
        <line num="3" count="8" type="stmt"/>
        <line num="4" count="8" type="stmt"/>
        <line num="5" count="8" type="stmt"/>
        <line num="6" count="8" type="stmt"/>
        <line num="19" count="8" type="stmt"/>
        <line num="20" count="8" type="stmt"/>
        <line num="22" count="8" type="stmt"/>
        <line num="23" count="6" type="cond" truecount="2" falsecount="0"/>
        <line num="24" count="6" type="stmt"/>
        <line num="28" count="6" type="stmt"/>
        <line num="35" count="8" type="stmt"/>
        <line num="36" count="9" type="cond" truecount="4" falsecount="0"/>
        <line num="37" count="9" type="cond" truecount="1" falsecount="0"/>
        <line num="38" count="2" type="cond" truecount="2" falsecount="0"/>
        <line num="46" count="8" type="stmt"/>
        <line num="52" count="8" type="stmt"/>
        <line num="53" count="3" type="cond" truecount="4" falsecount="0"/>
        <line num="54" count="3" type="cond" truecount="8" falsecount="0"/>
        <line num="55" count="3" type="stmt"/>
        <line num="64" count="8" type="stmt"/>
        <line num="69" count="20" type="cond" truecount="1" falsecount="0"/>
        <line num="70" count="6" type="stmt"/>
        <line num="71" count="6" type="cond" truecount="1" falsecount="0"/>
        <line num="72" count="3" type="stmt"/>
        <line num="74" count="2" type="stmt"/>
        <line num="76" count="1" type="stmt"/>
        <line num="79" count="17" type="stmt"/>
        <line num="87" count="8" type="stmt"/>
        <line num="88" count="4" type="stmt"/>
        <line num="89" count="4" type="stmt"/>
        <line num="90" count="4" type="stmt"/>
        <line num="92" count="4" type="stmt"/>
        <line num="93" count="3" type="cond" truecount="1" falsecount="0"/>
        <line num="94" count="1" type="stmt"/>
        <line num="99" count="2" type="stmt"/>
        <line num="102" count="2" type="stmt"/>
        <line num="106" count="1" type="stmt"/>
        <line num="107" count="1" type="stmt"/>
        <line num="117" count="13" type="stmt"/>
        <line num="118" count="13" type="stmt"/>
        <line num="119" count="13" type="stmt"/>
        <line num="120" count="13" type="stmt"/>
        <line num="121" count="12" type="cond" truecount="1" falsecount="0"/>
        <line num="122" count="1" type="stmt"/>
        <line num="125" count="11" type="stmt"/>
        <line num="126" count="11" type="stmt"/>
        <line num="131" count="11" type="cond" truecount="1" falsecount="0"/>
        <line num="132" count="9" type="stmt"/>
        <line num="133" count="9" type="cond" truecount="1" falsecount="0"/>
        <line num="134" count="2" type="stmt"/>
        <line num="138" count="2" type="stmt"/>
        <line num="139" count="2" type="stmt"/>
        <line num="147" count="9" type="stmt"/>
        <line num="148" count="9" type="stmt"/>
        <line num="157" count="9" type="stmt"/>
        <line num="158" count="9" type="stmt"/>
        <line num="164" count="2" type="stmt"/>
        <line num="165" count="2" type="cond" truecount="3" falsecount="0"/>
        <line num="166" count="1" type="stmt"/>
        <line num="171" count="1" type="stmt"/>
        <line num="172" count="1" type="stmt"/>
        <line num="173" count="1" type="stmt"/>
        <line num="180" count="1" type="stmt"/>
        <line num="188" count="1" type="stmt"/>
        <line num="193" count="1" type="stmt"/>
        <line num="194" count="1" type="stmt"/>
        <line num="204" count="8" type="stmt"/>
        <line num="205" count="6" type="stmt"/>
        <line num="206" count="6" type="stmt"/>
        <line num="207" count="6" type="stmt"/>
        <line num="208" count="5" type="cond" truecount="1" falsecount="0"/>
        <line num="209" count="1" type="stmt"/>
        <line num="212" count="4" type="cond" truecount="3" falsecount="0"/>
        <line num="213" count="2" type="stmt"/>
        <line num="216" count="2" type="stmt"/>
        <line num="223" count="2" type="stmt"/>
        <line num="228" count="2" type="stmt"/>
        <line num="232" count="1" type="stmt"/>
        <line num="233" count="1" type="stmt"/>
        <line num="241" count="8" type="stmt"/>
        <line num="242" count="4" type="stmt"/>
        <line num="243" count="4" type="stmt"/>
        <line num="244" count="4" type="stmt"/>
        <line num="245" count="3" type="cond" truecount="1" falsecount="0"/>
        <line num="246" count="1" type="stmt"/>
        <line num="248" count="2" type="cond" truecount="1" falsecount="0"/>
        <line num="249" count="1" type="stmt"/>
        <line num="254" count="1" type="stmt"/>
        <line num="255" count="1" type="stmt"/>
        <line num="257" count="1" type="stmt"/>
        <line num="258" count="1" type="stmt"/>
        <line num="268" count="14" type="stmt"/>
        <line num="269" count="14" type="stmt"/>
        <line num="270" count="14" type="stmt"/>
        <line num="271" count="14" type="stmt"/>
        <line num="273" count="14" type="stmt"/>
        <line num="277" count="13" type="cond" truecount="1" falsecount="0"/>
        <line num="278" count="1" type="stmt"/>
        <line num="280" count="12" type="cond" truecount="1" falsecount="0"/>
        <line num="281" count="1" type="stmt"/>
        <line num="283" count="11" type="cond" truecount="1" falsecount="0"/>
        <line num="284" count="1" type="stmt"/>
        <line num="289" count="10" type="stmt"/>
        <line num="292" count="10" type="cond" truecount="4" falsecount="0"/>
        <line num="293" count="2" type="stmt"/>
        <line num="296" count="8" type="cond" truecount="1" falsecount="0"/>
        <line num="297" count="1" type="stmt"/>
        <line num="300" count="7" type="stmt"/>
        <line num="301" count="7" type="cond" truecount="1" falsecount="0"/>
        <line num="302" count="5" type="stmt"/>
        <line num="306" count="7" type="cond" truecount="1" falsecount="0"/>
        <line num="310" count="1" type="stmt"/>
        <line num="315" count="6" type="stmt"/>
        <line num="318" count="6" type="cond" truecount="5" falsecount="0"/>
        <line num="319" count="1" type="stmt"/>
        <line num="322" count="5" type="stmt"/>
        <line num="323" count="5" type="stmt"/>
        <line num="327" count="5" type="stmt"/>
        <line num="333" count="5" type="stmt"/>
        <line num="334" count="5" type="stmt"/>
        <line num="338" count="5" type="stmt"/>
        <line num="352" count="5" type="stmt"/>
        <line num="368" count="5" type="cond" truecount="2" falsecount="0"/>
        <line num="372" count="5" type="stmt"/>
        <line num="381" count="1" type="stmt"/>
        <line num="382" count="1" type="stmt"/>
        <line num="391" count="10" type="stmt"/>
        <line num="392" count="10" type="stmt"/>
        <line num="393" count="10" type="stmt"/>
        <line num="394" count="10" type="stmt"/>
        <line num="396" count="10" type="stmt"/>
        <line num="397" count="9" type="cond" truecount="1" falsecount="0"/>
        <line num="398" count="1" type="stmt"/>
        <line num="400" count="8" type="cond" truecount="3" falsecount="0"/>
        <line num="401" count="1" type="stmt"/>
        <line num="403" count="7" type="cond" truecount="1" falsecount="0"/>
        <line num="404" count="2" type="stmt"/>
        <line num="409" count="5" type="stmt"/>
        <line num="410" count="5" type="stmt"/>
        <line num="412" count="5" type="cond" truecount="2" falsecount="0"/>
        <line num="419" count="5" type="stmt"/>
        <line num="424" count="1" type="stmt"/>
        <line num="425" count="1" type="stmt"/>
        <line num="434" count="8" type="stmt"/>
        <line num="435" count="6" type="stmt"/>
        <line num="436" count="6" type="stmt"/>
        <line num="437" count="6" type="stmt"/>
        <line num="439" count="6" type="stmt"/>
        <line num="470" count="5" type="stmt"/>
        <line num="475" count="5" type="stmt"/>
        <line num="480" count="5" type="stmt"/>
        <line num="482" count="5" type="stmt"/>
        <line num="483" count="9" type="stmt"/>
        <line num="484" count="9" type="stmt"/>
        <line num="501" count="5" type="stmt"/>
        <line num="512" count="1" type="stmt"/>
        <line num="513" count="1" type="stmt"/>
        <line num="517" count="8" type="stmt"/>
        <line num="518" count="1" type="stmt"/>
        <line num="521" count="1" type="stmt"/>
        <line num="530" count="8" type="stmt"/>
        <line num="531" count="5" type="cond" truecount="2" falsecount="0"/>
        <line num="536" count="5" type="stmt"/>
        <line num="558" count="8" type="stmt"/>
        <line num="559" count="5" type="cond" truecount="2" falsecount="0"/>
        <line num="561" count="5" type="stmt"/>
        <line num="562" count="5" type="cond" truecount="1" falsecount="0"/>
        <line num="563" count="4" type="stmt"/>
        <line num="564" count="4" type="stmt"/>
        <line num="565" count="3" type="stmt"/>
        <line num="566" count="3" type="cond" truecount="3" falsecount="0"/>
        <line num="567" count="1" type="stmt"/>
        <line num="570" count="1" type="stmt"/>
        <line num="574" count="5" type="stmt"/>
      </file>
      <file name="paymentWebhookController.ts" path="/Users/kingsleyeneja/study_projects/my-apps/quickpeek/quickpeek_backend/src/modules/payments/controllers/paymentWebhookController.ts">
        <metrics statements="29" coveredstatements="29" conditionals="7" coveredconditionals="7" methods="6" coveredmethods="6"/>
        <line num="2" count="8" type="stmt"/>
        <line num="4" count="8" type="stmt"/>
        <line num="5" count="8" type="stmt"/>
        <line num="6" count="8" type="stmt"/>
        <line num="13" count="12" type="stmt"/>
        <line num="14" count="12" type="cond" truecount="2" falsecount="0"/>
        <line num="15" count="7" type="stmt"/>
        <line num="19" count="5" type="cond" truecount="2" falsecount="0"/>
        <line num="20" count="1" type="stmt"/>
        <line num="24" count="4" type="cond" truecount="1" falsecount="0"/>
        <line num="25" count="2" type="stmt"/>
        <line num="39" count="10" type="stmt"/>
        <line num="41" count="10" type="stmt"/>
        <line num="42" count="10" type="stmt"/>
        <line num="44" count="1" type="stmt"/>
        <line num="47" count="9" type="stmt"/>
        <line num="48" count="9" type="stmt"/>
        <line num="49" count="8" type="stmt"/>
        <line num="51" count="1" type="stmt"/>
        <line num="52" count="1" type="stmt"/>
        <line num="57" count="8" type="stmt"/>
        <line num="59" count="4" type="stmt"/>
        <line num="60" count="4" type="stmt"/>
        <line num="62" count="1" type="stmt"/>
        <line num="65" count="3" type="stmt"/>
        <line num="66" count="3" type="stmt"/>
        <line num="67" count="2" type="stmt"/>
        <line num="69" count="1" type="stmt"/>
        <line num="70" count="1" type="stmt"/>
      </file>
    </package>
    <package name="modules.payments.middlewares">
      <metrics statements="25" coveredstatements="25" conditionals="2" coveredconditionals="2" methods="8" coveredmethods="8"/>
      <file name="paymentMiddleware.ts" path="/Users/kingsleyeneja/study_projects/my-apps/quickpeek/quickpeek_backend/src/modules/payments/middlewares/paymentMiddleware.ts">
        <metrics statements="25" coveredstatements="25" conditionals="2" coveredconditionals="2" methods="8" coveredmethods="8"/>
        <line num="2" count="8" type="stmt"/>
        <line num="4" count="8" type="stmt"/>
        <line num="10" count="49" type="stmt"/>
        <line num="14" count="49" type="cond" truecount="1" falsecount="0"/>
        <line num="15" count="8" type="stmt"/>
        <line num="17" count="8" type="stmt"/>
        <line num="20" count="41" type="stmt"/>
        <line num="21" count="41" type="stmt"/>
        <line num="28" count="8" type="stmt"/>
        <line num="29" count="7" type="stmt"/>
        <line num="30" count="7" type="stmt"/>
        <line num="31" count="6" type="stmt"/>
        <line num="33" count="1" type="stmt"/>
        <line num="37" count="8" type="stmt"/>
        <line num="38" count="7" type="cond" truecount="1" falsecount="0"/>
        <line num="39" count="3" type="stmt"/>
        <line num="41" count="4" type="stmt"/>
        <line num="44" count="8" type="stmt"/>
        <line num="49" count="7" type="stmt"/>
        <line num="58" count="8" type="stmt"/>
        <line num="59" count="16" type="stmt"/>
        <line num="72" count="8" type="stmt"/>
        <line num="77" count="15" type="stmt"/>
        <line num="86" count="8" type="stmt"/>
        <line num="91" count="11" type="stmt"/>
      </file>
    </package>
    <package name="modules.payments.providers">
      <metrics statements="95" coveredstatements="95" conditionals="69" coveredconditionals="69" methods="23" coveredmethods="23"/>
      <file name="currencies.ts" path="/Users/kingsleyeneja/study_projects/my-apps/quickpeek/quickpeek_backend/src/modules/payments/providers/currencies.ts">
        <metrics statements="3" coveredstatements="3" conditionals="2" coveredconditionals="2" methods="1" coveredmethods="1"/>
        <line num="7" count="9" type="stmt"/>
        <line num="9" count="9" type="stmt"/>
        <line num="10" count="9" type="cond" truecount="2" falsecount="0"/>
      </file>
      <file name="index.ts" path="/Users/kingsleyeneja/study_projects/my-apps/quickpeek/quickpeek_backend/src/modules/payments/providers/index.ts">
        <metrics statements="4" coveredstatements="4" conditionals="2" coveredconditionals="2" methods="1" coveredmethods="1"/>
        <line num="3" count="8" type="stmt"/>
        <line num="4" count="8" type="stmt"/>
        <line num="6" count="8" type="stmt"/>
        <line num="7" count="4" type="cond" truecount="2" falsecount="0"/>
      </file>
      <file name="paystack.provider.ts" path="/Users/kingsleyeneja/study_projects/my-apps/quickpeek/quickpeek_backend/src/modules/payments/providers/paystack.provider.ts">
        <metrics statements="42" coveredstatements="42" conditionals="25" coveredconditionals="25" methods="12" coveredmethods="12"/>
        <line num="1" count="9" type="stmt"/>
        <line num="14" count="9" type="stmt"/>
        <line num="20" count="9" type="stmt"/>
        <line num="21" count="2" type="cond" truecount="4" falsecount="0"/>
        <line num="25" count="9" type="stmt"/>
        <line num="29" count="17" type="stmt"/>
        <line num="30" count="17" type="stmt"/>
        <line num="31" count="17" type="cond" truecount="1" falsecount="0"/>
        <line num="33" count="16" type="stmt"/>
        <line num="41" count="16" type="stmt"/>
        <line num="42" count="16" type="cond" truecount="3" falsecount="0"/>
        <line num="43" count="3" type="cond" truecount="2" falsecount="0"/>
        <line num="45" count="13" type="stmt"/>
        <line num="48" count="9" type="stmt"/>
        <line num="52" count="3" type="stmt"/>
        <line num="53" count="3" type="stmt"/>
        <line num="58" count="2" type="stmt"/>
        <line num="62" count="1" type="stmt"/>
        <line num="68" count="1" type="stmt"/>
        <line num="74" count="2" type="stmt"/>
        <line num="78" count="2" type="stmt"/>
        <line num="86" count="2" type="stmt"/>
        <line num="102" count="2" type="stmt"/>
        <line num="109" count="7" type="stmt"/>
        <line num="113" count="4" type="cond" truecount="1" falsecount="0"/>
        <line num="114" count="1" type="stmt"/>
        <line num="116" count="3" type="cond" truecount="3" falsecount="0"/>
        <line num="117" count="2" type="cond" truecount="4" falsecount="0"/>
        <line num="119" count="1" type="stmt"/>
        <line num="123" count="8" type="stmt"/>
        <line num="124" count="8" type="cond" truecount="1" falsecount="0"/>
        <line num="126" count="7" type="stmt"/>
        <line num="127" count="7" type="cond" truecount="1" falsecount="0"/>
        <line num="128" count="2" type="stmt"/>
        <line num="131" count="5" type="stmt"/>
        <line num="135" count="5" type="cond" truecount="1" falsecount="0"/>
        <line num="136" count="3" type="stmt"/>
        <line num="138" count="2" type="stmt"/>
        <line num="142" count="1" type="stmt"/>
        <line num="146" count="2" type="stmt"/>
        <line num="150" count="1" type="stmt"/>
        <line num="154" count="1" type="stmt"/>
      </file>
      <file name="stripe.provider.ts" path="/Users/kingsleyeneja/study_projects/my-apps/quickpeek/quickpeek_backend/src/modules/payments/providers/stripe.provider.ts">
        <metrics statements="46" coveredstatements="46" conditionals="40" coveredconditionals="40" methods="9" coveredmethods="9"/>
        <line num="1" count="10" type="stmt"/>
        <line num="17" count="10" type="stmt"/>
        <line num="19" count="10" type="stmt"/>
        <line num="21" count="10" type="stmt"/>
        <line num="22" count="33" type="cond" truecount="1" falsecount="0"/>
        <line num="23" count="3" type="stmt"/>
        <line num="24" count="3" type="cond" truecount="1" falsecount="0"/>
        <line num="25" count="2" type="stmt"/>
        <line num="27" count="32" type="stmt"/>
        <line num="30" count="10" type="stmt"/>
        <line num="31" count="18" type="stmt"/>
        <line num="32" count="18" type="cond" truecount="1" falsecount="0"/>
        <line num="33" count="17" type="stmt"/>
        <line num="36" count="10" type="stmt"/>
        <line num="40" count="2" type="stmt"/>
        <line num="44" count="1" type="stmt"/>
        <line num="48" count="2" type="stmt"/>
        <line num="68" count="2" type="stmt"/>
        <line num="72" count="1" type="stmt"/>
        <line num="81" count="1" type="stmt"/>
        <line num="87" count="1" type="stmt"/>
        <line num="88" count="1" type="stmt"/>
        <line num="96" count="3" type="stmt"/>
        <line num="104" count="3" type="cond" truecount="1" falsecount="0"/>
        <line num="105" count="1" type="stmt"/>
        <line num="108" count="3" type="stmt"/>
        <line num="111" count="3" type="stmt"/>
        <line num="116" count="3" type="stmt"/>
        <line num="127" count="4" type="stmt"/>
        <line num="128" count="4" type="cond" truecount="1" falsecount="0"/>
        <line num="129" count="1" type="stmt"/>
        <line num="131" count="3" type="cond" truecount="3" falsecount="0"/>
        <line num="132" count="2" type="stmt"/>
        <line num="137" count="1" type="stmt"/>
        <line num="141" count="18" type="stmt"/>
        <line num="143" count="17" type="stmt"/>
        <line num="144" count="17" type="cond" truecount="4" falsecount="0"/>
        <line num="146" count="2" type="stmt"/>
        <line num="149" count="15" type="cond" truecount="4" falsecount="0"/>
        <line num="151" count="6" type="stmt"/>
        <line num="152" count="6" type="stmt"/>
        <line num="155" count="3" type="stmt"/>
        <line num="156" count="3" type="stmt"/>
        <line num="163" count="3" type="stmt"/>
        <line num="164" count="3" type="stmt"/>
        <line num="171" count="3" type="stmt"/>
      </file>
    </package>
    <package name="modules.payments.services">
      <metrics statements="34" coveredstatements="34" conditionals="20" coveredconditionals="20" methods="10" coveredmethods="10"/>
      <file name="payments.service.ts" path="/Users/kingsleyeneja/study_projects/my-apps/quickpeek/quickpeek_backend/src/modules/payments/services/payments.service.ts">
        <metrics statements="34" coveredstatements="34" conditionals="20" coveredconditionals="20" methods="10" coveredmethods="10"/>
        <line num="2" count="8" type="stmt"/>
        <line num="3" count="8" type="stmt"/>
        <line num="4" count="8" type="stmt"/>
        <line num="7" count="8" type="stmt"/>
        <line num="9" count="8" type="stmt"/>
        <line num="10" count="5" type="stmt"/>
        <line num="12" count="8" type="stmt"/>
        <line num="14" count="8" type="stmt"/>
        <line num="17" count="5" type="cond" truecount="2" falsecount="0"/>
        <line num="19" count="17" type="stmt"/>
        <line num="31" count="12" type="stmt"/>
        <line num="53" count="8" type="stmt"/>
        <line num="57" count="5" type="stmt"/>
        <line num="58" count="5" type="cond" truecount="1" falsecount="0"/>
        <line num="59" count="4" type="stmt"/>
        <line num="63" count="4" type="stmt"/>
        <line num="67" count="4" type="stmt"/>
        <line num="82" count="8" type="stmt"/>
        <line num="85" count="12" type="stmt"/>
        <line num="86" count="12" type="stmt"/>
        <line num="89" count="10" type="cond" truecount="1" falsecount="0"/>
        <line num="91" count="8" type="cond" truecount="2" falsecount="0"/>
        <line num="92" count="8" type="stmt"/>
        <line num="97" count="8" type="stmt"/>
        <line num="98" count="8" type="cond" truecount="3" falsecount="0"/>
        <line num="100" count="7" type="stmt"/>
        <line num="107" count="7" type="stmt"/>
        <line num="108" count="7" type="cond" truecount="2" falsecount="0"/>
        <line num="109" count="7" type="cond" truecount="2" falsecount="0"/>
        <line num="111" count="7" type="cond" truecount="3" falsecount="0"/>
        <line num="112" count="7" type="stmt"/>
        <line num="113" count="7" type="cond" truecount="2" falsecount="0"/>
        <line num="118" count="7" type="stmt"/>
        <line num="127" count="7" type="stmt"/>
      </file>
    </package>
    <package name="modules.questions.controllers">
      <metrics statements="279" coveredstatements="224" conditionals="233" coveredconditionals="179" methods="51" coveredmethods="39"/>
      <file name="questionController.ts" path="/Users/kingsleyeneja/study_projects/my-apps/quickpeek/quickpeek_backend/src/modules/questions/controllers/questionController.ts">
        <metrics statements="279" coveredstatements="224" conditionals="233" coveredconditionals="179" methods="51" coveredmethods="39"/>
        <line num="1" count="8" type="stmt"/>
        <line num="3" count="8" type="stmt"/>
        <line num="4" count="8" type="stmt"/>
        <line num="5" count="8" type="stmt"/>
        <line num="6" count="8" type="stmt"/>
        <line num="7" count="8" type="stmt"/>
        <line num="11" count="8" type="stmt"/>
        <line num="12" count="8" type="stmt"/>
        <line num="18" count="8" type="stmt"/>
        <line num="22" count="8" type="stmt"/>
        <line num="31" count="8" type="stmt"/>
        <line num="35" count="8" type="stmt"/>
        <line num="36" count="8" type="stmt"/>
        <line num="38" count="8" type="stmt"/>
        <line num="39" count="13" type="cond" truecount="2" falsecount="0"/>
        <line num="40" count="13" type="stmt"/>
        <line num="44" count="13" type="stmt"/>
        <line num="47" count="83" type="stmt"/>
        <line num="71" count="8" type="stmt"/>
        <line num="79" count="8" type="stmt"/>
        <line num="81" count="8" type="stmt"/>
        <line num="87" count="8" type="stmt"/>
        <line num="88" count="0" type="stmt"/>
        <line num="98" count="8" type="stmt"/>
        <line num="99" count="2" type="stmt"/>
        <line num="110" count="2" type="stmt"/>
        <line num="112" count="2" type="stmt"/>
        <line num="128" count="2" type="stmt"/>
        <line num="129" count="0" type="stmt"/>
        <line num="132" count="2" type="stmt"/>
        <line num="137" count="0" type="stmt"/>
        <line num="138" count="0" type="stmt"/>
        <line num="154" count="13" type="stmt"/>
        <line num="155" count="13" type="stmt"/>
        <line num="156" count="13" type="cond" truecount="4" falsecount="0"/>
        <line num="157" count="13" type="stmt"/>
        <line num="158" count="13" type="cond" truecount="2" falsecount="0"/>
        <line num="159" count="13" type="cond" truecount="2" falsecount="0"/>
        <line num="160" count="13" type="cond" truecount="4" falsecount="0"/>
        <line num="161" count="13" type="cond" truecount="2" falsecount="0"/>
        <line num="162" count="13" type="stmt"/>
        <line num="163" count="13" type="stmt"/>
        <line num="164" count="13" type="stmt"/>
        <line num="173" count="13" type="cond" truecount="3" falsecount="0"/>
        <line num="174" count="1" type="cond" truecount="1" falsecount="1"/>
        <line num="179" count="1" type="cond" truecount="1" falsecount="1"/>
        <line num="182" count="1" type="stmt"/>
        <line num="185" count="12" type="cond" truecount="4" falsecount="0"/>
        <line num="186" count="3" type="stmt"/>
        <line num="187" count="3" type="stmt"/>
        <line num="188" count="3" type="cond" truecount="1" falsecount="0"/>
        <line num="189" count="1" type="stmt"/>
        <line num="193" count="11" type="stmt"/>
        <line num="195" count="11" type="stmt"/>
        <line num="199" count="11" type="stmt"/>
        <line num="210" count="72" type="stmt"/>
        <line num="211" count="11" type="cond" truecount="2" falsecount="0"/>
        <line num="215" count="11" type="stmt"/>
        <line num="216" count="72" type="stmt"/>
        <line num="217" count="72" type="stmt"/>
        <line num="218" count="72" type="cond" truecount="5" falsecount="0"/>
        <line num="219" count="14" type="stmt"/>
        <line num="225" count="14" type="stmt"/>
        <line num="226" count="14" type="stmt"/>
        <line num="228" count="58" type="stmt"/>
        <line num="230" count="72" type="stmt"/>
        <line num="232" count="72" type="cond" truecount="4" falsecount="0"/>
        <line num="233" count="72" type="cond" truecount="1" falsecount="0"/>
        <line num="234" count="24" type="stmt"/>
        <line num="237" count="72" type="stmt"/>
        <line num="240" count="11" type="cond" truecount="2" falsecount="0"/>
        <line num="242" count="8" type="cond" truecount="4" falsecount="0"/>
        <line num="243" count="3" type="stmt"/>
        <line num="245" count="5" type="cond" truecount="3" falsecount="0"/>
        <line num="246" count="1" type="stmt"/>
        <line num="248" count="4" type="stmt"/>
        <line num="252" count="11" type="cond" truecount="1" falsecount="0"/>
        <line num="253" count="8" type="stmt"/>
        <line num="254" count="8" type="stmt"/>
        <line num="255" count="5" type="stmt"/>
        <line num="261" count="8" type="stmt"/>
        <line num="262" count="56" type="stmt"/>
        <line num="263" count="56" type="cond" truecount="1" falsecount="0"/>
        <line num="264" count="5" type="stmt"/>
        <line num="270" count="8" type="stmt"/>
        <line num="272" count="56" type="stmt"/>
        <line num="275" count="56" type="stmt"/>
        <line num="280" count="8" type="cond" truecount="2" falsecount="0"/>
        <line num="284" count="56" type="stmt"/>
        <line num="285" count="56" type="stmt"/>
        <line num="286" count="8" type="stmt"/>
        <line num="290" count="8" type="stmt"/>
        <line num="304" count="3" type="stmt"/>
        <line num="305" count="3" type="stmt"/>
        <line num="315" count="3" type="cond" truecount="3" falsecount="0"/>
        <line num="316" count="2" type="stmt"/>
        <line num="317" count="2" type="stmt"/>
        <line num="320" count="3" type="stmt"/>
        <line num="322" count="0" type="stmt"/>
        <line num="323" count="0" type="stmt"/>
        <line num="327" count="8" type="stmt"/>
        <line num="328" count="8" type="stmt"/>
        <line num="362" count="8" type="stmt"/>
        <line num="363" count="0" type="stmt"/>
        <line num="364" count="0" type="cond" truecount="0" falsecount="4"/>
        <line num="365" count="0" type="cond" truecount="0" falsecount="4"/>
        <line num="367" count="0" type="cond" truecount="0" falsecount="1"/>
        <line num="368" count="0" type="stmt"/>
        <line num="377" count="0" type="stmt"/>
        <line num="428" count="0" type="cond" truecount="0" falsecount="1"/>
        <line num="429" count="0" type="stmt"/>
        <line num="435" count="0" type="stmt"/>
        <line num="436" count="0" type="cond" truecount="0" falsecount="2"/>
        <line num="440" count="0" type="cond" truecount="0" falsecount="2"/>
        <line num="443" count="0" type="stmt"/>
        <line num="447" count="0" type="stmt"/>
        <line num="448" count="0" type="stmt"/>
        <line num="471" count="0" type="cond" truecount="0" falsecount="4"/>
        <line num="472" count="0" type="cond" truecount="0" falsecount="1"/>
        <line num="473" count="0" type="stmt"/>
        <line num="475" count="0" type="cond" truecount="0" falsecount="1"/>
        <line num="476" count="0" type="stmt"/>
        <line num="478" count="0" type="stmt"/>
        <line num="481" count="0" type="stmt"/>
        <line num="486" count="0" type="stmt"/>
        <line num="487" count="0" type="stmt"/>
        <line num="494" count="8" type="stmt"/>
        <line num="495" count="1" type="stmt"/>
        <line num="496" count="1" type="stmt"/>
        <line num="498" count="1" type="stmt"/>
        <line num="506" count="1" type="stmt"/>
        <line num="511" count="1" type="stmt"/>
        <line num="516" count="0" type="stmt"/>
        <line num="517" count="0" type="stmt"/>
        <line num="524" count="8" type="stmt"/>
        <line num="525" count="1" type="stmt"/>
        <line num="526" count="1" type="stmt"/>
        <line num="528" count="1" type="stmt"/>
        <line num="547" count="1" type="stmt"/>
        <line num="548" count="1" type="stmt"/>
        <line num="550" count="0" type="cond" truecount="0" falsecount="4"/>
        <line num="551" count="0" type="stmt"/>
        <line num="555" count="1" type="stmt"/>
        <line num="563" count="1" type="stmt"/>
        <line num="565" count="0" type="stmt"/>
        <line num="566" count="0" type="stmt"/>
        <line num="578" count="8" type="stmt"/>
        <line num="588" count="7" type="stmt"/>
        <line num="589" count="7" type="cond" truecount="4" falsecount="1"/>
        <line num="590" count="2" type="stmt"/>
        <line num="592" count="5" type="cond" truecount="0" falsecount="1"/>
        <line num="593" count="0" type="stmt"/>
        <line num="596" count="5" type="stmt"/>
        <line num="597" count="5" type="cond" truecount="1" falsecount="0"/>
        <line num="598" count="5" type="stmt"/>
        <line num="599" count="5" type="cond" truecount="1" falsecount="0"/>
        <line num="600" count="1" type="stmt"/>
        <line num="607" count="4" type="stmt"/>
        <line num="613" count="4" type="cond" truecount="0" falsecount="1"/>
        <line num="614" count="0" type="stmt"/>
        <line num="615" count="0" type="stmt"/>
        <line num="621" count="4" type="cond" truecount="1" falsecount="0"/>
        <line num="626" count="4" type="cond" truecount="4" falsecount="0"/>
        <line num="627" count="2" type="stmt"/>
        <line num="629" count="2" type="stmt"/>
        <line num="630" count="2" type="stmt"/>
        <line num="636" count="2" type="cond" truecount="1" falsecount="0"/>
        <line num="637" count="1" type="stmt"/>
        <line num="641" count="1" type="stmt"/>
        <line num="649" count="9" type="stmt"/>
        <line num="650" count="9" type="stmt"/>
        <line num="651" count="9" type="stmt"/>
        <line num="652" count="9" type="cond" truecount="3" falsecount="1"/>
        <line num="653" count="9" type="cond" truecount="2" falsecount="0"/>
        <line num="654" count="9" type="cond" truecount="2" falsecount="0"/>
        <line num="655" count="9" type="cond" truecount="2" falsecount="0"/>
        <line num="657" count="9" type="stmt"/>
        <line num="673" count="9" type="cond" truecount="1" falsecount="0"/>
        <line num="674" count="1" type="stmt"/>
        <line num="677" count="8" type="cond" truecount="3" falsecount="0"/>
        <line num="678" count="1" type="stmt"/>
        <line num="683" count="7" type="stmt"/>
        <line num="684" count="7" type="cond" truecount="1" falsecount="0"/>
        <line num="685" count="7" type="cond" truecount="2" falsecount="0"/>
        <line num="686" count="7" type="cond" truecount="2" falsecount="0"/>
        <line num="687" count="7" type="stmt"/>
        <line num="690" count="7" type="stmt"/>
        <line num="692" count="7" type="stmt"/>
        <line num="693" count="7" type="cond" truecount="1" falsecount="0"/>
        <line num="694" count="7" type="stmt"/>
        <line num="705" count="7" type="stmt"/>
        <line num="706" count="7" type="cond" truecount="2" falsecount="0"/>
        <line num="707" count="1" type="stmt"/>
        <line num="712" count="6" type="cond" truecount="0" falsecount="1"/>
        <line num="713" count="0" type="stmt"/>
        <line num="724" count="7" type="stmt"/>
        <line num="729" count="7" type="stmt"/>
        <line num="731" count="7" type="stmt"/>
        <line num="732" count="7" type="stmt"/>
        <line num="733" count="7" type="cond" truecount="1" falsecount="0"/>
        <line num="740" count="2" type="stmt"/>
        <line num="748" count="2" type="stmt"/>
        <line num="751" count="7" type="stmt"/>
        <line num="779" count="0" type="stmt"/>
        <line num="780" count="0" type="stmt"/>
        <line num="787" count="8" type="stmt"/>
        <line num="788" count="1" type="stmt"/>
        <line num="789" count="1" type="stmt"/>
        <line num="790" count="1" type="stmt"/>
        <line num="792" count="1" type="stmt"/>
        <line num="793" count="1" type="cond" truecount="0" falsecount="1"/>
        <line num="794" count="0" type="stmt"/>
        <line num="796" count="1" type="cond" truecount="0" falsecount="1"/>
        <line num="797" count="0" type="stmt"/>
        <line num="800" count="1" type="stmt"/>
        <line num="810" count="1" type="stmt"/>
        <line num="811" count="1" type="stmt"/>
        <line num="812" count="1" type="stmt"/>
        <line num="814" count="1" type="stmt"/>
        <line num="815" count="1" type="stmt"/>
        <line num="818" count="1" type="stmt"/>
        <line num="819" count="1" type="stmt"/>
        <line num="820" count="1" type="stmt"/>
        <line num="834" count="1" type="stmt"/>
        <line num="836" count="0" type="stmt"/>
        <line num="837" count="0" type="stmt"/>
        <line num="845" count="8" type="stmt"/>
        <line num="846" count="1" type="stmt"/>
        <line num="847" count="1" type="stmt"/>
        <line num="848" count="1" type="stmt"/>
        <line num="850" count="1" type="stmt"/>
        <line num="851" count="1" type="cond" truecount="0" falsecount="1"/>
        <line num="852" count="0" type="stmt"/>
        <line num="854" count="1" type="cond" truecount="0" falsecount="1"/>
        <line num="855" count="0" type="stmt"/>
        <line num="858" count="1" type="stmt"/>
        <line num="861" count="1" type="cond" truecount="0" falsecount="1"/>
        <line num="862" count="0" type="stmt"/>
        <line num="865" count="1" type="stmt"/>
        <line num="866" count="1" type="stmt"/>
        <line num="871" count="1" type="cond" truecount="1" falsecount="0"/>
        <line num="872" count="1" type="stmt"/>
        <line num="876" count="1" type="stmt"/>
        <line num="878" count="0" type="stmt"/>
        <line num="879" count="0" type="stmt"/>
        <line num="887" count="8" type="stmt"/>
        <line num="888" count="5" type="stmt"/>
        <line num="889" count="5" type="stmt"/>
        <line num="890" count="5" type="stmt"/>
        <line num="891" count="5" type="cond" truecount="4" falsecount="2"/>
        <line num="893" count="5" type="cond" truecount="1" falsecount="0"/>
        <line num="894" count="1" type="stmt"/>
        <line num="896" count="4" type="cond" truecount="0" falsecount="1"/>
        <line num="897" count="0" type="stmt"/>
        <line num="900" count="4" type="stmt"/>
        <line num="901" count="4" type="cond" truecount="0" falsecount="1"/>
        <line num="902" count="0" type="stmt"/>
        <line num="904" count="4" type="cond" truecount="1" falsecount="0"/>
        <line num="905" count="1" type="stmt"/>
        <line num="907" count="3" type="cond" truecount="1" falsecount="0"/>
        <line num="908" count="1" type="stmt"/>
        <line num="920" count="2" type="stmt"/>
        <line num="921" count="2" type="stmt"/>
        <line num="922" count="2" type="cond" truecount="2" falsecount="0"/>
        <line num="926" count="2" type="stmt"/>
        <line num="942" count="2" type="cond" truecount="1" falsecount="0"/>
        <line num="943" count="2" type="stmt"/>
        <line num="944" count="3" type="stmt"/>
        <line num="948" count="2" type="stmt"/>
        <line num="950" count="3" type="stmt"/>
        <line num="956" count="0" type="stmt"/>
        <line num="961" count="2" type="stmt"/>
        <line num="968" count="2" type="stmt"/>
        <line num="969" count="2" type="stmt"/>
        <line num="970" count="3" type="stmt"/>
        <line num="973" count="2" type="stmt"/>
        <line num="984" count="0" type="stmt"/>
        <line num="985" count="0" type="stmt"/>
        <line num="990" count="8" type="stmt"/>
      </file>
    </package>
    <package name="modules.questions.middlewares">
      <metrics statements="20" coveredstatements="19" conditionals="10" coveredconditionals="9" methods="3" coveredmethods="3"/>
      <file name="questionMiddleware.ts" path="/Users/kingsleyeneja/study_projects/my-apps/quickpeek/quickpeek_backend/src/modules/questions/middlewares/questionMiddleware.ts">
        <metrics statements="20" coveredstatements="19" conditionals="10" coveredconditionals="9" methods="3" coveredmethods="3"/>
        <line num="2" count="8" type="stmt"/>
        <line num="3" count="8" type="stmt"/>
        <line num="5" count="8" type="stmt"/>
        <line num="6" count="8" type="stmt"/>
        <line num="8" count="8" type="stmt"/>
        <line num="17" count="8" type="stmt"/>
        <line num="21" count="4" type="stmt"/>
        <line num="22" count="4" type="stmt"/>
        <line num="33" count="4" type="stmt"/>
        <line num="34" count="4" type="cond" truecount="1" falsecount="0"/>
        <line num="35" count="1" type="stmt"/>
        <line num="37" count="3" type="stmt"/>
        <line num="43" count="3" type="cond" truecount="3" falsecount="0"/>
        <line num="46" count="3" type="cond" truecount="1" falsecount="0"/>
        <line num="50" count="1" type="stmt"/>
        <line num="57" count="2" type="stmt"/>
        <line num="61" count="2" type="cond" truecount="0" falsecount="1"/>
        <line num="62" count="0" type="stmt"/>
        <line num="65" count="2" type="stmt"/>
        <line num="66" count="2" type="stmt"/>
      </file>
    </package>
    <package name="modules.requests.controllers">
      <metrics statements="175" coveredstatements="159" conditionals="128" coveredconditionals="105" methods="31" coveredmethods="28"/>
      <file name="requestController.ts" path="/Users/kingsleyeneja/study_projects/my-apps/quickpeek/quickpeek_backend/src/modules/requests/controllers/requestController.ts">
        <metrics statements="175" coveredstatements="159" conditionals="128" coveredconditionals="105" methods="31" coveredmethods="28"/>
        <line num="1" count="8" type="stmt"/>
        <line num="3" count="8" type="stmt"/>
        <line num="4" count="8" type="stmt"/>
        <line num="5" count="8" type="stmt"/>
        <line num="6" count="8" type="stmt"/>
        <line num="10" count="8" type="stmt"/>
        <line num="11" count="8" type="stmt"/>
        <line num="12" count="8" type="stmt"/>
        <line num="13" count="8" type="stmt"/>
        <line num="20" count="8" type="stmt"/>
        <line num="21" count="8" type="stmt"/>
        <line num="23" count="8" type="stmt"/>
        <line num="24" count="4" type="cond" truecount="2" falsecount="0"/>
        <line num="25" count="4" type="stmt"/>
        <line num="29" count="4" type="stmt"/>
        <line num="32" count="8" type="stmt"/>
        <line num="45" count="8" type="stmt"/>
        <line num="46" count="0" type="stmt"/>
        <line num="63" count="8" type="stmt"/>
        <line num="74" count="8" type="stmt"/>
        <line num="87" count="8" type="stmt"/>
        <line num="93" count="8" type="stmt"/>
        <line num="100" count="8" type="stmt"/>
        <line num="109" count="8" type="stmt"/>
        <line num="118" count="8" type="stmt"/>
        <line num="127" count="8" type="stmt"/>
        <line num="149" count="9" type="stmt"/>
        <line num="173" count="8" type="stmt"/>
        <line num="174" count="12" type="stmt"/>
        <line num="185" count="12" type="stmt"/>
        <line num="186" count="12" type="stmt"/>
        <line num="187" count="12" type="stmt"/>
        <line num="188" count="12" type="stmt"/>
        <line num="190" count="12" type="stmt"/>
        <line num="194" count="12" type="cond" truecount="1" falsecount="0"/>
        <line num="195" count="1" type="stmt"/>
        <line num="198" count="11" type="cond" truecount="1" falsecount="0"/>
        <line num="199" count="1" type="stmt"/>
        <line num="202" count="10" type="cond" truecount="1" falsecount="0"/>
        <line num="203" count="2" type="stmt"/>
        <line num="206" count="8" type="stmt"/>
        <line num="207" count="8" type="cond" truecount="1" falsecount="0"/>
        <line num="208" count="1" type="stmt"/>
        <line num="214" count="7" type="stmt"/>
        <line num="217" count="7" type="cond" truecount="1" falsecount="0"/>
        <line num="218" count="1" type="stmt"/>
        <line num="225" count="6" type="cond" truecount="1" falsecount="0"/>
        <line num="230" count="3" type="cond" truecount="5" falsecount="1"/>
        <line num="231" count="3" type="cond" truecount="5" falsecount="1"/>
        <line num="232" count="3" type="cond" truecount="2" falsecount="0"/>
        <line num="234" count="3" type="cond" truecount="1" falsecount="0"/>
        <line num="235" count="1" type="stmt"/>
        <line num="240" count="2" type="stmt"/>
        <line num="241" count="2" type="stmt"/>
        <line num="247" count="2" type="cond" truecount="1" falsecount="0"/>
        <line num="248" count="1" type="stmt"/>
        <line num="256" count="4" type="stmt"/>
        <line num="261" count="4" type="stmt"/>
        <line num="272" count="4" type="stmt"/>
        <line num="286" count="4" type="stmt"/>
        <line num="303" count="4" type="stmt"/>
        <line num="310" count="4" type="stmt"/>
        <line num="312" count="0" type="stmt"/>
        <line num="313" count="0" type="stmt"/>
        <line num="321" count="8" type="stmt"/>
        <line num="322" count="5" type="stmt"/>
        <line num="323" count="5" type="stmt"/>
        <line num="324" count="5" type="stmt"/>
        <line num="326" count="5" type="stmt"/>
        <line num="327" count="5" type="cond" truecount="1" falsecount="0"/>
        <line num="328" count="1" type="stmt"/>
        <line num="330" count="4" type="cond" truecount="1" falsecount="0"/>
        <line num="331" count="1" type="stmt"/>
        <line num="333" count="3" type="cond" truecount="1" falsecount="0"/>
        <line num="334" count="1" type="stmt"/>
        <line num="337" count="2" type="stmt"/>
        <line num="338" count="2" type="stmt"/>
        <line num="343" count="2" type="stmt"/>
        <line num="350" count="2" type="stmt"/>
        <line num="358" count="2" type="stmt"/>
        <line num="363" count="2" type="stmt"/>
        <line num="369" count="2" type="stmt"/>
        <line num="374" count="0" type="stmt"/>
        <line num="375" count="0" type="stmt"/>
        <line num="379" count="8" type="stmt"/>
        <line num="387" count="8" type="stmt"/>
        <line num="388" count="5" type="stmt"/>
        <line num="389" count="5" type="stmt"/>
        <line num="390" count="5" type="stmt"/>
        <line num="392" count="5" type="stmt"/>
        <line num="393" count="5" type="cond" truecount="1" falsecount="0"/>
        <line num="394" count="1" type="stmt"/>
        <line num="397" count="4" type="stmt"/>
        <line num="398" count="4" type="cond" truecount="0" falsecount="1"/>
        <line num="399" count="0" type="stmt"/>
        <line num="401" count="4" type="cond" truecount="1" falsecount="0"/>
        <line num="402" count="1" type="stmt"/>
        <line num="404" count="3" type="cond" truecount="1" falsecount="0"/>
        <line num="405" count="1" type="stmt"/>
        <line num="408" count="2" type="stmt"/>
        <line num="409" count="2" type="stmt"/>
        <line num="410" count="2" type="stmt"/>
        <line num="419" count="2" type="stmt"/>
        <line num="428" count="2" type="stmt"/>
        <line num="431" count="2" type="stmt"/>
        <line num="438" count="2" type="stmt"/>
        <line num="446" count="2" type="stmt"/>
        <line num="452" count="2" type="stmt"/>
        <line num="459" count="2" type="stmt"/>
        <line num="469" count="0" type="stmt"/>
        <line num="470" count="0" type="stmt"/>
        <line num="478" count="8" type="stmt"/>
        <line num="479" count="3" type="stmt"/>
        <line num="480" count="3" type="stmt"/>
        <line num="481" count="3" type="stmt"/>
        <line num="482" count="3" type="cond" truecount="2" falsecount="0"/>
        <line num="484" count="3" type="cond" truecount="2" falsecount="2"/>
        <line num="488" count="3" type="stmt"/>
        <line num="494" count="3" type="stmt"/>
        <line num="505" count="7" type="stmt"/>
        <line num="506" count="3" type="stmt"/>
        <line num="507" count="5" type="stmt"/>
        <line num="509" count="3" type="stmt"/>
        <line num="510" count="5" type="stmt"/>
        <line num="513" count="3" type="stmt"/>
        <line num="514" count="7" type="stmt"/>
        <line num="515" count="7" type="stmt"/>
        <line num="530" count="3" type="stmt"/>
        <line num="535" count="0" type="stmt"/>
        <line num="536" count="0" type="stmt"/>
        <line num="544" count="8" type="stmt"/>
        <line num="545" count="1" type="stmt"/>
        <line num="546" count="1" type="stmt"/>
        <line num="547" count="1" type="stmt"/>
        <line num="549" count="1" type="cond" truecount="2" falsecount="2"/>
        <line num="553" count="1" type="stmt"/>
        <line num="558" count="1" type="stmt"/>
        <line num="569" count="1" type="stmt"/>
        <line num="570" count="2" type="stmt"/>
        <line num="581" count="1" type="stmt"/>
        <line num="586" count="0" type="stmt"/>
        <line num="587" count="0" type="stmt"/>
        <line num="596" count="8" type="stmt"/>
        <line num="597" count="2" type="stmt"/>
        <line num="598" count="2" type="stmt"/>
        <line num="600" count="2" type="stmt"/>
        <line num="631" count="2" type="stmt"/>
        <line num="633" count="2" type="cond" truecount="1" falsecount="1"/>
        <line num="645" count="2" type="stmt"/>
        <line num="647" count="2" type="stmt"/>
        <line num="648" count="2" type="stmt"/>
        <line num="649" count="2" type="cond" truecount="2" falsecount="0"/>
        <line num="650" count="2" type="cond" truecount="4" falsecount="0"/>
        <line num="651" count="2" type="cond" truecount="4" falsecount="0"/>
        <line num="652" count="2" type="cond" truecount="12" falsecount="0"/>
        <line num="654" count="2" type="stmt"/>
        <line num="680" count="2" type="stmt"/>
        <line num="682" count="2" type="stmt"/>
        <line num="684" count="2" type="stmt"/>
        <line num="689" count="0" type="stmt"/>
        <line num="690" count="0" type="stmt"/>
        <line num="698" count="8" type="stmt"/>
        <line num="699" count="3" type="stmt"/>
        <line num="700" count="3" type="stmt"/>
        <line num="701" count="3" type="stmt"/>
        <line num="703" count="3" type="stmt"/>
        <line num="704" count="3" type="cond" truecount="1" falsecount="0"/>
        <line num="705" count="1" type="stmt"/>
        <line num="707" count="2" type="cond" truecount="3" falsecount="0"/>
        <line num="708" count="1" type="stmt"/>
        <line num="711" count="1" type="cond" truecount="1" falsecount="1"/>
        <line num="712" count="1" type="stmt"/>
        <line num="717" count="1" type="stmt"/>
        <line num="745" count="0" type="stmt"/>
        <line num="746" count="0" type="stmt"/>
      </file>
    </package>
    <package name="modules.reviews.controllers">
      <metrics statements="59" coveredstatements="52" conditionals="55" coveredconditionals="54" methods="11" coveredmethods="9"/>
      <file name="reviewController.ts" path="/Users/kingsleyeneja/study_projects/my-apps/quickpeek/quickpeek_backend/src/modules/reviews/controllers/reviewController.ts">
        <metrics statements="59" coveredstatements="52" conditionals="55" coveredconditionals="54" methods="11" coveredmethods="9"/>
        <line num="1" count="8" type="stmt"/>
        <line num="3" count="8" type="stmt"/>
        <line num="4" count="8" type="stmt"/>
        <line num="11" count="8" type="stmt"/>
        <line num="15" count="17" type="stmt"/>
        <line num="16" count="17" type="stmt"/>
        <line num="25" count="8" type="stmt"/>
        <line num="29" count="17" type="cond" truecount="0" falsecount="1"/>
        <line num="30" count="0" type="stmt"/>
        <line num="32" count="17" type="cond" truecount="3" falsecount="0"/>
        <line num="33" count="2" type="stmt"/>
        <line num="35" count="15" type="stmt"/>
        <line num="43" count="8" type="stmt"/>
        <line num="44" count="7" type="stmt"/>
        <line num="45" count="7" type="stmt"/>
        <line num="46" count="7" type="stmt"/>
        <line num="48" count="7" type="stmt"/>
        <line num="49" count="7" type="stmt"/>
        <line num="50" count="7" type="cond" truecount="1" falsecount="0"/>
        <line num="51" count="1" type="stmt"/>
        <line num="54" count="6" type="stmt"/>
        <line num="55" count="6" type="stmt"/>
        <line num="56" count="6" type="cond" truecount="2" falsecount="0"/>
        <line num="57" count="6" type="cond" truecount="2" falsecount="0"/>
        <line num="58" count="6" type="stmt"/>
        <line num="60" count="6" type="stmt"/>
        <line num="64" count="6" type="stmt"/>
        <line num="80" count="0" type="stmt"/>
        <line num="81" count="0" type="stmt"/>
        <line num="90" count="10" type="stmt"/>
        <line num="91" count="10" type="stmt"/>
        <line num="92" count="10" type="stmt"/>
        <line num="93" count="10" type="stmt"/>
        <line num="94" count="10" type="stmt"/>
        <line num="96" count="10" type="stmt"/>
        <line num="97" count="10" type="stmt"/>
        <line num="98" count="10" type="cond" truecount="1" falsecount="0"/>
        <line num="99" count="1" type="stmt"/>
        <line num="102" count="9" type="cond" truecount="1" falsecount="0"/>
        <line num="103" count="1" type="stmt"/>
        <line num="106" count="8" type="cond" truecount="1" falsecount="0"/>
        <line num="107" count="1" type="stmt"/>
        <line num="110" count="7" type="stmt"/>
        <line num="111" count="7" type="cond" truecount="2" falsecount="0"/>
        <line num="112" count="7" type="cond" truecount="2" falsecount="0"/>
        <line num="114" count="7" type="stmt"/>
        <line num="131" count="7" type="stmt"/>
        <line num="133" count="7" type="stmt"/>
        <line num="144" count="0" type="stmt"/>
        <line num="145" count="0" type="stmt"/>
        <line num="153" count="8" type="stmt"/>
        <line num="154" count="2" type="stmt"/>
        <line num="155" count="2" type="stmt"/>
        <line num="156" count="2" type="stmt"/>
        <line num="158" count="2" type="stmt"/>
        <line num="162" count="2" type="stmt"/>
        <line num="175" count="0" type="stmt"/>
        <line num="176" count="0" type="stmt"/>
        <line num="180" count="8" type="stmt"/>
      </file>
    </package>
    <package name="modules.reviews.middlewares">
      <metrics statements="7" coveredstatements="7" conditionals="1" coveredconditionals="1" methods="1" coveredmethods="1"/>
      <file name="reviewMiddleware.ts" path="/Users/kingsleyeneja/study_projects/my-apps/quickpeek/quickpeek_backend/src/modules/reviews/middlewares/reviewMiddleware.ts">
        <metrics statements="7" coveredstatements="7" conditionals="1" coveredconditionals="1" methods="1" coveredmethods="1"/>
        <line num="1" count="8" type="stmt"/>
        <line num="4" count="8" type="stmt"/>
        <line num="5" count="11" type="stmt"/>
        <line num="9" count="11" type="stmt"/>
        <line num="10" count="11" type="cond" truecount="1" falsecount="0"/>
        <line num="11" count="1" type="stmt"/>
        <line num="13" count="10" type="stmt"/>
      </file>
    </package>
    <package name="modules.users.controllers">
      <metrics statements="101" coveredstatements="46" conditionals="59" coveredconditionals="15" methods="14" coveredmethods="4"/>
      <file name="userController.ts" path="/Users/kingsleyeneja/study_projects/my-apps/quickpeek/quickpeek_backend/src/modules/users/controllers/userController.ts">
        <metrics statements="101" coveredstatements="46" conditionals="59" coveredconditionals="15" methods="14" coveredmethods="4"/>
        <line num="1" count="8" type="stmt"/>
        <line num="3" count="8" type="stmt"/>
        <line num="4" count="8" type="stmt"/>
        <line num="5" count="8" type="stmt"/>
        <line num="6" count="8" type="stmt"/>
        <line num="7" count="8" type="stmt"/>
        <line num="8" count="8" type="stmt"/>
        <line num="12" count="8" type="stmt"/>
        <line num="13" count="8" type="stmt"/>
        <line num="15" count="8" type="stmt"/>
        <line num="16" count="8" type="stmt"/>
        <line num="17" count="8" type="stmt"/>
        <line num="19" count="8" type="stmt"/>
        <line num="24" count="8" type="stmt"/>
        <line num="25" count="3" type="stmt"/>
        <line num="26" count="3" type="stmt"/>
        <line num="27" count="3" type="stmt"/>
        <line num="29" count="3" type="stmt"/>
        <line num="37" count="1" type="stmt"/>
        <line num="38" count="1" type="stmt"/>
        <line num="43" count="2" type="stmt"/>
        <line num="44" count="2" type="cond" truecount="1" falsecount="0"/>
        <line num="45" count="2" type="cond" truecount="1" falsecount="0"/>
        <line num="46" count="2" type="cond" truecount="3" falsecount="1"/>
        <line num="48" count="2" type="stmt"/>
        <line num="49" count="2" type="cond" truecount="4" falsecount="0"/>
        <line num="50" count="1" type="stmt"/>
        <line num="51" count="1" type="stmt"/>
        <line num="52" count="1" type="cond" truecount="3" falsecount="0"/>
        <line num="53" count="1" type="stmt"/>
        <line num="54" count="1" type="stmt"/>
        <line num="57" count="2" type="stmt"/>
        <line num="61" count="0" type="stmt"/>
        <line num="65" count="8" type="stmt"/>
        <line num="66" count="3" type="stmt"/>
        <line num="69" count="3" type="stmt"/>
        <line num="70" count="3" type="stmt"/>
        <line num="82" count="3" type="cond" truecount="3" falsecount="0"/>
        <line num="83" count="2" type="stmt"/>
        <line num="86" count="1" type="stmt"/>
        <line num="87" count="1" type="stmt"/>
        <line num="95" count="1" type="stmt"/>
        <line num="96" count="1" type="stmt"/>
        <line num="98" count="0" type="stmt"/>
        <line num="106" count="8" type="stmt"/>
        <line num="107" count="0" type="stmt"/>
        <line num="108" count="0" type="stmt"/>
        <line num="109" count="0" type="stmt"/>
        <line num="116" count="0" type="cond" truecount="0" falsecount="1"/>
        <line num="117" count="0" type="stmt"/>
        <line num="120" count="0" type="stmt"/>
        <line num="125" count="0" type="stmt"/>
        <line num="126" count="0" type="stmt"/>
        <line num="135" count="0" type="stmt"/>
        <line num="136" count="0" type="stmt"/>
        <line num="145" count="8" type="stmt"/>
        <line num="146" count="0" type="stmt"/>
        <line num="147" count="0" type="stmt"/>
        <line num="148" count="0" type="stmt"/>
        <line num="150" count="0" type="stmt"/>
        <line num="165" count="0" type="stmt"/>
        <line num="169" count="0" type="stmt"/>
        <line num="171" count="0" type="stmt"/>
        <line num="180" count="0" type="cond" truecount="0" falsecount="3"/>
        <line num="182" count="0" type="cond" truecount="0" falsecount="4"/>
        <line num="183" count="0" type="stmt"/>
        <line num="184" count="0" type="cond" truecount="0" falsecount="3"/>
        <line num="185" count="0" type="stmt"/>
        <line num="187" count="0" type="stmt"/>
        <line num="189" count="0" type="stmt"/>
        <line num="190" count="0" type="stmt"/>
        <line num="198" count="8" type="stmt"/>
        <line num="199" count="0" type="stmt"/>
        <line num="200" count="0" type="stmt"/>
        <line num="201" count="0" type="stmt"/>
        <line num="203" count="0" type="cond" truecount="0" falsecount="1"/>
        <line num="204" count="0" type="stmt"/>
        <line num="208" count="0" type="stmt"/>
        <line num="209" count="0" type="stmt"/>
        <line num="211" count="0" type="stmt"/>
        <line num="212" count="0" type="cond" truecount="0" falsecount="6"/>
        <line num="215" count="0" type="stmt"/>
        <line num="223" count="0" type="stmt"/>
        <line num="227" count="0" type="stmt"/>
        <line num="229" count="0" type="stmt"/>
        <line num="238" count="0" type="stmt"/>
        <line num="239" count="0" type="stmt"/>
        <line num="247" count="8" type="stmt"/>
        <line num="248" count="0" type="stmt"/>
        <line num="249" count="0" type="stmt"/>
        <line num="250" count="0" type="cond" truecount="0" falsecount="2"/>
        <line num="251" count="0" type="cond" truecount="0" falsecount="2"/>
        <line num="252" count="0" type="stmt"/>
        <line num="254" count="0" type="stmt"/>
        <line num="265" count="0" type="cond" truecount="0" falsecount="1"/>
        <line num="266" count="0" type="stmt"/>
        <line num="270" count="0" type="stmt"/>
        <line num="291" count="0" type="stmt"/>
        <line num="299" count="0" type="stmt"/>
        <line num="322" count="0" type="stmt"/>
        <line num="323" count="0" type="stmt"/>
      </file>
    </package>
    <package name="modules.users.middlewares">
      <metrics statements="19" coveredstatements="14" conditionals="3" coveredconditionals="2" methods="3" coveredmethods="2"/>
      <file name="userMiddleware.ts" path="/Users/kingsleyeneja/study_projects/my-apps/quickpeek/quickpeek_backend/src/modules/users/middlewares/userMiddleware.ts">
        <metrics statements="19" coveredstatements="14" conditionals="3" coveredconditionals="2" methods="3" coveredmethods="2"/>
        <line num="2" count="8" type="stmt"/>
        <line num="4" count="8" type="stmt"/>
        <line num="5" count="9" type="stmt"/>
        <line num="22" count="9" type="stmt"/>
        <line num="23" count="9" type="cond" truecount="1" falsecount="0"/>
        <line num="25" count="3" type="stmt"/>
        <line num="29" count="3" type="stmt"/>
        <line num="32" count="8" type="stmt"/>
        <line num="33" count="7" type="stmt"/>
        <line num="46" count="7" type="stmt"/>
        <line num="47" count="7" type="cond" truecount="1" falsecount="0"/>
        <line num="49" count="3" type="stmt"/>
        <line num="50" count="3" type="stmt"/>
        <line num="53" count="8" type="stmt"/>
        <line num="54" count="0" type="stmt"/>
        <line num="62" count="0" type="stmt"/>
        <line num="63" count="0" type="cond" truecount="0" falsecount="1"/>
        <line num="65" count="0" type="stmt"/>
        <line num="66" count="0" type="stmt"/>
      </file>
    </package>
  </project>
</coverage>
