{"/Users/kingsleyeneja/study_projects/my-apps/quickpeek/quickpeek_backend/src/common/utils/cache.ts": {"path":"/Users/kingsleyeneja/study_projects/my-apps/quickpeek/quickpeek_backend/src/common/utils/cache.ts","statementMap":{"0":{"start":{"line":7,"column":0},"end":{"line":7,"column":16}},"1":{"start":{"line":13,"column":0},"end":{"line":13,"column":22}},"2":{"start":{"line":24,"column":0},"end":{"line":24,"column":22}},"3":{"start":{"line":39,"column":0},"end":{"line":39,"column":22}},"4":{"start":{"line":1,"column":0},"end":{"line":1,"column":50}},"5":{"start":{"line":3,"column":33},"end":{"line":3,"column":39}},"6":{"start":{"line":5,"column":24},"end":{"line":5,"column":25}},"7":{"start":{"line":8,"column":15},"end":{"line":8,"column":51}},"8":{"start":{"line":9,"column":15},"end":{"line":9,"column":51}},"9":{"start":{"line":10,"column":2},"end":{"line":10,"column":57}},"10":{"start":{"line":14,"column":2},"end":{"line":21,"column":3}},"11":{"start":{"line":15,"column":19},"end":{"line":15,"column":45}},"12":{"start":{"line":16,"column":4},"end":{"line":16,"column":29}},"13":{"start":{"line":16,"column":17},"end":{"line":16,"column":29}},"14":{"start":{"line":17,"column":4},"end":{"line":17,"column":35}},"15":{"start":{"line":19,"column":4},"end":{"line":19,"column":70}},"16":{"start":{"line":20,"column":4},"end":{"line":20,"column":16}},"17":{"start":{"line":25,"column":2},"end":{"line":30,"column":3}},"18":{"start":{"line":26,"column":4},"end":{"line":26,"column":85}},"19":{"start":{"line":29,"column":4},"end":{"line":29,"column":71}},"20":{"start":{"line":40,"column":2},"end":{"line":57,"column":3}},"21":{"start":{"line":41,"column":17},"end":{"line":41,"column":20}},"22":{"start":{"line":42,"column":4},"end":{"line":54,"column":29}},"23":{"start":{"line":43,"column":27},"end":{"line":48,"column":null}},"24":{"start":{"line":50,"column":6},"end":{"line":50,"column":20}},"25":{"start":{"line":51,"column":6},"end":{"line":53,"column":7}},"26":{"start":{"line":52,"column":8},"end":{"line":52,"column":39}},"27":{"start":{"line":56,"column":4},"end":{"line":56,"column":64}}},"fnMap":{"0":{"name":"nearbyCacheKey","decl":{"start":{"line":7,"column":16},"end":{"line":7,"column":30}},"loc":{"start":{"line":7,"column":75},"end":{"line":11,"column":1}}},"1":{"name":"getCachedNearbyQuestions","decl":{"start":{"line":13,"column":22},"end":{"line":13,"column":46}},"loc":{"start":{"line":13,"column":61},"end":{"line":22,"column":null}}},"2":{"name":"setCachedNearbyQuestions","decl":{"start":{"line":24,"column":22},"end":{"line":24,"column":46}},"loc":{"start":{"line":24,"column":73},"end":{"line":31,"column":null}}},"3":{"name":"invalidateNearbyQuestionsCache","decl":{"start":{"line":39,"column":22},"end":{"line":39,"column":52}},"loc":{"start":{"line":39,"column":52},"end":{"line":58,"column":null}}}},"branchMap":{"0":{"loc":{"start":{"line":16,"column":4},"end":{"line":16,"column":29}},"type":"if","locations":[{"start":{"line":16,"column":4},"end":{"line":16,"column":29}}]},"1":{"loc":{"start":{"line":51,"column":6},"end":{"line":53,"column":7}},"type":"if","locations":[{"start":{"line":51,"column":6},"end":{"line":53,"column":7}}]}},"s":{"0":8,"1":8,"2":8,"3":8,"4":8,"5":8,"6":8,"7":0,"8":0,"9":0,"10":3,"11":3,"12":3,"13":2,"14":1,"15":0,"16":0,"17":2,"18":2,"19":0,"20":3,"21":3,"22":3,"23":3,"24":3,"25":3,"26":0,"27":0},"f":{"0":0,"1":3,"2":2,"3":3},"b":{"0":[2],"1":[0]}}
,"/Users/kingsleyeneja/study_projects/my-apps/quickpeek/quickpeek_backend/src/common/utils/geo.utils.ts": {"path":"/Users/kingsleyeneja/study_projects/my-apps/quickpeek/quickpeek_backend/src/common/utils/geo.utils.ts","statementMap":{"0":{"start":{"line":5,"column":0},"end":{"line":5,"column":16}},"1":{"start":{"line":2,"column":2},"end":{"line":2,"column":35}},"2":{"start":{"line":11,"column":12},"end":{"line":11,"column":16}},"3":{"start":{"line":12,"column":15},"end":{"line":12,"column":37}},"4":{"start":{"line":13,"column":15},"end":{"line":13,"column":37}},"5":{"start":{"line":15,"column":12},"end":{"line":17,"column":43}},"6":{"start":{"line":19,"column":12},"end":{"line":19,"column":58}},"7":{"start":{"line":20,"column":19},"end":{"line":20,"column":24}},"8":{"start":{"line":22,"column":2},"end":{"line":22,"column":18}}},"fnMap":{"0":{"name":"toRadians","decl":{"start":{"line":1,"column":9},"end":{"line":1,"column":18}},"loc":{"start":{"line":1,"column":34},"end":{"line":3,"column":1}}},"1":{"name":"calculateHaversineDistance","decl":{"start":{"line":5,"column":16},"end":{"line":5,"column":42}},"loc":{"start":{"line":9,"column":14},"end":{"line":23,"column":1}}}},"branchMap":{},"s":{"0":9,"1":232,"2":58,"3":58,"4":58,"5":58,"6":58,"7":58,"8":58},"f":{"0":232,"1":58},"b":{}}
,"/Users/kingsleyeneja/study_projects/my-apps/quickpeek/quickpeek_backend/src/common/utils/jwt.utils.ts": {"path":"/Users/kingsleyeneja/study_projects/my-apps/quickpeek/quickpeek_backend/src/common/utils/jwt.utils.ts","statementMap":{"0":{"start":{"line":1,"column":0},"end":{"line":1,"column":31}},"1":{"start":{"line":6,"column":19},"end":{"line":6,"column":62}},"2":{"start":{"line":8,"column":27},"end":{"line":14,"column":1}},"3":{"start":{"line":9,"column":2},"end":{"line":13,"column":3}},"4":{"start":{"line":10,"column":4},"end":{"line":10,"column":57}},"5":{"start":{"line":12,"column":4},"end":{"line":12,"column":16}},"6":{"start":{"line":8,"column":13},"end":{"line":8,"column":27}}},"fnMap":{"0":{"name":"(anonymous_1)","decl":{"start":{"line":8,"column":27},"end":{"line":8,"column":28}},"loc":{"start":{"line":8,"column":66},"end":{"line":14,"column":1}}}},"branchMap":{"0":{"loc":{"start":{"line":6,"column":19},"end":{"line":6,"column":62}},"type":"binary-expr","locations":[{"start":{"line":6,"column":19},"end":{"line":6,"column":41}},{"start":{"line":6,"column":45},"end":{"line":6,"column":62}}]}},"s":{"0":9,"1":9,"2":9,"3":211,"4":211,"5":0,"6":9},"f":{"0":211},"b":{"0":[9,0]}}
,"/Users/kingsleyeneja/study_projects/my-apps/quickpeek/quickpeek_backend/src/common/utils/locationScope.utils.ts": {"path":"/Users/kingsleyeneja/study_projects/my-apps/quickpeek/quickpeek_backend/src/common/utils/locationScope.utils.ts","statementMap":{"0":{"start":{"line":2,"column":0},"end":{"line":2,"column":74}},"1":{"start":{"line":3,"column":0},"end":{"line":3,"column":57}},"2":{"start":{"line":9,"column":13},"end":{"line":15,"column":2}},"3":{"start":{"line":17,"column":32},"end":{"line":21,"column":2}},"4":{"start":{"line":17,"column":87},"end":{"line":21,"column":2}},"5":{"start":{"line":18,"column":14},"end":{"line":18,"column":37}},"6":{"start":{"line":19,"column":2},"end":{"line":19,"column":24}},"7":{"start":{"line":19,"column":12},"end":{"line":19,"column":24}},"8":{"start":{"line":20,"column":2},"end":{"line":20,"column":35}},"9":{"start":{"line":17,"column":13},"end":{"line":17,"column":32}},"10":{"start":{"line":36,"column":29},"end":{"line":69,"column":2}},"11":{"start":{"line":42,"column":32},"end":{"line":69,"column":2}},"12":{"start":{"line":43,"column":2},"end":{"line":45,"column":3}},"13":{"start":{"line":44,"column":4},"end":{"line":44,"column":72}},"14":{"start":{"line":47,"column":19},"end":{"line":47,"column":53}},"15":{"start":{"line":49,"column":2},"end":{"line":51,"column":3}},"16":{"start":{"line":50,"column":4},"end":{"line":50,"column":66}},"17":{"start":{"line":53,"column":2},"end":{"line":55,"column":3}},"18":{"start":{"line":54,"column":4},"end":{"line":54,"column":83}},"19":{"start":{"line":57,"column":21},"end":{"line":61,"column":null}},"20":{"start":{"line":64,"column":2},"end":{"line":66,"column":3}},"21":{"start":{"line":65,"column":4},"end":{"line":65,"column":73}},"22":{"start":{"line":68,"column":2},"end":{"line":68,"column":58}},"23":{"start":{"line":36,"column":13},"end":{"line":36,"column":29}}},"fnMap":{"0":{"name":"(anonymous_7)","decl":{"start":{"line":17,"column":32},"end":{"line":17,"column":39}},"loc":{"start":{"line":17,"column":87},"end":{"line":21,"column":2}}},"1":{"name":"(anonymous_8)","decl":{"start":{"line":17,"column":87},"end":{"line":17,"column":null}},"loc":{"start":{"line":17,"column":87},"end":{"line":21,"column":1}}},"2":{"name":"(anonymous_9)","decl":{"start":{"line":36,"column":29},"end":{"line":36,"column":36}},"loc":{"start":{"line":42,"column":32},"end":{"line":69,"column":2}}},"3":{"name":"(anonymous_10)","decl":{"start":{"line":42,"column":32},"end":{"line":42,"column":null}},"loc":{"start":{"line":42,"column":32},"end":{"line":69,"column":1}}}},"branchMap":{"0":{"loc":{"start":{"line":19,"column":2},"end":{"line":19,"column":24}},"type":"if","locations":[{"start":{"line":19,"column":2},"end":{"line":19,"column":24}}]},"1":{"loc":{"start":{"line":43,"column":2},"end":{"line":45,"column":3}},"type":"if","locations":[{"start":{"line":43,"column":2},"end":{"line":45,"column":3}}]},"2":{"loc":{"start":{"line":49,"column":2},"end":{"line":51,"column":3}},"type":"if","locations":[{"start":{"line":49,"column":2},"end":{"line":51,"column":3}}]},"3":{"loc":{"start":{"line":49,"column":6},"end":{"line":49,"column":58}},"type":"binary-expr","locations":[{"start":{"line":49,"column":6},"end":{"line":49,"column":30}},{"start":{"line":49,"column":34},"end":{"line":49,"column":58}}]},"4":{"loc":{"start":{"line":53,"column":2},"end":{"line":55,"column":3}},"type":"if","locations":[{"start":{"line":53,"column":2},"end":{"line":55,"column":3}}]},"5":{"loc":{"start":{"line":53,"column":6},"end":{"line":53,"column":54}},"type":"binary-expr","locations":[{"start":{"line":53,"column":6},"end":{"line":53,"column":28}},{"start":{"line":53,"column":32},"end":{"line":53,"column":54}}]},"6":{"loc":{"start":{"line":64,"column":2},"end":{"line":66,"column":3}},"type":"if","locations":[{"start":{"line":64,"column":2},"end":{"line":66,"column":3}}]},"7":{"loc":{"start":{"line":64,"column":6},"end":{"line":64,"column":47}},"type":"binary-expr","locations":[{"start":{"line":64,"column":6},"end":{"line":64,"column":22}},{"start":{"line":64,"column":26},"end":{"line":64,"column":47}}]}},"s":{"0":9,"1":9,"2":9,"3":9,"4":54,"5":54,"6":54,"7":1,"8":53,"9":9,"10":9,"11":109,"12":109,"13":61,"14":48,"15":48,"16":1,"17":47,"18":13,"19":34,"20":34,"21":12,"22":22,"23":9},"f":{"0":54,"1":54,"2":109,"3":109},"b":{"0":[1],"1":[61],"2":[1],"3":[48,47],"4":[13],"5":[47,34],"6":[12],"7":[34,34]}}
,"/Users/kingsleyeneja/study_projects/my-apps/quickpeek/quickpeek_backend/src/common/utils/messages.utils.ts": {"path":"/Users/kingsleyeneja/study_projects/my-apps/quickpeek/quickpeek_backend/src/common/utils/messages.utils.ts","statementMap":{"0":{"start":{"line":1,"column":0},"end":{"line":1,"column":45}},"1":{"start":{"line":2,"column":0},"end":{"line":2,"column":55}},"2":{"start":{"line":3,"column":0},"end":{"line":3,"column":61}},"3":{"start":{"line":24,"column":36},"end":{"line":41,"column":3}},"4":{"start":{"line":24,"column":70},"end":{"line":41,"column":3}},"5":{"start":{"line":24,"column":13},"end":{"line":24,"column":36}},"6":{"start":{"line":49,"column":35},"end":{"line":77,"column":2}},"7":{"start":{"line":56,"column":5},"end":{"line":77,"column":2}},"8":{"start":{"line":57,"column":18},"end":{"line":66,"column":4}},"9":{"start":{"line":68,"column":18},"end":{"line":68,"column":47}},"10":{"start":{"line":70,"column":4},"end":{"line":71,"column":56}},"11":{"start":{"line":72,"column":2},"end":{"line":74,"column":3}},"12":{"start":{"line":73,"column":4},"end":{"line":73,"column":52}},"13":{"start":{"line":76,"column":2},"end":{"line":76,"column":17}},"14":{"start":{"line":49,"column":13},"end":{"line":49,"column":35}},"15":{"start":{"line":83,"column":33},"end":{"line":107,"column":2}},"16":{"start":{"line":89,"column":5},"end":{"line":107,"column":2}},"17":{"start":{"line":90,"column":18},"end":{"line":99,"column":4}},"18":{"start":{"line":101,"column":18},"end":{"line":101,"column":47}},"19":{"start":{"line":102,"column":2},"end":{"line":104,"column":3}},"20":{"start":{"line":103,"column":4},"end":{"line":103,"column":52}},"21":{"start":{"line":106,"column":2},"end":{"line":106,"column":17}},"22":{"start":{"line":83,"column":13},"end":{"line":83,"column":33}},"23":{"start":{"line":121,"column":42},"end":{"line":142,"column":1}},"24":{"start":{"line":122,"column":26},"end":{"line":122,"column":28}},"25":{"start":{"line":124,"column":18},"end":{"line":124,"column":42}},"26":{"start":{"line":125,"column":2},"end":{"line":129,"column":3}},"27":{"start":{"line":126,"column":4},"end":{"line":126,"column":39}},"28":{"start":{"line":127,"column":9},"end":{"line":129,"column":3}},"29":{"start":{"line":128,"column":4},"end":{"line":128,"column":72}},"30":{"start":{"line":131,"column":17},"end":{"line":131,"column":40}},"31":{"start":{"line":132,"column":2},"end":{"line":134,"column":3}},"32":{"start":{"line":133,"column":4},"end":{"line":133,"column":23}},"33":{"start":{"line":136,"column":19},"end":{"line":136,"column":54}},"34":{"start":{"line":137,"column":2},"end":{"line":139,"column":3}},"35":{"start":{"line":138,"column":4},"end":{"line":138,"column":51}},"36":{"start":{"line":141,"column":2},"end":{"line":141,"column":15}},"37":{"start":{"line":121,"column":13},"end":{"line":121,"column":42}},"38":{"start":{"line":149,"column":46},"end":{"line":172,"column":2}},"39":{"start":{"line":155,"column":5},"end":{"line":172,"column":2}},"40":{"start":{"line":156,"column":16},"end":{"line":156,"column":57}},"41":{"start":{"line":157,"column":23},"end":{"line":157,"column":60}},"42":{"start":{"line":158,"column":19},"end":{"line":158,"column":21}},"43":{"start":{"line":160,"column":2},"end":{"line":169,"column":3}},"44":{"start":{"line":161,"column":20},"end":{"line":167,"column":6}},"45":{"start":{"line":168,"column":4},"end":{"line":168,"column":27}},"46":{"start":{"line":171,"column":2},"end":{"line":171,"column":18}},"47":{"start":{"line":149,"column":13},"end":{"line":149,"column":46}}},"fnMap":{"0":{"name":"(anonymous_8)","decl":{"start":{"line":24,"column":36},"end":{"line":24,"column":37}},"loc":{"start":{"line":24,"column":69},"end":{"line":41,"column":3}}},"1":{"name":"(anonymous_9)","decl":{"start":{"line":49,"column":35},"end":{"line":49,"column":42}},"loc":{"start":{"line":56,"column":5},"end":{"line":77,"column":2}}},"2":{"name":"(anonymous_10)","decl":{"start":{"line":56,"column":5},"end":{"line":56,"column":null}},"loc":{"start":{"line":56,"column":5},"end":{"line":77,"column":1}}},"3":{"name":"(anonymous_11)","decl":{"start":{"line":83,"column":33},"end":{"line":83,"column":40}},"loc":{"start":{"line":89,"column":5},"end":{"line":107,"column":2}}},"4":{"name":"(anonymous_12)","decl":{"start":{"line":89,"column":5},"end":{"line":89,"column":null}},"loc":{"start":{"line":89,"column":5},"end":{"line":107,"column":1}}},"5":{"name":"(anonymous_13)","decl":{"start":{"line":121,"column":42},"end":{"line":121,"column":43}},"loc":{"start":{"line":121,"column":88},"end":{"line":142,"column":1}}},"6":{"name":"(anonymous_14)","decl":{"start":{"line":149,"column":46},"end":{"line":149,"column":53}},"loc":{"start":{"line":155,"column":5},"end":{"line":172,"column":2}}},"7":{"name":"(anonymous_15)","decl":{"start":{"line":155,"column":5},"end":{"line":155,"column":null}},"loc":{"start":{"line":155,"column":5},"end":{"line":172,"column":1}}}},"branchMap":{"0":{"loc":{"start":{"line":33,"column":10},"end":{"line":33,"column":47}},"type":"cond-expr","locations":[{"start":{"line":33,"column":39},"end":{"line":33,"column":43}},{"start":{"line":33,"column":43},"end":{"line":33,"column":47}}]},"1":{"loc":{"start":{"line":33,"column":10},"end":{"line":33,"column":43}},"type":"binary-expr","locations":[{"start":{"line":33,"column":10},"end":{"line":33,"column":43}},{"start":{"line":33,"column":39},"end":{"line":33,"column":43}}]},"2":{"loc":{"start":{"line":33,"column":10},"end":{"line":33,"column":39}},"type":"cond-expr","locations":[{"start":{"line":33,"column":24},"end":{"line":33,"column":26}},{"start":{"line":33,"column":24},"end":{"line":33,"column":39}}]},"3":{"loc":{"start":{"line":33,"column":10},"end":{"line":33,"column":26}},"type":"binary-expr","locations":[{"start":{"line":33,"column":10},"end":{"line":33,"column":26}},{"start":{"line":33,"column":24},"end":{"line":33,"column":26}}]},"4":{"loc":{"start":{"line":34,"column":11},"end":{"line":40,"column":10}},"type":"cond-expr","locations":[{"start":{"line":35,"column":6},"end":{"line":39,"column":null}},{"start":{"line":40,"column":6},"end":{"line":40,"column":10}}]},"5":{"loc":{"start":{"line":64,"column":23},"end":{"line":64,"column":51}},"type":"cond-expr","locations":[{"start":{"line":64,"column":43},"end":{"line":64,"column":47}},{"start":{"line":64,"column":47},"end":{"line":64,"column":51}}]},"6":{"loc":{"start":{"line":64,"column":23},"end":{"line":64,"column":47}},"type":"binary-expr","locations":[{"start":{"line":64,"column":23},"end":{"line":64,"column":47}},{"start":{"line":64,"column":43},"end":{"line":64,"column":47}}]},"7":{"loc":{"start":{"line":70,"column":4},"end":{"line":71,"column":56}},"type":"cond-expr","locations":[{"start":{"line":70,"column":21},"end":{"line":70,"column":null}},{"start":{"line":71,"column":5},"end":{"line":71,"column":55}}]},"8":{"loc":{"start":{"line":70,"column":4},"end":{"line":70,"column":null}},"type":"binary-expr","locations":[{"start":{"line":70,"column":4},"end":{"line":70,"column":null}},{"start":{"line":70,"column":21},"end":{"line":70,"column":null}}]},"9":{"loc":{"start":{"line":71,"column":5},"end":{"line":71,"column":55}},"type":"cond-expr","locations":[{"start":{"line":71,"column":28},"end":{"line":71,"column":50}},{"start":{"line":71,"column":53},"end":{"line":71,"column":55}}]},"10":{"loc":{"start":{"line":124,"column":18},"end":{"line":124,"column":42}},"type":"cond-expr","locations":[{"start":{"line":124,"column":34},"end":{"line":124,"column":36}},{"start":{"line":124,"column":34},"end":{"line":124,"column":42}}]},"11":{"loc":{"start":{"line":124,"column":18},"end":{"line":124,"column":36}},"type":"binary-expr","locations":[{"start":{"line":124,"column":18},"end":{"line":124,"column":36}},{"start":{"line":124,"column":34},"end":{"line":124,"column":36}}]},"12":{"loc":{"start":{"line":125,"column":2},"end":{"line":129,"column":3}},"type":"if","locations":[{"start":{"line":125,"column":2},"end":{"line":129,"column":3}},{"start":{"line":127,"column":9},"end":{"line":129,"column":3}}]},"13":{"loc":{"start":{"line":127,"column":9},"end":{"line":129,"column":3}},"type":"if","locations":[{"start":{"line":127,"column":9},"end":{"line":129,"column":3}}]},"14":{"loc":{"start":{"line":127,"column":13},"end":{"line":127,"column":68}},"type":"binary-expr","locations":[{"start":{"line":127,"column":13},"end":{"line":127,"column":38}},{"start":{"line":127,"column":42},"end":{"line":127,"column":68}}]},"15":{"loc":{"start":{"line":131,"column":17},"end":{"line":131,"column":40}},"type":"cond-expr","locations":[{"start":{"line":131,"column":32},"end":{"line":131,"column":34}},{"start":{"line":131,"column":32},"end":{"line":131,"column":40}}]},"16":{"loc":{"start":{"line":131,"column":17},"end":{"line":131,"column":34}},"type":"binary-expr","locations":[{"start":{"line":131,"column":17},"end":{"line":131,"column":34}},{"start":{"line":131,"column":32},"end":{"line":131,"column":34}}]},"17":{"loc":{"start":{"line":132,"column":2},"end":{"line":134,"column":3}},"type":"if","locations":[{"start":{"line":132,"column":2},"end":{"line":134,"column":3}}]},"18":{"loc":{"start":{"line":136,"column":19},"end":{"line":136,"column":54}},"type":"cond-expr","locations":[{"start":{"line":136,"column":46},"end":{"line":136,"column":48}},{"start":{"line":136,"column":46},"end":{"line":136,"column":54}}]},"19":{"loc":{"start":{"line":136,"column":19},"end":{"line":136,"column":48}},"type":"binary-expr","locations":[{"start":{"line":136,"column":19},"end":{"line":136,"column":48}},{"start":{"line":136,"column":46},"end":{"line":136,"column":48}}]},"20":{"loc":{"start":{"line":137,"column":2},"end":{"line":139,"column":3}},"type":"if","locations":[{"start":{"line":137,"column":2},"end":{"line":139,"column":3}}]}},"s":{"0":9,"1":9,"2":9,"3":9,"4":62,"5":9,"6":9,"7":30,"8":30,"9":30,"10":30,"11":30,"12":37,"13":30,"14":9,"15":9,"16":16,"17":16,"18":16,"19":16,"20":32,"21":16,"22":9,"23":9,"24":9,"25":9,"26":9,"27":5,"28":4,"29":1,"30":9,"31":9,"32":9,"33":9,"34":9,"35":9,"36":9,"37":9,"38":9,"39":6,"40":6,"41":6,"42":6,"43":6,"44":16,"45":16,"46":6,"47":9},"f":{"0":62,"1":30,"2":30,"3":16,"4":16,"5":9,"6":6,"7":6},"b":{"0":[0,62],"1":[62,62],"2":[62,0],"3":[62,0],"4":[2,60],"5":[23,7],"6":[30,30],"7":[7,23],"8":[30,30],"9":[23,0],"10":[4,5],"11":[9,5],"12":[5,4],"13":[1],"14":[4,1],"15":[0,9],"16":[9,9],"17":[9],"18":[0,9],"19":[9,9],"20":[9]}}
,"/Users/kingsleyeneja/study_projects/my-apps/quickpeek/quickpeek_backend/src/common/utils/questionFeedSort.utils.ts": {"path":"/Users/kingsleyeneja/study_projects/my-apps/quickpeek/quickpeek_backend/src/common/utils/questionFeedSort.utils.ts","statementMap":{"0":{"start":{"line":17,"column":25},"end":{"line":18,"column":28}},"1":{"start":{"line":18,"column":2},"end":{"line":18,"column":28}},"2":{"start":{"line":28,"column":20},"end":{"line":41,"column":1}},"3":{"start":{"line":29,"column":22},"end":{"line":29,"column":65}},"4":{"start":{"line":30,"column":2},"end":{"line":30,"column":32}},"5":{"start":{"line":30,"column":23},"end":{"line":30,"column":32}},"6":{"start":{"line":32,"column":21},"end":{"line":32,"column":45}},"7":{"start":{"line":36,"column":2},"end":{"line":36,"column":86}},"8":{"start":{"line":36,"column":77},"end":{"line":36,"column":86}},"9":{"start":{"line":37,"column":2},"end":{"line":37,"column":54}},"10":{"start":{"line":37,"column":45},"end":{"line":37,"column":54}},"11":{"start":{"line":38,"column":2},"end":{"line":38,"column":27}},"12":{"start":{"line":38,"column":18},"end":{"line":38,"column":27}},"13":{"start":{"line":40,"column":2},"end":{"line":40,"column":11}},"14":{"start":{"line":43,"column":15},"end":{"line":47,"column":1}},"15":{"start":{"line":44,"column":2},"end":{"line":44,"column":26}},"16":{"start":{"line":44,"column":14},"end":{"line":44,"column":26}},"17":{"start":{"line":45,"column":15},"end":{"line":45,"column":40}},"18":{"start":{"line":46,"column":2},"end":{"line":46,"column":42}},"19":{"start":{"line":49,"column":49},"end":{"line":77,"column":4}},"20":{"start":{"line":53,"column":2},"end":{"line":77,"column":4}},"21":{"start":{"line":54,"column":18},"end":{"line":54,"column":42}},"22":{"start":{"line":55,"column":18},"end":{"line":55,"column":42}},"23":{"start":{"line":56,"column":4},"end":{"line":56,"column":46}},"24":{"start":{"line":56,"column":25},"end":{"line":56,"column":46}},"25":{"start":{"line":58,"column":4},"end":{"line":64,"column":5}},"26":{"start":{"line":60,"column":8},"end":{"line":60,"column":77}},"27":{"start":{"line":62,"column":8},"end":{"line":62,"column":77}},"28":{"start":{"line":63,"column":6},"end":{"line":63,"column":56}},"29":{"start":{"line":63,"column":31},"end":{"line":63,"column":56}},"30":{"start":{"line":66,"column":4},"end":{"line":70,"column":5}},"31":{"start":{"line":67,"column":20},"end":{"line":67,"column":60}},"32":{"start":{"line":68,"column":20},"end":{"line":68,"column":60}},"33":{"start":{"line":69,"column":6},"end":{"line":69,"column":48}},"34":{"start":{"line":69,"column":27},"end":{"line":69,"column":48}},"35":{"start":{"line":72,"column":21},"end":{"line":72,"column":45}},"36":{"start":{"line":73,"column":21},"end":{"line":73,"column":45}},"37":{"start":{"line":74,"column":4},"end":{"line":74,"column":58}},"38":{"start":{"line":74,"column":31},"end":{"line":74,"column":58}},"39":{"start":{"line":76,"column":4},"end":{"line":76,"column":36}},"40":{"start":{"line":49,"column":13},"end":{"line":49,"column":49}}},"fnMap":{"0":{"name":"(anonymous_0)","decl":{"start":{"line":17,"column":25},"end":{"line":17,"column":26}},"loc":{"start":{"line":18,"column":2},"end":{"line":18,"column":28}}},"1":{"name":"(anonymous_1)","decl":{"start":{"line":28,"column":20},"end":{"line":28,"column":21}},"loc":{"start":{"line":28,"column":77},"end":{"line":41,"column":1}}},"2":{"name":"(anonymous_2)","decl":{"start":{"line":43,"column":15},"end":{"line":43,"column":16}},"loc":{"start":{"line":43,"column":74},"end":{"line":47,"column":1}}},"3":{"name":"(anonymous_3)","decl":{"start":{"line":49,"column":49},"end":{"line":49,"column":null}},"loc":{"start":{"line":53,"column":2},"end":{"line":77,"column":4}}},"4":{"name":"(anonymous_4)","decl":{"start":{"line":53,"column":18},"end":{"line":53,"column":19}},"loc":{"start":{"line":53,"column":27},"end":{"line":77,"column":3}}}},"branchMap":{"0":{"loc":{"start":{"line":29,"column":22},"end":{"line":29,"column":65}},"type":"cond-expr","locations":[{"start":{"line":29,"column":60},"end":{"line":29,"column":64}},{"start":{"line":29,"column":64},"end":{"line":29,"column":65}}]},"1":{"loc":{"start":{"line":29,"column":22},"end":{"line":29,"column":64}},"type":"binary-expr","locations":[{"start":{"line":29,"column":22},"end":{"line":29,"column":64}},{"start":{"line":29,"column":60},"end":{"line":29,"column":64}}]},"2":{"loc":{"start":{"line":29,"column":22},"end":{"line":29,"column":60}},"type":"cond-expr","locations":[{"start":{"line":29,"column":40},"end":{"line":29,"column":42}},{"start":{"line":29,"column":40},"end":{"line":29,"column":60}}]},"3":{"loc":{"start":{"line":29,"column":22},"end":{"line":29,"column":42}},"type":"binary-expr","locations":[{"start":{"line":29,"column":22},"end":{"line":29,"column":42}},{"start":{"line":29,"column":40},"end":{"line":29,"column":42}}]},"4":{"loc":{"start":{"line":30,"column":2},"end":{"line":30,"column":32}},"type":"if","locations":[{"start":{"line":30,"column":2},"end":{"line":30,"column":32}}]},"5":{"loc":{"start":{"line":36,"column":2},"end":{"line":36,"column":86}},"type":"if","locations":[{"start":{"line":36,"column":2},"end":{"line":36,"column":86}}]},"6":{"loc":{"start":{"line":36,"column":6},"end":{"line":36,"column":75}},"type":"binary-expr","locations":[{"start":{"line":36,"column":6},"end":{"line":36,"column":16}},{"start":{"line":36,"column":20},"end":{"line":36,"column":43}},{"start":{"line":36,"column":47},"end":{"line":36,"column":58}},{"start":{"line":36,"column":62},"end":{"line":36,"column":75}}]},"7":{"loc":{"start":{"line":37,"column":2},"end":{"line":37,"column":54}},"type":"if","locations":[{"start":{"line":37,"column":2},"end":{"line":37,"column":54}}]},"8":{"loc":{"start":{"line":37,"column":6},"end":{"line":37,"column":43}},"type":"binary-expr","locations":[{"start":{"line":37,"column":6},"end":{"line":37,"column":16}},{"start":{"line":37,"column":20},"end":{"line":37,"column":43}}]},"9":{"loc":{"start":{"line":38,"column":2},"end":{"line":38,"column":27}},"type":"if","locations":[{"start":{"line":38,"column":2},"end":{"line":38,"column":27}}]},"10":{"loc":{"start":{"line":44,"column":2},"end":{"line":44,"column":26}},"type":"if","locations":[{"start":{"line":44,"column":2},"end":{"line":44,"column":26}}]},"11":{"loc":{"start":{"line":46,"column":9},"end":{"line":46,"column":41}},"type":"cond-expr","locations":[{"start":{"line":46,"column":30},"end":{"line":46,"column":34}},{"start":{"line":46,"column":37},"end":{"line":46,"column":41}}]},"12":{"loc":{"start":{"line":56,"column":4},"end":{"line":56,"column":46}},"type":"if","locations":[{"start":{"line":56,"column":4},"end":{"line":56,"column":46}}]},"13":{"loc":{"start":{"line":58,"column":4},"end":{"line":64,"column":5}},"type":"if","locations":[{"start":{"line":58,"column":4},"end":{"line":64,"column":5}}]},"14":{"loc":{"start":{"line":60,"column":8},"end":{"line":60,"column":77}},"type":"cond-expr","locations":[{"start":{"line":60,"column":72},"end":{"line":60,"column":76}},{"start":{"line":60,"column":76},"end":{"line":60,"column":77}}]},"15":{"loc":{"start":{"line":60,"column":8},"end":{"line":60,"column":76}},"type":"binary-expr","locations":[{"start":{"line":60,"column":8},"end":{"line":60,"column":76}},{"start":{"line":60,"column":72},"end":{"line":60,"column":76}}]},"16":{"loc":{"start":{"line":60,"column":8},"end":{"line":60,"column":72}},"type":"cond-expr","locations":[{"start":{"line":60,"column":49},"end":{"line":60,"column":53}},{"start":{"line":60,"column":53},"end":{"line":60,"column":72}}]},"17":{"loc":{"start":{"line":60,"column":8},"end":{"line":60,"column":53}},"type":"binary-expr","locations":[{"start":{"line":60,"column":8},"end":{"line":60,"column":53}},{"start":{"line":60,"column":49},"end":{"line":60,"column":53}}]},"18":{"loc":{"start":{"line":60,"column":15},"end":{"line":60,"column":48}},"type":"cond-expr","locations":[{"start":{"line":60,"column":30},"end":{"line":60,"column":32}},{"start":{"line":60,"column":30},"end":{"line":60,"column":48}}]},"19":{"loc":{"start":{"line":60,"column":15},"end":{"line":60,"column":32}},"type":"binary-expr","locations":[{"start":{"line":60,"column":15},"end":{"line":60,"column":32}},{"start":{"line":60,"column":30},"end":{"line":60,"column":32}}]},"20":{"loc":{"start":{"line":62,"column":8},"end":{"line":62,"column":77}},"type":"cond-expr","locations":[{"start":{"line":62,"column":72},"end":{"line":62,"column":76}},{"start":{"line":62,"column":76},"end":{"line":62,"column":77}}]},"21":{"loc":{"start":{"line":62,"column":8},"end":{"line":62,"column":76}},"type":"binary-expr","locations":[{"start":{"line":62,"column":8},"end":{"line":62,"column":76}},{"start":{"line":62,"column":72},"end":{"line":62,"column":76}}]},"22":{"loc":{"start":{"line":62,"column":8},"end":{"line":62,"column":72}},"type":"cond-expr","locations":[{"start":{"line":62,"column":49},"end":{"line":62,"column":53}},{"start":{"line":62,"column":53},"end":{"line":62,"column":72}}]},"23":{"loc":{"start":{"line":62,"column":8},"end":{"line":62,"column":53}},"type":"binary-expr","locations":[{"start":{"line":62,"column":8},"end":{"line":62,"column":53}},{"start":{"line":62,"column":49},"end":{"line":62,"column":53}}]},"24":{"loc":{"start":{"line":62,"column":15},"end":{"line":62,"column":48}},"type":"cond-expr","locations":[{"start":{"line":62,"column":30},"end":{"line":62,"column":32}},{"start":{"line":62,"column":30},"end":{"line":62,"column":48}}]},"25":{"loc":{"start":{"line":62,"column":15},"end":{"line":62,"column":32}},"type":"binary-expr","locations":[{"start":{"line":62,"column":15},"end":{"line":62,"column":32}},{"start":{"line":62,"column":30},"end":{"line":62,"column":32}}]},"26":{"loc":{"start":{"line":63,"column":6},"end":{"line":63,"column":56}},"type":"if","locations":[{"start":{"line":63,"column":6},"end":{"line":63,"column":56}}]},"27":{"loc":{"start":{"line":66,"column":4},"end":{"line":70,"column":5}},"type":"if","locations":[{"start":{"line":66,"column":4},"end":{"line":70,"column":5}}]},"28":{"loc":{"start":{"line":67,"column":20},"end":{"line":67,"column":60}},"type":"cond-expr","locations":[{"start":{"line":67,"column":32},"end":{"line":67,"column":36}},{"start":{"line":67,"column":36},"end":{"line":67,"column":60}}]},"29":{"loc":{"start":{"line":67,"column":20},"end":{"line":67,"column":36}},"type":"binary-expr","locations":[{"start":{"line":67,"column":20},"end":{"line":67,"column":36}},{"start":{"line":67,"column":32},"end":{"line":67,"column":36}}]},"30":{"loc":{"start":{"line":68,"column":20},"end":{"line":68,"column":60}},"type":"cond-expr","locations":[{"start":{"line":68,"column":32},"end":{"line":68,"column":36}},{"start":{"line":68,"column":36},"end":{"line":68,"column":60}}]},"31":{"loc":{"start":{"line":68,"column":20},"end":{"line":68,"column":36}},"type":"binary-expr","locations":[{"start":{"line":68,"column":20},"end":{"line":68,"column":36}},{"start":{"line":68,"column":32},"end":{"line":68,"column":36}}]},"32":{"loc":{"start":{"line":69,"column":6},"end":{"line":69,"column":48}},"type":"if","locations":[{"start":{"line":69,"column":6},"end":{"line":69,"column":48}}]},"33":{"loc":{"start":{"line":72,"column":21},"end":{"line":72,"column":45}},"type":"cond-expr","locations":[{"start":{"line":72,"column":40},"end":{"line":72,"column":44}},{"start":{"line":72,"column":44},"end":{"line":72,"column":45}}]},"34":{"loc":{"start":{"line":72,"column":21},"end":{"line":72,"column":44}},"type":"binary-expr","locations":[{"start":{"line":72,"column":21},"end":{"line":72,"column":44}},{"start":{"line":72,"column":40},"end":{"line":72,"column":44}}]},"35":{"loc":{"start":{"line":73,"column":21},"end":{"line":73,"column":45}},"type":"cond-expr","locations":[{"start":{"line":73,"column":40},"end":{"line":73,"column":44}},{"start":{"line":73,"column":44},"end":{"line":73,"column":45}}]},"36":{"loc":{"start":{"line":73,"column":21},"end":{"line":73,"column":44}},"type":"binary-expr","locations":[{"start":{"line":73,"column":21},"end":{"line":73,"column":44}},{"start":{"line":73,"column":40},"end":{"line":73,"column":44}}]},"37":{"loc":{"start":{"line":74,"column":4},"end":{"line":74,"column":58}},"type":"if","locations":[{"start":{"line":74,"column":4},"end":{"line":74,"column":58}}]}},"s":{"0":9,"1":247,"2":9,"3":200,"4":200,"5":15,"6":185,"7":185,"8":15,"9":170,"10":31,"11":139,"12":85,"13":54,"14":9,"15":110,"16":0,"17":110,"18":110,"19":9,"20":9,"21":100,"22":100,"23":100,"24":43,"25":57,"26":2,"27":2,"28":2,"29":2,"30":55,"31":2,"32":2,"33":2,"34":2,"35":53,"36":53,"37":53,"38":53,"39":0,"40":9},"f":{"0":247,"1":200,"2":110,"3":9,"4":100},"b":{"0":[200,0],"1":[200,200],"2":[0,200],"3":[200,200],"4":[15],"5":[15],"6":[185,131,46,15],"7":[31],"8":[170,116],"9":[85],"10":[0],"11":[0,110],"12":[43],"13":[2],"14":[2,0],"15":[2,2],"16":[2,0],"17":[2,2],"18":[0,2],"19":[2,2],"20":[2,0],"21":[2,2],"22":[2,0],"23":[2,2],"24":[0,2],"25":[2,2],"26":[2],"27":[2],"28":[2,0],"29":[2,2],"30":[2,0],"31":[2,2],"32":[2],"33":[53,0],"34":[53,53],"35":[53,0],"36":[53,53],"37":[53]}}
,"/Users/kingsleyeneja/study_projects/my-apps/quickpeek/quickpeek_backend/src/common/utils/ratings.ts": {"path":"/Users/kingsleyeneja/study_projects/my-apps/quickpeek/quickpeek_backend/src/common/utils/ratings.ts","statementMap":{"0":{"start":{"line":17,"column":0},"end":{"line":17,"column":16}},"1":{"start":{"line":22,"column":0},"end":{"line":22,"column":22}},"2":{"start":{"line":70,"column":0},"end":{"line":70,"column":22}},"3":{"start":{"line":82,"column":0},"end":{"line":82,"column":22}},"4":{"start":{"line":122,"column":0},"end":{"line":122,"column":22}},"5":{"start":{"line":1,"column":0},"end":{"line":1,"column":58}},"6":{"start":{"line":2,"column":0},"end":{"line":2,"column":55}},"7":{"start":{"line":3,"column":0},"end":{"line":3,"column":50}},"8":{"start":{"line":5,"column":13},"end":{"line":5,"column":32}},"9":{"start":{"line":6,"column":26},"end":{"line":6,"column":33}},"10":{"start":{"line":8,"column":17},"end":{"line":8,"column":85}},"11":{"start":{"line":8,"column":55},"end":{"line":8,"column":85}},"12":{"start":{"line":18,"column":2},"end":{"line":18,"column":64}},"13":{"start":{"line":18,"column":42},"end":{"line":18,"column":64}},"14":{"start":{"line":19,"column":2},"end":{"line":19,"column":35}},"15":{"start":{"line":26,"column":14},"end":{"line":26,"column":36}},"16":{"start":{"line":28,"column":2},"end":{"line":41,"column":3}},"17":{"start":{"line":29,"column":19},"end":{"line":29,"column":45}},"18":{"start":{"line":30,"column":4},"end":{"line":38,"column":5}},"19":{"start":{"line":31,"column":21},"end":{"line":31,"column":87}},"20":{"start":{"line":32,"column":6},"end":{"line":37,"column":8}},"21":{"start":{"line":40,"column":4},"end":{"line":40,"column":79}},"22":{"start":{"line":43,"column":14},"end":{"line":45,"column":4}},"23":{"start":{"line":47,"column":21},"end":{"line":47,"column":41}},"24":{"start":{"line":48,"column":23},"end":{"line":48,"column":45}},"25":{"start":{"line":50,"column":2},"end":{"line":59,"column":3}},"26":{"start":{"line":51,"column":4},"end":{"line":56,"column":6}},"27":{"start":{"line":58,"column":4},"end":{"line":58,"column":80}},"28":{"start":{"line":61,"column":2},"end":{"line":66,"column":4}},"29":{"start":{"line":74,"column":18},"end":{"line":74,"column":76}},"30":{"start":{"line":75,"column":2},"end":{"line":78,"column":null}},"31":{"start":{"line":89,"column":4},"end":{"line":89,"column":87}},"32":{"start":{"line":91,"column":20},"end":{"line":99,"column":4}},"33":{"start":{"line":101,"column":21},"end":{"line":101,"column":46}},"34":{"start":{"line":102,"column":23},"end":{"line":102,"column":47}},"35":{"start":{"line":104,"column":2},"end":{"line":108,"column":5}},"36":{"start":{"line":110,"column":2},"end":{"line":119,"column":3}},"37":{"start":{"line":111,"column":4},"end":{"line":116,"column":6}},"38":{"start":{"line":118,"column":4},"end":{"line":118,"column":88}},"39":{"start":{"line":126,"column":16},"end":{"line":126,"column":83}},"40":{"start":{"line":127,"column":2},"end":{"line":131,"column":3}},"41":{"start":{"line":128,"column":4},"end":{"line":128,"column":78}},"42":{"start":{"line":128,"column":39},"end":{"line":128,"column":75}},"43":{"start":{"line":130,"column":4},"end":{"line":130,"column":73}}},"fnMap":{"0":{"name":"(anonymous_8)","decl":{"start":{"line":8,"column":17},"end":{"line":8,"column":18}},"loc":{"start":{"line":8,"column":55},"end":{"line":8,"column":85}}},"1":{"name":"computeAverage","decl":{"start":{"line":17,"column":16},"end":{"line":17,"column":30}},"loc":{"start":{"line":17,"column":71},"end":{"line":20,"column":1}}},"2":{"name":"getUserRatingByRole","decl":{"start":{"line":22,"column":22},"end":{"line":22,"column":41}},"loc":{"start":{"line":24,"column":18},"end":{"line":67,"column":null}}},"3":{"name":"getUserRating","decl":{"start":{"line":70,"column":22},"end":{"line":70,"column":35}},"loc":{"start":{"line":70,"column":50},"end":{"line":80,"column":null}}},"4":{"name":"recomputeUserRatingAggregate","decl":{"start":{"line":82,"column":22},"end":{"line":82,"column":50}},"loc":{"start":{"line":84,"column":18},"end":{"line":120,"column":null}}},"5":{"name":"invalidateUserRatingCache","decl":{"start":{"line":122,"column":22},"end":{"line":122,"column":47}},"loc":{"start":{"line":124,"column":19},"end":{"line":132,"column":null}}},"6":{"name":"(anonymous_18)","decl":{"start":{"line":128,"column":32},"end":{"line":128,"column":33}},"loc":{"start":{"line":128,"column":39},"end":{"line":128,"column":75}}}},"branchMap":{"0":{"loc":{"start":{"line":18,"column":2},"end":{"line":18,"column":64}},"type":"if","locations":[{"start":{"line":18,"column":2},"end":{"line":18,"column":64}}]},"1":{"loc":{"start":{"line":18,"column":6},"end":{"line":18,"column":40}},"type":"binary-expr","locations":[{"start":{"line":18,"column":6},"end":{"line":18,"column":19}},{"start":{"line":18,"column":23},"end":{"line":18,"column":40}}]},"2":{"loc":{"start":{"line":30,"column":4},"end":{"line":38,"column":5}},"type":"if","locations":[{"start":{"line":30,"column":4},"end":{"line":38,"column":5}}]},"3":{"loc":{"start":{"line":47,"column":21},"end":{"line":47,"column":41}},"type":"cond-expr","locations":[{"start":{"line":47,"column":36},"end":{"line":47,"column":40}},{"start":{"line":47,"column":40},"end":{"line":47,"column":41}}]},"4":{"loc":{"start":{"line":47,"column":21},"end":{"line":47,"column":40}},"type":"binary-expr","locations":[{"start":{"line":47,"column":21},"end":{"line":47,"column":40}},{"start":{"line":47,"column":36},"end":{"line":47,"column":40}}]},"5":{"loc":{"start":{"line":47,"column":21},"end":{"line":47,"column":36}},"type":"cond-expr","locations":[{"start":{"line":47,"column":24},"end":{"line":47,"column":26}},{"start":{"line":47,"column":21},"end":{"line":47,"column":36}}]},"6":{"loc":{"start":{"line":47,"column":21},"end":{"line":47,"column":26}},"type":"binary-expr","locations":[{"start":{"line":47,"column":21},"end":{"line":47,"column":26}},{"start":{"line":47,"column":21},"end":{"line":47,"column":26}}]},"7":{"loc":{"start":{"line":48,"column":23},"end":{"line":48,"column":45}},"type":"cond-expr","locations":[{"start":{"line":48,"column":40},"end":{"line":48,"column":44}},{"start":{"line":48,"column":44},"end":{"line":48,"column":45}}]},"8":{"loc":{"start":{"line":48,"column":23},"end":{"line":48,"column":44}},"type":"binary-expr","locations":[{"start":{"line":48,"column":23},"end":{"line":48,"column":44}},{"start":{"line":48,"column":40},"end":{"line":48,"column":44}}]},"9":{"loc":{"start":{"line":48,"column":23},"end":{"line":48,"column":40}},"type":"cond-expr","locations":[{"start":{"line":48,"column":26},"end":{"line":48,"column":28}},{"start":{"line":48,"column":23},"end":{"line":48,"column":40}}]},"10":{"loc":{"start":{"line":48,"column":23},"end":{"line":48,"column":28}},"type":"binary-expr","locations":[{"start":{"line":48,"column":23},"end":{"line":48,"column":28}},{"start":{"line":48,"column":23},"end":{"line":48,"column":28}}]},"11":{"loc":{"start":{"line":89,"column":4},"end":{"line":89,"column":87}},"type":"cond-expr","locations":[{"start":{"line":89,"column":39},"end":{"line":89,"column":62}},{"start":{"line":89,"column":65},"end":{"line":89,"column":87}}]},"12":{"loc":{"start":{"line":101,"column":21},"end":{"line":101,"column":46}},"type":"cond-expr","locations":[{"start":{"line":101,"column":41},"end":{"line":101,"column":45}},{"start":{"line":101,"column":45},"end":{"line":101,"column":46}}]},"13":{"loc":{"start":{"line":101,"column":21},"end":{"line":101,"column":45}},"type":"binary-expr","locations":[{"start":{"line":101,"column":21},"end":{"line":101,"column":45}},{"start":{"line":101,"column":41},"end":{"line":101,"column":45}}]},"14":{"loc":{"start":{"line":102,"column":23},"end":{"line":102,"column":47}},"type":"cond-expr","locations":[{"start":{"line":102,"column":42},"end":{"line":102,"column":46}},{"start":{"line":102,"column":46},"end":{"line":102,"column":47}}]},"15":{"loc":{"start":{"line":102,"column":23},"end":{"line":102,"column":46}},"type":"binary-expr","locations":[{"start":{"line":102,"column":23},"end":{"line":102,"column":46}},{"start":{"line":102,"column":42},"end":{"line":102,"column":46}}]},"16":{"loc":{"start":{"line":126,"column":16},"end":{"line":126,"column":83}},"type":"cond-expr","locations":[{"start":{"line":126,"column":23},"end":{"line":126,"column":29}},{"start":{"line":126,"column":32},"end":{"line":126,"column":83}}]}},"s":{"0":9,"1":9,"2":9,"3":9,"4":9,"5":9,"6":9,"7":9,"8":9,"9":9,"10":9,"11":28,"12":28,"13":23,"14":5,"15":24,"16":24,"17":24,"18":23,"19":15,"20":15,"21":1,"22":9,"23":9,"24":9,"25":9,"26":9,"27":0,"28":9,"29":0,"30":0,"31":4,"32":4,"33":4,"34":4,"35":4,"36":4,"37":4,"38":0,"39":0,"40":0,"41":0,"42":0,"43":0},"f":{"0":28,"1":28,"2":24,"3":0,"4":4,"5":0,"6":0},"b":{"0":[23],"1":[28,5],"2":[15],"3":[2,7],"4":[9,9],"5":[7,2],"6":[9,2],"7":[2,7],"8":[9,9],"9":[7,2],"10":[9,2],"11":[2,2],"12":[4,0],"13":[4,4],"14":[4,0],"15":[4,4],"16":[0,0]}}
,"/Users/kingsleyeneja/study_projects/my-apps/quickpeek/quickpeek_backend/src/common/utils/requestViewer.utils.ts": {"path":"/Users/kingsleyeneja/study_projects/my-apps/quickpeek/quickpeek_backend/src/common/utils/requestViewer.utils.ts","statementMap":{"0":{"start":{"line":1,"column":0},"end":{"line":1,"column":82}},"1":{"start":{"line":2,"column":0},"end":{"line":2,"column":55}},"2":{"start":{"line":13,"column":30},"end":{"line":16,"column":4}},"3":{"start":{"line":14,"column":2},"end":{"line":16,"column":4}},"4":{"start":{"line":13,"column":13},"end":{"line":13,"column":30}},"5":{"start":{"line":18,"column":43},"end":{"line":30,"column":2}},"6":{"start":{"line":21,"column":22},"end":{"line":30,"column":2}},"7":{"start":{"line":22,"column":16},"end":{"line":28,"column":4}},"8":{"start":{"line":29,"column":2},"end":{"line":29,"column":19}},"9":{"start":{"line":18,"column":13},"end":{"line":18,"column":43}},"10":{"start":{"line":32,"column":40},"end":{"line":43,"column":5}},"11":{"start":{"line":35,"column":21},"end":{"line":43,"column":5}},"12":{"start":{"line":36,"column":2},"end":{"line":43,"column":5}},"13":{"start":{"line":32,"column":13},"end":{"line":32,"column":40}},"14":{"start":{"line":45,"column":41},"end":{"line":69,"column":2}},"15":{"start":{"line":54,"column":35},"end":{"line":69,"column":2}},"16":{"start":{"line":56,"column":4},"end":{"line":58,"column":13}},"17":{"start":{"line":59,"column":22},"end":{"line":59,"column":74}},"18":{"start":{"line":61,"column":2},"end":{"line":68,"column":4}},"19":{"start":{"line":45,"column":13},"end":{"line":45,"column":41}},"20":{"start":{"line":84,"column":45},"end":{"line":127,"column":2}},"21":{"start":{"line":84,"column":72},"end":{"line":127,"column":2}},"22":{"start":{"line":85,"column":19},"end":{"line":105,"column":4}},"23":{"start":{"line":107,"column":21},"end":{"line":107,"column":46}},"24":{"start":{"line":107,"column":41},"end":{"line":107,"column":45}},"25":{"start":{"line":109,"column":4},"end":{"line":120,"column":10}},"26":{"start":{"line":121,"column":20},"end":{"line":121,"column":86}},"27":{"start":{"line":121,"column":52},"end":{"line":121,"column":84}},"28":{"start":{"line":123,"column":2},"end":{"line":126,"column":6}},"29":{"start":{"line":123,"column":29},"end":{"line":126,"column":5}},"30":{"start":{"line":84,"column":13},"end":{"line":84,"column":45}},"31":{"start":{"line":130,"column":50},"end":{"line":160,"column":2}},"32":{"start":{"line":130,"column":77},"end":{"line":160,"column":2}},"33":{"start":{"line":131,"column":16},"end":{"line":131,"column":61}},"34":{"start":{"line":132,"column":21},"end":{"line":132,"column":52}},"35":{"start":{"line":134,"column":2},"end":{"line":139,"column":3}},"36":{"start":{"line":135,"column":23},"end":{"line":135,"column":47}},"37":{"start":{"line":136,"column":18},"end":{"line":136,"column":50}},"38":{"start":{"line":137,"column":4},"end":{"line":137,"column":22}},"39":{"start":{"line":138,"column":4},"end":{"line":138,"column":38}},"40":{"start":{"line":141,"column":2},"end":{"line":159,"column":8}},"41":{"start":{"line":143,"column":21},"end":{"line":143,"column":39}},"42":{"start":{"line":144,"column":6},"end":{"line":153,"column":8}},"43":{"start":{"line":149,"column":50},"end":{"line":149,"column":69}},"44":{"start":{"line":155,"column":20},"end":{"line":155,"column":59}},"45":{"start":{"line":156,"column":45},"end":{"line":159,"column":6}},"46":{"start":{"line":130,"column":13},"end":{"line":130,"column":50}},"47":{"start":{"line":162,"column":36},"end":{"line":252,"column":2}},"48":{"start":{"line":162,"column":86},"end":{"line":252,"column":2}},"49":{"start":{"line":163,"column":2},"end":{"line":168,"column":3}},"50":{"start":{"line":164,"column":4},"end":{"line":167,"column":6}},"51":{"start":{"line":170,"column":29},"end":{"line":185,"column":4}},"52":{"start":{"line":187,"column":22},"end":{"line":189,"column":21}},"53":{"start":{"line":188,"column":19},"end":{"line":188,"column":60}},"54":{"start":{"line":189,"column":16},"end":{"line":189,"column":20}},"55":{"start":{"line":191,"column":23},"end":{"line":191,"column":40}},"56":{"start":{"line":192,"column":2},"end":{"line":203,"column":3}},"57":{"start":{"line":193,"column":22},"end":{"line":201,"column":6}},"58":{"start":{"line":202,"column":4},"end":{"line":202,"column":66}},"59":{"start":{"line":202,"column":29},"end":{"line":202,"column":64}},"60":{"start":{"line":205,"column":21},"end":{"line":205,"column":46}},"61":{"start":{"line":205,"column":41},"end":{"line":205,"column":45}},"62":{"start":{"line":207,"column":4},"end":{"line":218,"column":10}},"63":{"start":{"line":219,"column":20},"end":{"line":219,"column":86}},"64":{"start":{"line":219,"column":52},"end":{"line":219,"column":84}},"65":{"start":{"line":221,"column":19},"end":{"line":222,"column":null}},"66":{"start":{"line":222,"column":22},"end":{"line":222,"column":76}},"67":{"start":{"line":225,"column":21},"end":{"line":225,"column":60}},"68":{"start":{"line":226,"column":2},"end":{"line":236,"column":3}},"69":{"start":{"line":227,"column":22},"end":{"line":227,"column":48}},"70":{"start":{"line":228,"column":4},"end":{"line":235,"column":7}},"71":{"start":{"line":238,"column":2},"end":{"line":249,"column":3}},"72":{"start":{"line":239,"column":4},"end":{"line":248,"column":5}},"73":{"start":{"line":240,"column":6},"end":{"line":247,"column":9}},"74":{"start":{"line":251,"column":2},"end":{"line":251,"column":34}},"75":{"start":{"line":162,"column":13},"end":{"line":162,"column":36}},"76":{"start":{"line":264,"column":61},"end":{"line":271,"column":2}},"77":{"start":{"line":273,"column":39},"end":{"line":303,"column":2}},"78":{"start":{"line":276,"column":32},"end":{"line":303,"column":2}},"79":{"start":{"line":277,"column":2},"end":{"line":279,"column":3}},"80":{"start":{"line":278,"column":4},"end":{"line":278,"column":21}},"81":{"start":{"line":281,"column":19},"end":{"line":293,"column":4}},"82":{"start":{"line":295,"column":29},"end":{"line":295,"column":52}},"83":{"start":{"line":296,"column":2},"end":{"line":300,"column":3}},"84":{"start":{"line":297,"column":4},"end":{"line":299,"column":5}},"85":{"start":{"line":298,"column":6},"end":{"line":298,"column":68}},"86":{"start":{"line":302,"column":2},"end":{"line":302,"column":28}},"87":{"start":{"line":306,"column":44},"end":{"line":396,"column":2}},"88":{"start":{"line":309,"column":49},"end":{"line":396,"column":2}},"89":{"start":{"line":310,"column":17},"end":{"line":310,"column":57}},"90":{"start":{"line":311,"column":2},"end":{"line":313,"column":3}},"91":{"start":{"line":312,"column":4},"end":{"line":312,"column":18}},"92":{"start":{"line":315,"column":22},"end":{"line":315,"column":48}},"93":{"start":{"line":315,"column":43},"end":{"line":315,"column":47}},"94":{"start":{"line":316,"column":26},"end":{"line":316,"column":73}},"95":{"start":{"line":316,"column":55},"end":{"line":316,"column":71}},"96":{"start":{"line":318,"column":22},"end":{"line":327,"column":4}},"97":{"start":{"line":329,"column":21},"end":{"line":329,"column":49}},"98":{"start":{"line":329,"column":44},"end":{"line":329,"column":48}},"99":{"start":{"line":330,"column":48},"end":{"line":351,"column":4}},"100":{"start":{"line":331,"column":16},"end":{"line":349,"column":6}},"101":{"start":{"line":332,"column":18},"end":{"line":332,"column":43}},"102":{"start":{"line":333,"column":6},"end":{"line":335,"column":7}},"103":{"start":{"line":334,"column":8},"end":{"line":334,"column":19}},"104":{"start":{"line":337,"column":27},"end":{"line":346,"column":8}},"105":{"start":{"line":347,"column":6},"end":{"line":347,"column":75}},"106":{"start":{"line":347,"column":34},"end":{"line":347,"column":73}},"107":{"start":{"line":348,"column":6},"end":{"line":348,"column":17}},"108":{"start":{"line":353,"column":2},"end":{"line":393,"column":3}},"109":{"start":{"line":354,"column":20},"end":{"line":354,"column":64}},"110":{"start":{"line":355,"column":17},"end":{"line":355,"column":71}},"111":{"start":{"line":355,"column":43},"end":{"line":355,"column":70}},"112":{"start":{"line":357,"column":4},"end":{"line":392,"column":5}},"113":{"start":{"line":358,"column":24},"end":{"line":358,"column":71}},"114":{"start":{"line":358,"column":43},"end":{"line":358,"column":70}},"115":{"start":{"line":359,"column":35},"end":{"line":361,"column":14}},"116":{"start":{"line":360,"column":15},"end":{"line":360,"column":55}},"117":{"start":{"line":362,"column":23},"end":{"line":362,"column":89}},"118":{"start":{"line":362,"column":47},"end":{"line":362,"column":88}},"119":{"start":{"line":363,"column":33},"end":{"line":365,"column":null}},"120":{"start":{"line":364,"column":20},"end":{"line":364,"column":null}},"121":{"start":{"line":368,"column":31},"end":{"line":368,"column":71}},"122":{"start":{"line":370,"column":6},"end":{"line":377,"column":9}},"123":{"start":{"line":379,"column":24},"end":{"line":379,"column":68}},"124":{"start":{"line":379,"column":41},"end":{"line":379,"column":67}},"125":{"start":{"line":380,"column":33},"end":{"line":380,"column":83}},"126":{"start":{"line":381,"column":31},"end":{"line":381,"column":71}},"127":{"start":{"line":383,"column":6},"end":{"line":391,"column":9}},"128":{"start":{"line":395,"column":2},"end":{"line":395,"column":16}},"129":{"start":{"line":306,"column":13},"end":{"line":306,"column":44}},"130":{"start":{"line":398,"column":40},"end":{"line":401,"column":81}},"131":{"start":{"line":401,"column":28},"end":{"line":401,"column":81}},"132":{"start":{"line":398,"column":13},"end":{"line":398,"column":40}}},"fnMap":{"0":{"name":"(anonymous_8)","decl":{"start":{"line":13,"column":30},"end":{"line":13,"column":31}},"loc":{"start":{"line":14,"column":2},"end":{"line":16,"column":4}}},"1":{"name":"(anonymous_9)","decl":{"start":{"line":18,"column":43},"end":{"line":18,"column":null}},"loc":{"start":{"line":21,"column":22},"end":{"line":30,"column":2}}},"2":{"name":"(anonymous_10)","decl":{"start":{"line":21,"column":22},"end":{"line":21,"column":null}},"loc":{"start":{"line":21,"column":22},"end":{"line":30,"column":1}}},"3":{"name":"(anonymous_11)","decl":{"start":{"line":32,"column":40},"end":{"line":32,"column":null}},"loc":{"start":{"line":35,"column":21},"end":{"line":43,"column":5}}},"4":{"name":"(anonymous_12)","decl":{"start":{"line":35,"column":21},"end":{"line":35,"column":null}},"loc":{"start":{"line":35,"column":21},"end":{"line":43,"column":5}}},"5":{"name":"(anonymous_13)","decl":{"start":{"line":45,"column":41},"end":{"line":45,"column":null}},"loc":{"start":{"line":54,"column":35},"end":{"line":69,"column":2}}},"6":{"name":"(anonymous_14)","decl":{"start":{"line":54,"column":35},"end":{"line":54,"column":null}},"loc":{"start":{"line":54,"column":35},"end":{"line":69,"column":1}}},"7":{"name":"(anonymous_15)","decl":{"start":{"line":84,"column":45},"end":{"line":84,"column":52}},"loc":{"start":{"line":84,"column":72},"end":{"line":127,"column":2}}},"8":{"name":"(anonymous_16)","decl":{"start":{"line":84,"column":72},"end":{"line":84,"column":null}},"loc":{"start":{"line":84,"column":72},"end":{"line":127,"column":1}}},"9":{"name":"(anonymous_17)","decl":{"start":{"line":107,"column":34},"end":{"line":107,"column":35}},"loc":{"start":{"line":107,"column":41},"end":{"line":107,"column":45}}},"10":{"name":"(anonymous_18)","decl":{"start":{"line":121,"column":45},"end":{"line":121,"column":46}},"loc":{"start":{"line":121,"column":52},"end":{"line":121,"column":84}}},"11":{"name":"(anonymous_19)","decl":{"start":{"line":123,"column":22},"end":{"line":123,"column":23}},"loc":{"start":{"line":123,"column":28},"end":{"line":126,"column":5}}},"12":{"name":"(anonymous_20)","decl":{"start":{"line":130,"column":50},"end":{"line":130,"column":57}},"loc":{"start":{"line":130,"column":77},"end":{"line":160,"column":2}}},"13":{"name":"(anonymous_21)","decl":{"start":{"line":130,"column":77},"end":{"line":130,"column":null}},"loc":{"start":{"line":130,"column":77},"end":{"line":160,"column":1}}},"14":{"name":"(anonymous_22)","decl":{"start":{"line":142,"column":9},"end":{"line":142,"column":10}},"loc":{"start":{"line":142,"column":21},"end":{"line":154,"column":5}}},"15":{"name":"(anonymous_23)","decl":{"start":{"line":149,"column":38},"end":{"line":149,"column":39}},"loc":{"start":{"line":149,"column":50},"end":{"line":149,"column":69}}},"16":{"name":"(anonymous_24)","decl":{"start":{"line":155,"column":10},"end":{"line":155,"column":11}},"loc":{"start":{"line":155,"column":20},"end":{"line":155,"column":59}}},"17":{"name":"(anonymous_25)","decl":{"start":{"line":156,"column":9},"end":{"line":156,"column":10}},"loc":{"start":{"line":156,"column":45},"end":{"line":159,"column":6}}},"18":{"name":"(anonymous_26)","decl":{"start":{"line":162,"column":36},"end":{"line":162,"column":43}},"loc":{"start":{"line":162,"column":86},"end":{"line":252,"column":2}}},"19":{"name":"(anonymous_27)","decl":{"start":{"line":162,"column":86},"end":{"line":162,"column":null}},"loc":{"start":{"line":162,"column":86},"end":{"line":252,"column":1}}},"20":{"name":"(anonymous_28)","decl":{"start":{"line":188,"column":12},"end":{"line":188,"column":13}},"loc":{"start":{"line":188,"column":19},"end":{"line":188,"column":60}}},"21":{"name":"(anonymous_29)","decl":{"start":{"line":189,"column":9},"end":{"line":189,"column":10}},"loc":{"start":{"line":189,"column":16},"end":{"line":189,"column":20}}},"22":{"name":"(anonymous_30)","decl":{"start":{"line":202,"column":22},"end":{"line":202,"column":23}},"loc":{"start":{"line":202,"column":29},"end":{"line":202,"column":64}}},"23":{"name":"(anonymous_31)","decl":{"start":{"line":205,"column":34},"end":{"line":205,"column":35}},"loc":{"start":{"line":205,"column":41},"end":{"line":205,"column":45}}},"24":{"name":"(anonymous_32)","decl":{"start":{"line":219,"column":45},"end":{"line":219,"column":46}},"loc":{"start":{"line":219,"column":52},"end":{"line":219,"column":84}}},"25":{"name":"(anonymous_33)","decl":{"start":{"line":222,"column":15},"end":{"line":222,"column":16}},"loc":{"start":{"line":222,"column":22},"end":{"line":222,"column":76}}},"26":{"name":"(anonymous_34)","decl":{"start":{"line":273,"column":39},"end":{"line":273,"column":null}},"loc":{"start":{"line":276,"column":32},"end":{"line":303,"column":2}}},"27":{"name":"(anonymous_35)","decl":{"start":{"line":276,"column":32},"end":{"line":276,"column":null}},"loc":{"start":{"line":276,"column":32},"end":{"line":303,"column":1}}},"28":{"name":"(anonymous_36)","decl":{"start":{"line":306,"column":44},"end":{"line":306,"column":null}},"loc":{"start":{"line":309,"column":49},"end":{"line":396,"column":2}}},"29":{"name":"(anonymous_37)","decl":{"start":{"line":309,"column":49},"end":{"line":309,"column":null}},"loc":{"start":{"line":309,"column":49},"end":{"line":396,"column":1}}},"30":{"name":"(anonymous_38)","decl":{"start":{"line":315,"column":36},"end":{"line":315,"column":37}},"loc":{"start":{"line":315,"column":43},"end":{"line":315,"column":47}}},"31":{"name":"(anonymous_39)","decl":{"start":{"line":316,"column":48},"end":{"line":316,"column":49}},"loc":{"start":{"line":316,"column":55},"end":{"line":316,"column":71}}},"32":{"name":"(anonymous_40)","decl":{"start":{"line":329,"column":37},"end":{"line":329,"column":38}},"loc":{"start":{"line":329,"column":44},"end":{"line":329,"column":48}}},"33":{"name":"(anonymous_41)","decl":{"start":{"line":331,"column":5},"end":{"line":331,"column":14}},"loc":{"start":{"line":331,"column":16},"end":{"line":349,"column":6}}},"34":{"name":"(anonymous_42)","decl":{"start":{"line":331,"column":16},"end":{"line":331,"column":null}},"loc":{"start":{"line":331,"column":16},"end":{"line":349,"column":5}}},"35":{"name":"(anonymous_43)","decl":{"start":{"line":347,"column":27},"end":{"line":347,"column":28}},"loc":{"start":{"line":347,"column":34},"end":{"line":347,"column":73}}},"36":{"name":"(anonymous_44)","decl":{"start":{"line":355,"column":36},"end":{"line":355,"column":37}},"loc":{"start":{"line":355,"column":43},"end":{"line":355,"column":70}}},"37":{"name":"(anonymous_45)","decl":{"start":{"line":358,"column":36},"end":{"line":358,"column":37}},"loc":{"start":{"line":358,"column":43},"end":{"line":358,"column":70}}},"38":{"name":"(anonymous_46)","decl":{"start":{"line":360,"column":8},"end":{"line":360,"column":9}},"loc":{"start":{"line":360,"column":15},"end":{"line":360,"column":55}}},"39":{"name":"(anonymous_47)","decl":{"start":{"line":362,"column":40},"end":{"line":362,"column":41}},"loc":{"start":{"line":362,"column":47},"end":{"line":362,"column":88}}},"40":{"name":"(anonymous_48)","decl":{"start":{"line":364,"column":8},"end":{"line":364,"column":9}},"loc":{"start":{"line":364,"column":19},"end":{"line":364,"column":null}}},"41":{"name":"(anonymous_49)","decl":{"start":{"line":379,"column":34},"end":{"line":379,"column":35}},"loc":{"start":{"line":379,"column":41},"end":{"line":379,"column":67}}},"42":{"name":"(anonymous_50)","decl":{"start":{"line":398,"column":40},"end":{"line":398,"column":null}},"loc":{"start":{"line":401,"column":27},"end":{"line":401,"column":81}}}},"branchMap":{"0":{"loc":{"start":{"line":56,"column":4},"end":{"line":58,"column":13}},"type":"cond-expr","locations":[{"start":{"line":57,"column":8},"end":{"line":57,"column":74}},{"start":{"line":58,"column":8},"end":{"line":58,"column":13}}]},"1":{"loc":{"start":{"line":109,"column":4},"end":{"line":120,"column":10}},"type":"cond-expr","locations":[{"start":{"line":110,"column":8},"end":{"line":119,"column":8}},{"start":{"line":120,"column":8},"end":{"line":120,"column":10}}]},"2":{"loc":{"start":{"line":125,"column":17},"end":{"line":125,"column":41}},"type":"cond-expr","locations":[{"start":{"line":125,"column":36},"end":{"line":125,"column":40}},{"start":{"line":125,"column":40},"end":{"line":125,"column":41}}]},"3":{"loc":{"start":{"line":125,"column":17},"end":{"line":125,"column":40}},"type":"binary-expr","locations":[{"start":{"line":125,"column":17},"end":{"line":125,"column":40}},{"start":{"line":125,"column":36},"end":{"line":125,"column":40}}]},"4":{"loc":{"start":{"line":136,"column":18},"end":{"line":136,"column":50}},"type":"cond-expr","locations":[{"start":{"line":136,"column":44},"end":{"line":136,"column":48}},{"start":{"line":136,"column":48},"end":{"line":136,"column":50}}]},"5":{"loc":{"start":{"line":136,"column":18},"end":{"line":136,"column":48}},"type":"binary-expr","locations":[{"start":{"line":136,"column":18},"end":{"line":136,"column":48}},{"start":{"line":136,"column":44},"end":{"line":136,"column":48}}]},"6":{"loc":{"start":{"line":163,"column":2},"end":{"line":168,"column":3}},"type":"if","locations":[{"start":{"line":163,"column":2},"end":{"line":168,"column":3}}]},"7":{"loc":{"start":{"line":192,"column":2},"end":{"line":203,"column":3}},"type":"if","locations":[{"start":{"line":192,"column":2},"end":{"line":203,"column":3}}]},"8":{"loc":{"start":{"line":207,"column":4},"end":{"line":218,"column":10}},"type":"cond-expr","locations":[{"start":{"line":208,"column":8},"end":{"line":217,"column":8}},{"start":{"line":218,"column":8},"end":{"line":218,"column":10}}]},"9":{"loc":{"start":{"line":231,"column":23},"end":{"line":231,"column":95}},"type":"cond-expr","locations":[{"start":{"line":231,"column":87},"end":{"line":231,"column":91}},{"start":{"line":231,"column":91},"end":{"line":231,"column":95}}]},"10":{"loc":{"start":{"line":231,"column":23},"end":{"line":231,"column":91}},"type":"binary-expr","locations":[{"start":{"line":231,"column":23},"end":{"line":231,"column":91}},{"start":{"line":231,"column":87},"end":{"line":231,"column":91}}]},"11":{"loc":{"start":{"line":231,"column":23},"end":{"line":231,"column":87}},"type":"cond-expr","locations":[{"start":{"line":231,"column":40},"end":{"line":231,"column":44}},{"start":{"line":231,"column":44},"end":{"line":231,"column":87}}]},"12":{"loc":{"start":{"line":231,"column":23},"end":{"line":231,"column":44}},"type":"binary-expr","locations":[{"start":{"line":231,"column":23},"end":{"line":231,"column":44}},{"start":{"line":231,"column":40},"end":{"line":231,"column":44}}]},"13":{"loc":{"start":{"line":231,"column":44},"end":{"line":231,"column":87}},"type":"cond-expr","locations":[{"start":{"line":231,"column":70},"end":{"line":231,"column":72}},{"start":{"line":231,"column":70},"end":{"line":231,"column":87}}]},"14":{"loc":{"start":{"line":231,"column":44},"end":{"line":231,"column":72}},"type":"binary-expr","locations":[{"start":{"line":231,"column":44},"end":{"line":231,"column":72}},{"start":{"line":231,"column":70},"end":{"line":231,"column":72}}]},"15":{"loc":{"start":{"line":233,"column":19},"end":{"line":233,"column":43}},"type":"cond-expr","locations":[{"start":{"line":233,"column":38},"end":{"line":233,"column":42}},{"start":{"line":233,"column":42},"end":{"line":233,"column":43}}]},"16":{"loc":{"start":{"line":233,"column":19},"end":{"line":233,"column":42}},"type":"binary-expr","locations":[{"start":{"line":233,"column":19},"end":{"line":233,"column":42}},{"start":{"line":233,"column":38},"end":{"line":233,"column":42}}]},"17":{"loc":{"start":{"line":239,"column":4},"end":{"line":248,"column":5}},"type":"if","locations":[{"start":{"line":239,"column":4},"end":{"line":248,"column":5}}]},"18":{"loc":{"start":{"line":277,"column":2},"end":{"line":279,"column":3}},"type":"if","locations":[{"start":{"line":277,"column":2},"end":{"line":279,"column":3}}]},"19":{"loc":{"start":{"line":297,"column":4},"end":{"line":299,"column":5}},"type":"if","locations":[{"start":{"line":297,"column":4},"end":{"line":299,"column":5}}]},"20":{"loc":{"start":{"line":311,"column":2},"end":{"line":313,"column":3}},"type":"if","locations":[{"start":{"line":311,"column":2},"end":{"line":313,"column":3}}]},"21":{"loc":{"start":{"line":333,"column":6},"end":{"line":335,"column":7}},"type":"if","locations":[{"start":{"line":333,"column":6},"end":{"line":335,"column":7}}]},"22":{"loc":{"start":{"line":357,"column":4},"end":{"line":392,"column":5}},"type":"if","locations":[{"start":{"line":357,"column":4},"end":{"line":392,"column":5}},{"start":{"line":378,"column":11},"end":{"line":392,"column":5}}]},"23":{"loc":{"start":{"line":364,"column":27},"end":{"line":364,"column":51}},"type":"cond-expr","locations":[{"start":{"line":364,"column":46},"end":{"line":364,"column":50}},{"start":{"line":364,"column":50},"end":{"line":364,"column":51}}]},"24":{"loc":{"start":{"line":364,"column":27},"end":{"line":364,"column":50}},"type":"binary-expr","locations":[{"start":{"line":364,"column":27},"end":{"line":364,"column":50}},{"start":{"line":364,"column":46},"end":{"line":364,"column":50}}]},"25":{"loc":{"start":{"line":374,"column":26},"end":{"line":374,"column":65}},"type":"cond-expr","locations":[{"start":{"line":374,"column":57},"end":{"line":374,"column":61}},{"start":{"line":374,"column":61},"end":{"line":374,"column":65}}]},"26":{"loc":{"start":{"line":374,"column":26},"end":{"line":374,"column":61}},"type":"binary-expr","locations":[{"start":{"line":374,"column":26},"end":{"line":374,"column":61}},{"start":{"line":374,"column":57},"end":{"line":374,"column":61}}]},"27":{"loc":{"start":{"line":374,"column":26},"end":{"line":374,"column":57}},"type":"cond-expr","locations":[{"start":{"line":374,"column":42},"end":{"line":374,"column":44}},{"start":{"line":374,"column":26},"end":{"line":374,"column":57}}]},"28":{"loc":{"start":{"line":374,"column":26},"end":{"line":374,"column":44}},"type":"binary-expr","locations":[{"start":{"line":374,"column":26},"end":{"line":374,"column":44}},{"start":{"line":374,"column":26},"end":{"line":374,"column":44}}]},"29":{"loc":{"start":{"line":375,"column":30},"end":{"line":375,"column":75}},"type":"cond-expr","locations":[{"start":{"line":375,"column":54},"end":{"line":375,"column":68}},{"start":{"line":375,"column":71},"end":{"line":375,"column":75}}]},"30":{"loc":{"start":{"line":376,"column":22},"end":{"line":376,"column":72}},"type":"binary-expr","locations":[{"start":{"line":376,"column":22},"end":{"line":376,"column":44}},{"start":{"line":376,"column":48},"end":{"line":376,"column":72}}]},"31":{"loc":{"start":{"line":380,"column":33},"end":{"line":380,"column":83}},"type":"cond-expr","locations":[{"start":{"line":380,"column":46},"end":{"line":380,"column":78}},{"start":{"line":380,"column":82},"end":{"line":380,"column":83}}]},"32":{"loc":{"start":{"line":380,"column":46},"end":{"line":380,"column":78}},"type":"cond-expr","locations":[{"start":{"line":380,"column":73},"end":{"line":380,"column":77}},{"start":{"line":380,"column":77},"end":{"line":380,"column":78}}]},"33":{"loc":{"start":{"line":380,"column":46},"end":{"line":380,"column":77}},"type":"binary-expr","locations":[{"start":{"line":380,"column":46},"end":{"line":380,"column":77}},{"start":{"line":380,"column":73},"end":{"line":380,"column":77}}]},"34":{"loc":{"start":{"line":386,"column":10},"end":{"line":386,"column":68}},"type":"cond-expr","locations":[{"start":{"line":386,"column":63},"end":{"line":386,"column":64}},{"start":{"line":386,"column":67},"end":{"line":386,"column":68}}]},"35":{"loc":{"start":{"line":386,"column":10},"end":{"line":386,"column":27}},"type":"cond-expr","locations":[{"start":{"line":386,"column":19},"end":{"line":386,"column":21}},{"start":{"line":386,"column":10},"end":{"line":386,"column":27}}]},"36":{"loc":{"start":{"line":386,"column":10},"end":{"line":386,"column":21}},"type":"binary-expr","locations":[{"start":{"line":386,"column":10},"end":{"line":386,"column":21}},{"start":{"line":386,"column":10},"end":{"line":386,"column":21}}]},"37":{"loc":{"start":{"line":388,"column":26},"end":{"line":388,"column":65}},"type":"cond-expr","locations":[{"start":{"line":388,"column":57},"end":{"line":388,"column":61}},{"start":{"line":388,"column":61},"end":{"line":388,"column":65}}]},"38":{"loc":{"start":{"line":388,"column":26},"end":{"line":388,"column":61}},"type":"binary-expr","locations":[{"start":{"line":388,"column":26},"end":{"line":388,"column":61}},{"start":{"line":388,"column":57},"end":{"line":388,"column":61}}]},"39":{"loc":{"start":{"line":388,"column":26},"end":{"line":388,"column":57}},"type":"cond-expr","locations":[{"start":{"line":388,"column":42},"end":{"line":388,"column":44}},{"start":{"line":388,"column":26},"end":{"line":388,"column":57}}]},"40":{"loc":{"start":{"line":388,"column":26},"end":{"line":388,"column":44}},"type":"binary-expr","locations":[{"start":{"line":388,"column":26},"end":{"line":388,"column":44}},{"start":{"line":388,"column":26},"end":{"line":388,"column":44}}]},"41":{"loc":{"start":{"line":389,"column":30},"end":{"line":389,"column":51}},"type":"cond-expr","locations":[{"start":{"line":389,"column":43},"end":{"line":389,"column":47}},{"start":{"line":389,"column":47},"end":{"line":389,"column":51}}]},"42":{"loc":{"start":{"line":389,"column":30},"end":{"line":389,"column":47}},"type":"binary-expr","locations":[{"start":{"line":389,"column":30},"end":{"line":389,"column":47}},{"start":{"line":389,"column":43},"end":{"line":389,"column":47}}]},"43":{"loc":{"start":{"line":389,"column":30},"end":{"line":389,"column":43}},"type":"cond-expr","locations":[{"start":{"line":389,"column":39},"end":{"line":389,"column":41}},{"start":{"line":389,"column":30},"end":{"line":389,"column":43}}]},"44":{"loc":{"start":{"line":389,"column":30},"end":{"line":389,"column":41}},"type":"binary-expr","locations":[{"start":{"line":389,"column":30},"end":{"line":389,"column":41}},{"start":{"line":389,"column":30},"end":{"line":389,"column":41}}]},"45":{"loc":{"start":{"line":401,"column":28},"end":{"line":401,"column":80}},"type":"cond-expr","locations":[{"start":{"line":401,"column":47},"end":{"line":401,"column":51}},{"start":{"line":401,"column":51},"end":{"line":401,"column":80}}]},"46":{"loc":{"start":{"line":401,"column":28},"end":{"line":401,"column":51}},"type":"binary-expr","locations":[{"start":{"line":401,"column":28},"end":{"line":401,"column":51}},{"start":{"line":401,"column":47},"end":{"line":401,"column":51}}]}},"s":{"0":8,"1":8,"2":8,"3":23,"4":8,"5":8,"6":0,"7":0,"8":0,"9":8,"10":8,"11":1,"12":1,"13":8,"14":8,"15":1,"16":1,"17":1,"18":1,"19":8,"20":8,"21":8,"22":8,"23":8,"24":6,"25":8,"26":8,"27":0,"28":8,"29":6,"30":8,"31":8,"32":8,"33":8,"34":8,"35":8,"36":6,"37":6,"38":6,"39":6,"40":8,"41":5,"42":5,"43":6,"44":3,"45":5,"46":8,"47":8,"48":8,"49":8,"50":0,"51":8,"52":8,"53":24,"54":12,"55":8,"56":8,"57":5,"58":5,"59":4,"60":8,"61":24,"62":8,"63":8,"64":2,"65":8,"66":4,"67":8,"68":8,"69":24,"70":24,"71":8,"72":4,"73":0,"74":8,"75":8,"76":8,"77":8,"78":8,"79":8,"80":0,"81":8,"82":8,"83":8,"84":4,"85":4,"86":8,"87":8,"88":8,"89":8,"90":8,"91":0,"92":8,"93":59,"94":8,"95":59,"96":8,"97":8,"98":38,"99":8,"100":8,"101":8,"102":8,"103":1,"104":7,"105":7,"106":4,"107":7,"108":8,"109":59,"110":59,"111":291,"112":59,"113":17,"114":12,"115":17,"116":12,"117":17,"118":12,"119":17,"120":12,"121":17,"122":17,"123":42,"124":24,"125":42,"126":42,"127":42,"128":8,"129":8,"130":8,"131":59,"132":8},"f":{"0":23,"1":0,"2":0,"3":1,"4":1,"5":1,"6":1,"7":8,"8":8,"9":6,"10":0,"11":6,"12":8,"13":8,"14":5,"15":6,"16":3,"17":5,"18":8,"19":8,"20":24,"21":12,"22":4,"23":24,"24":2,"25":4,"26":8,"27":8,"28":8,"29":8,"30":59,"31":59,"32":38,"33":8,"34":8,"35":4,"36":291,"37":12,"38":12,"39":12,"40":12,"41":24,"42":59},"b":{"0":[0,1],"1":[2,6],"2":[0,6],"3":[6,6],"4":[1,5],"5":[6,6],"6":[0],"7":[5],"8":[5,3],"9":[4,20],"10":[24,24],"11":[4,20],"12":[24,4],"13":[20,0],"14":[20,20],"15":[2,22],"16":[24,24],"17":[0],"18":[0],"19":[4],"20":[0],"21":[1],"22":[17,42],"23":[2,10],"24":[12,12],"25":[2,15],"26":[17,17],"27":[15,2],"28":[17,17],"29":[4,13],"30":[17,15],"31":[24,18],"32":[2,22],"33":[24,24],"34":[12,30],"35":[18,24],"36":[42,42],"37":[2,40],"38":[42,42],"39":[40,2],"40":[42,42],"41":[24,18],"42":[42,42],"43":[18,24],"44":[42,42],"45":[59,0],"46":[59,59]}}
,"/Users/kingsleyeneja/study_projects/my-apps/quickpeek/quickpeek_backend/src/common/utils/reviews.utils.ts": {"path":"/Users/kingsleyeneja/study_projects/my-apps/quickpeek/quickpeek_backend/src/common/utils/reviews.utils.ts","statementMap":{"0":{"start":{"line":1,"column":0},"end":{"line":1,"column":92}},"1":{"start":{"line":2,"column":0},"end":{"line":2,"column":55}},"2":{"start":{"line":3,"column":0},"end":{"line":3,"column":79}},"3":{"start":{"line":4,"column":0},"end":{"line":4,"column":44}},"4":{"start":{"line":5,"column":0},"end":{"line":5,"column":57}},"5":{"start":{"line":7,"column":13},"end":{"line":7,"column":47}},"6":{"start":{"line":8,"column":13},"end":{"line":8,"column":48}},"7":{"start":{"line":20,"column":31},"end":{"line":31,"column":2}},"8":{"start":{"line":20,"column":70},"end":{"line":31,"column":2}},"9":{"start":{"line":21,"column":50},"end":{"line":28,"column":4}},"10":{"start":{"line":30,"column":2},"end":{"line":30,"column":51}},"11":{"start":{"line":38,"column":37},"end":{"line":58,"column":2}},"12":{"start":{"line":40,"column":33},"end":{"line":58,"column":2}},"13":{"start":{"line":41,"column":2},"end":{"line":43,"column":3}},"14":{"start":{"line":42,"column":4},"end":{"line":42,"column":16}},"15":{"start":{"line":45,"column":2},"end":{"line":47,"column":3}},"16":{"start":{"line":46,"column":4},"end":{"line":46,"column":29}},"17":{"start":{"line":49,"column":52},"end":{"line":49,"column":89}},"18":{"start":{"line":50,"column":2},"end":{"line":55,"column":3}},"19":{"start":{"line":54,"column":4},"end":{"line":54,"column":32}},"20":{"start":{"line":57,"column":2},"end":{"line":57,"column":14}},"21":{"start":{"line":38,"column":13},"end":{"line":38,"column":37}},"22":{"start":{"line":60,"column":32},"end":{"line":63,"column":2}},"23":{"start":{"line":60,"column":89},"end":{"line":63,"column":2}},"24":{"start":{"line":61,"column":17},"end":{"line":61,"column":53}},"25":{"start":{"line":62,"column":2},"end":{"line":62,"column":25}},"26":{"start":{"line":60,"column":13},"end":{"line":60,"column":32}},"27":{"start":{"line":65,"column":26},"end":{"line":68,"column":2}},"28":{"start":{"line":65,"column":54},"end":{"line":68,"column":2}},"29":{"start":{"line":66,"column":15},"end":{"line":66,"column":48}},"30":{"start":{"line":67,"column":2},"end":{"line":67,"column":36}},"31":{"start":{"line":70,"column":37},"end":{"line":96,"column":2}},"32":{"start":{"line":70,"column":98},"end":{"line":96,"column":2}},"33":{"start":{"line":71,"column":42},"end":{"line":84,"column":4}},"34":{"start":{"line":86,"column":2},"end":{"line":91,"column":3}},"35":{"start":{"line":90,"column":4},"end":{"line":90,"column":16}},"36":{"start":{"line":93,"column":31},"end":{"line":93,"column":89}},"37":{"start":{"line":94,"column":32},"end":{"line":94,"column":92}},"38":{"start":{"line":95,"column":2},"end":{"line":95,"column":101}},"39":{"start":{"line":99,"column":33},"end":{"line":110,"column":2}},"40":{"start":{"line":99,"column":94},"end":{"line":110,"column":2}},"41":{"start":{"line":100,"column":17},"end":{"line":100,"column":53}},"42":{"start":{"line":101,"column":2},"end":{"line":103,"column":3}},"43":{"start":{"line":102,"column":4},"end":{"line":102,"column":16}},"44":{"start":{"line":105,"column":2},"end":{"line":107,"column":3}},"45":{"start":{"line":106,"column":4},"end":{"line":106,"column":39}},"46":{"start":{"line":109,"column":2},"end":{"line":109,"column":47}},"47":{"start":{"line":99,"column":13},"end":{"line":99,"column":33}},"48":{"start":{"line":112,"column":37},"end":{"line":119,"column":2}},"49":{"start":{"line":112,"column":98},"end":{"line":119,"column":2}},"50":{"start":{"line":113,"column":19},"end":{"line":113,"column":51}},"51":{"start":{"line":114,"column":2},"end":{"line":116,"column":3}},"52":{"start":{"line":115,"column":4},"end":{"line":115,"column":16}},"53":{"start":{"line":118,"column":2},"end":{"line":118,"column":68}},"54":{"start":{"line":112,"column":13},"end":{"line":112,"column":37}},"55":{"start":{"line":121,"column":34},"end":{"line":128,"column":2}},"56":{"start":{"line":121,"column":91},"end":{"line":128,"column":2}},"57":{"start":{"line":122,"column":17},"end":{"line":122,"column":53}},"58":{"start":{"line":123,"column":2},"end":{"line":125,"column":3}},"59":{"start":{"line":124,"column":4},"end":{"line":124,"column":17}},"60":{"start":{"line":127,"column":2},"end":{"line":127,"column":39}},"61":{"start":{"line":121,"column":13},"end":{"line":121,"column":34}},"62":{"start":{"line":130,"column":39},"end":{"line":159,"column":2}},"63":{"start":{"line":130,"column":88},"end":{"line":159,"column":2}},"64":{"start":{"line":131,"column":14},"end":{"line":131,"column":24}},"65":{"start":{"line":132,"column":24},"end":{"line":134,"column":4}},"66":{"start":{"line":136,"column":2},"end":{"line":138,"column":3}},"67":{"start":{"line":137,"column":4},"end":{"line":137,"column":11}},"68":{"start":{"line":140,"column":2},"end":{"line":143,"column":5}},"69":{"start":{"line":145,"column":19},"end":{"line":145,"column":73}},"70":{"start":{"line":145,"column":57},"end":{"line":145,"column":71}},"71":{"start":{"line":146,"column":2},"end":{"line":158,"column":3}},"72":{"start":{"line":147,"column":18},"end":{"line":152,"column":null}},"73":{"start":{"line":148,"column":26},"end":{"line":148,"column":52}},"74":{"start":{"line":150,"column":8},"end":{"line":152,"column":36}},"75":{"start":{"line":155,"column":4},"end":{"line":157,"column":5}},"76":{"start":{"line":156,"column":6},"end":{"line":156,"column":56}},"77":{"start":{"line":130,"column":13},"end":{"line":130,"column":39}},"78":{"start":{"line":161,"column":38},"end":{"line":176,"column":2}},"79":{"start":{"line":161,"column":90},"end":{"line":176,"column":2}},"80":{"start":{"line":162,"column":18},"end":{"line":162,"column":78}},"81":{"start":{"line":163,"column":2},"end":{"line":165,"column":3}},"82":{"start":{"line":164,"column":4},"end":{"line":164,"column":17}},"83":{"start":{"line":167,"column":30},"end":{"line":167,"column":90}},"84":{"start":{"line":167,"column":50},"end":{"line":167,"column":89}},"85":{"start":{"line":168,"column":29},"end":{"line":168,"column":88}},"86":{"start":{"line":168,"column":49},"end":{"line":168,"column":87}},"87":{"start":{"line":170,"column":2},"end":{"line":172,"column":3}},"88":{"start":{"line":171,"column":4},"end":{"line":171,"column":17}},"89":{"start":{"line":174,"column":2},"end":{"line":174,"column":49}},"90":{"start":{"line":175,"column":2},"end":{"line":175,"column":14}},"91":{"start":{"line":161,"column":13},"end":{"line":161,"column":38}},"92":{"start":{"line":179,"column":13},"end":{"line":179,"column":64}}},"fnMap":{"0":{"name":"(anonymous_8)","decl":{"start":{"line":20,"column":31},"end":{"line":20,"column":38}},"loc":{"start":{"line":20,"column":70},"end":{"line":31,"column":2}}},"1":{"name":"(anonymous_9)","decl":{"start":{"line":20,"column":70},"end":{"line":20,"column":null}},"loc":{"start":{"line":20,"column":70},"end":{"line":31,"column":1}}},"2":{"name":"(anonymous_10)","decl":{"start":{"line":38,"column":37},"end":{"line":38,"column":null}},"loc":{"start":{"line":40,"column":33},"end":{"line":58,"column":2}}},"3":{"name":"(anonymous_11)","decl":{"start":{"line":40,"column":33},"end":{"line":4
[...]
":{"start":{"line":70,"column":17},"end":{"line":80,"column":6}},"44":{"start":{"line":82,"column":4},"end":{"line":84,"column":5}},"45":{"start":{"line":83,"column":6},"end":{"line":83,"column":74}},"46":{"start":{"line":86,"column":18},"end":{"line":86,"column":90}},"47":{"start":{"line":87,"column":4},"end":{"line":93,"column":7}},"48":{"start":{"line":95,"column":77},"end":{"line":95,"column":81}},"49":{"start":{"line":95,"column":72},"end":{"line":95,"column":77}},"50":{"start":{"line":96,"column":4},"end":{"line":96,"column":96}},"51":{"start":{"line":98,"column":4},"end":{"line":98,"column":56}},"52":{"start":{"line":65,"column":13},"end":{"line":65,"column":25}},"53":{"start":{"line":106,"column":30},"end":{"line":138,"column":2}},"54":{"start":{"line":106,"column":68},"end":{"line":138,"column":2}},"55":{"start":{"line":107,"column":2},"end":{"line":137,"column":3}},"56":{"start":{"line":108,"column":19},"end":{"line":108,"column":35}},"57":{"start":{"line":109,"column":17},"end":{"line":114,"column":6}},"58":{"start":{"line":116,"column":4},"end":{"line":118,"column":5}},"59":{"start":{"line":117,"column":6},"end":{"line":117,"column":63}},"60":{"start":{"line":120,"column":40},"end":{"line":123,"column":6}},"61":{"start":{"line":125,"column":38},"end":{"line":125,"column":42}},"62":{"start":{"line":125,"column":33},"end":{"line":125,"column":38}},"63":{"start":{"line":126,"column":4},"end":{"line":133,"column":7}},"64":{"start":{"line":135,"column":4},"end":{"line":135,"column":50}},"65":{"start":{"line":136,"column":4},"end":{"line":136,"column":75}},"66":{"start":{"line":106,"column":13},"end":{"line":106,"column":30}},"67":{"start":{"line":145,"column":33},"end":{"line":192,"column":2}},"68":{"start":{"line":145,"column":71},"end":{"line":192,"column":2}},"69":{"start":{"line":146,"column":2},"end":{"line":191,"column":3}},"70":{"start":{"line":147,"column":19},"end":{"line":147,"column":35}},"71":{"start":{"line":148,"column":107},"end":{"line":148,"column":115}},"72":{"start":{"line":150,"column":20},"end":{"line":163,"column":6}},"73":{"start":{"line":165,"column":40},"end":{"line":168,"column":6}},"74":{"start":{"line":169,"column":38},"end":{"line":169,"column":45}},"75":{"start":{"line":169,"column":33},"end":{"line":169,"column":38}},"76":{"start":{"line":171,"column":4},"end":{"line":178,"column":7}},"77":{"start":{"line":180,"column":4},"end":{"line":188,"column":5}},"78":{"start":{"line":182,"column":26},"end":{"line":182,"column":56}},"79":{"start":{"line":183,"column":25},"end":{"line":183,"column":54}},"80":{"start":{"line":184,"column":6},"end":{"line":186,"column":7}},"81":{"start":{"line":185,"column":8},"end":{"line":185,"column":79}},"82":{"start":{"line":187,"column":6},"end":{"line":187,"column":59}},"83":{"start":{"line":189,"column":4},"end":{"line":189,"column":53}},"84":{"start":{"line":190,"column":4},"end":{"line":190,"column":76}},"85":{"start":{"line":145,"column":13},"end":{"line":145,"column":33}},"86":{"start":{"line":198,"column":38},"end":{"line":241,"column":2}},"87":{"start":{"line":198,"column":76},"end":{"line":241,"column":2}},"88":{"start":{"line":199,"column":2},"end":{"line":240,"column":3}},"89":{"start":{"line":200,"column":19},"end":{"line":200,"column":35}},"90":{"start":{"line":201,"column":18},"end":{"line":201,"column":69}},"91":{"start":{"line":203,"column":4},"end":{"line":205,"column":5}},"92":{"start":{"line":204,"column":6},"end":{"line":204,"column":71}},"93":{"start":{"line":208,"column":4},"end":{"line":213,"column":5}},"94":{"start":{"line":209,"column":6},"end":{"line":209,"column":62}},"95":{"start":{"line":211,"column":6},"end":{"line":211,"column":63}},"96":{"start":{"line":212,"column":6},"end":{"line":212,"column":90}},"97":{"start":{"line":215,"column":20},"end":{"line":221,"column":6}},"98":{"start":{"line":223,"column":40},"end":{"line":226,"column":6}},"99":{"start":{"line":227,"column":38},"end":{"line":227,"column":45}},"100":{"start":{"line":227,"column":33},"end":{"line":227,"column":38}},"101":{"start":{"line":229,"column":4},"end":{"line":236,"column":7}},"102":{"start":{"line":238,"column":4},"end":{"line":238,"column":58}},"103":{"start":{"line":239,"column":4},"end":{"line":239,"column":77}},"104":{"start":{"line":198,"column":13},"end":{"line":198,"column":38}},"105":{"start":{"line":247,"column":36},"end":{"line":325,"column":2}},"106":{"start":{"line":247,"column":74},"end":{"line":325,"column":2}},"107":{"start":{"line":248,"column":2},"end":{"line":324,"column":3}},"108":{"start":{"line":249,"column":19},"end":{"line":249,"column":29}},"109":{"start":{"line":250,"column":17},"end":{"line":250,"column":73}},"110":{"start":{"line":251,"column":18},"end":{"line":251,"column":90}},"111":{"start":{"line":252,"column":17},"end":{"line":252,"column":35}},"112":{"start":{"line":254,"column":17},"end":{"line":263,"column":6}},"113":{"start":{"line":265,"column":4},"end":{"line":267,"column":5}},"114":{"start":{"line":266,"column":6},"end":{"line":266,"column":63}},"115":{"start":{"line":270,"column":6},"end":{"line":289,"column":8}},"116":{"start":{"line":291,"column":4},"end":{"line":320,"column":7}},"117":{"start":{"line":299,"column":41},"end":{"line":312,"column":11}},"118":{"start":{"line":322,"column":4},"end":{"line":322,"column":56}},"119":{"start":{"line":323,"column":4},"end":{"line":323,"column":75}},"120":{"start":{"line":247,"column":13},"end":{"line":247,"column":36}}},"fnMap":{"0":{"name":"(anonymous_9)","decl":{"start":{"line":19,"column":21},"end":{"line":19,"column":22}},"loc":{"start":{"line":19,"column":79},"end":{"line":22,"column":2}}},"1":{"name":"(anonymous_10)","decl":{"start":{"line":24,"column":28},"end":{"line":24,"column":35}},"loc":{"start":{"line":24,"column":66},"end":{"line":63,"column":2}}},"2":{"name":"(anonymous_11)","decl":{"start":{"line":24,"column":66},"end":{"line":24,"column":null}},"loc":{"start":{"line":24,"column":66},"end":{"line":63,"column":1}}},"3":{"name":"(anonymous_12)","decl":{"start":{"line":65,"column":25},"end":{"line":65,"column":32}},"loc":{"start":{"line":65,"column":63},"end":{"line":100,"column":2}}},"4":{"name":"(anonymous_13)","decl":{"start":{"line":65,"column":63},"end":{"line":65,"column":null}},"loc":{"start":{"line":65,"column":63},"end":{"line":100,"column":1}}},"5":{"name":"(anonymous_14)","decl":{"start":{"line":106,"column":30},"end":{"line":106,"column":37}},"loc":{"start":{"line":106,"column":68},"end":{"line":138,"column":2}}},"6":{"name":"(anonymous_15)","decl":{"start":{"line":106,"column":68},"end":{"line":106,"column":null}},"loc":{"start":{"line":106,"column":68},"end":{"line":138,"column":1}}},"7":{"name":"(anonymous_16)","decl":{"start":{"line":145,"column":33},"end":{"line":145,"column":40}},"loc":{"start":{"line":145,"column":71},"end":{"line":192,"column":2}}},"8":{"name":"(anonymous_17)","decl":{"start":{"line":145,"column":71},"end":{"line":145,"column":null}},"loc":{"start":{"line":145,"column":71},"end":{"line":192,"column":1}}},"9":{"name":"(anonymous_18)","decl":{"start":{"line":198,"column":38},"end":{"line":198,"column":45}},"loc":{"start":{"line":198,"column":76},"end":{"line":241,"column":2}}},"10":{"name":"(anonymous_19)","decl":{"start":{"line":198,"column":76},"end":{"line":198,"column":null}},"loc":{"start":{"line":198,"column":76},"end":{"line":241,"column":1}}},"11":{"name":"(anonymous_20)","decl":{"start":{"line":247,"column":36},"end":{"line":247,"column":43}},"loc":{"start":{"line":247,"column":74},"end":{"line":325,"column":2}}},"12":{"name":"(anonymous_21)","decl":{"start":{"line":247,"column":74},"end":{"line":247,"column":null}},"loc":{"start":{"line":247,"column":74},"end":{"line":325,"column":1}}},"13":{"name":"(anonymous_22)","decl":{"start":{"line":299,"column":29},"end":{"line":299,"column":30}},"loc":{"start":{"line":299,"column":40},"end":{"line":312,"column":11}}}},"branchMap":{"0":{"loc":{"start":{"line":44,"column":4},"end":{"line":59,"column":5}},"type":"if","locations":[{"start":{"line":44,"column":4},"end":{"line":59,"column":5}}]},"1":{"loc":{"start":{"line":45,"column":6},"end":{"line":58,"column":7}},"type":"if","locations":[{"start":{"line":45,"column":6},"end":{"line":58,"column":7}}]},"2":{"loc":{"start":{"line":46,"column":28},"end":{"line":46,"column":58}},"type":"cond-expr","locations":[{"start":{"line":46,"column":38},"end":{"line":46,"column":40}},{"start":{"line":46,"column":38},"end":{"line":46,"column":58}}]},"3":{"loc":{"start":{"line":46,"column":28},"end":{"line":46,"column":40}},"type":"binary-expr","locations":[{"start":{"line":46,"column":28},"end":{"line":46,"column":40}},{"start":{"line":46,"column":38},"end":{"line":46,"column":40}}]},"4":{"loc":{"start":{"line":49,"column":8},"end":{"line":55,"column":9}},"type":"if","locations":[{"start":{"line":49,"column":8},"end":{"line":55,"column":9}},{"start":{"line":52,"column":15},"end":{"line":55,"column":9}}]},"5":{"loc":{"start":{"line":49,"column":12},"end":{"line":49,"column":56}},"type":"binary-expr","locations":[{"start":{"line":49,"column":12},"end":{"line":49,"column":23}},{"start":{"line":49,"column":27},"end":{"line":49,"column":56}}]},"6":{"loc":{"start":{"line":52,"column":15},"end":{"line":55,"column":9}},"type":"if","locations":[{"start":{"line":52,"column":15},"end":{"line":55,"column":9}}]},"7":{"loc":{"start":{"line":52,"column":19},"end":{"line":52,"column":66}},"type":"binary-expr","locations":[{"start":{"line":52,"column":19},"end":{"line":52,"column":30}},{"start":{"line":52,"column":34},"end":{"line":52,"column":66}}]},"8":{"loc":{"start":{"line":82,"column":4},"end":{"line":84,"column":5}},"type":"if","locations":[{"start":{"line":82,"column":4},"end":{"line":84,"column":5}}]},"9":{"loc":{"start":{"line":82,"column":8},"end":{"line":82,"column":65}},"type":"binary-expr","locations":[{"start":{"line":82,"column":8},"end":{"line":82,"column":13}},{"start":{"line":82,"column":17},"end":{"line":82,"column":65}}]},"10":{"loc":{"start":{"line":116,"column":4},"end":{"line":118,"column":5}},"type":"if","locations":[{"start":{"line":116,"column":4},"end":{"line":118,"column":5}}]},"11":{"loc":{"start":{"line":153,"column":12},"end":{"line":153,"column":46}},"type":"cond-expr","locations":[{"start":{"line":153,"column":33},"end":{"line":153,"column":41}},{"start":{"line":153,"column":44},"end":{"line":153,"column":46}}]},"12":{"loc":{"start":{"line":154,"column":12},"end":{"line":154,"column":54}},"type":"cond-expr","locations":[{"start":{"line":154,"column":37},"end":{"line":154,"column":49}},{"start":{"line":154,"column":52},"end":{"line":154,"column":54}}]},"13":{"loc":{"start":{"line":155,"column":12},"end":{"line":155,"column":78}},"type":"cond-expr","locations":[{"start":{"line":155,"column":49},"end":{"line":155,"column":73}},{"start":{"line":155,"column":76},"end":{"line":155,"column":78}}]},"14":{"loc":{"start":{"line":156,"column":12},"end":{"line":156,"column":82}},"type":"cond-expr","locations":[{"start":{"line":156,"column":51},"end":{"line":156,"column":77}},{"start":{"line":156,"column":80},"end":{"line":156,"column":82}}]},"15":{"loc":{"start":{"line":157,"column":12},"end":{"line":157,"column":60}},"type":"cond-expr","locations":[{"start":{"line":157,"column":40},"end":{"line":157,"column":55}},{"start":{"line":157,"column":58},"end":{"line":157,"column":60}}]},"16":{"loc":{"start":{"line":158,"column":12},"end":{"line":158,"column":68}},"type":"cond-expr","locations":[{"start":{"line":158,"column":44},"end":{"line":158,"column":63}},{"start":{"line":158,"column":66},"end":{"line":158,"column":68}}]},"17":{"loc":{"start":{"line":180,"column":4},"end":{"line":188,"column":5}},"type":"if","locations":[{"start":{"line":180,"column":4},"end":{"line":188,"column":5}}]},"18":{"loc":{"start":{"line":180,"column":8},"end":{"line":181,"column":60}},"type":"binary-expr","locations":[{"start":{"line":180,"column":8},"end":{"line":180,"column":61}},{"start":{"line":181,"column":6},"end":{"line":181,"column":60}}]},"19":{"loc":{"start":{"line":182,"column":26},"end":{"line":182,"column":56}},"type":"cond-expr","locations":[{"start":{"line":182,"column":36},"end":{"line":182,"column":38}},{"start":{"line":182,"column":36},"end":{"line":182,"column":56}}]},"20":{"loc":{"start":{"line":182,"column":26},"end":{"line":182,"column":38}},"type":"binary-expr","locations":[{"start":{"line":182,"column":26},"end":{"line":182,"column":38}},{"start":{"line":182,"column":36},"end":{"line":182,"column":38}}]},"21":{"loc":{"start":{"line":184,"column":6},"end":{"line":186,"column":7}},"type":"if","locations":[{"start":{"line":184,"column":6},"end":{"line":186,"column":7}}]},"22":{"loc":{"start":{"line":184,"column":10},"end":{"line":184,"column":57}},"type":"binary-expr","locations":[{"start":{"line":184,"column":10},"end":{"line":184,"column":21}},{"start":{"line":184,"column":25},"end":{"line":184,"column":57}}]},"23":{"loc":{"start":{"line":203,"column":4},"end":{"line":205,"column":5}},"type":"if","locations":[{"start":{"line":203,"column":4},"end":{"line":205,"column":5}}]},"24":{"loc":{"start":{"line":212,"column":43},"end":{"line":212,"column":86}},"type":"binary-expr","locations":[{"start":{"line":212,"column":43},"end":{"line":212,"column":61}},{"start":{"line":212,"column":65},"end":{"line":212,"column":86}}]},"25":{"loc":{"start":{"line":212,"column":43},"end":{"line":212,"column":61}},"type":"cond-expr","locations":[{"start":{"line":212,"column":52},"end":{"line":212,"column":54}},{"start":{"line":212,"column":43},"end":{"line":212,"column":61}}]},"26":{"loc":{"start":{"line":212,"column":43},"end":{"line":212,"column":54}},"type":"binary-expr","locations":[{"start":{"line":212,"column":43},"end":{"line":212,"column":54}},{"start":{"line":212,"column":43},"end":{"line":212,"column":54}}]},"27":{"loc":{"start":{"line":250,"column":42},"end":{"line":250,"column":63}},"type":"binary-expr","locations":[{"start":{"line":250,"column":42},"end":{"line":250,"column":56}},{"start":{"line":250,"column":60},"end":{"line":250,"column":63}}]},"28":{"loc":{"start":{"line":251,"column":52},"end":{"line":251,"column":75}},"type":"binary-expr","locations":[{"start":{"line":251,"column":52},"end":{"line":251,"column":67}},{"start":{"line":251,"column":71},"end":{"line":251,"column":75}}]},"29":{"loc":{"start":{"line":265,"column":4},"end":{"line":267,"column":5}},"type":"if","locations":[{"start":{"line":265,"column":4},"end":{"line":267,"column":5}}]},"30":{"loc":{"start":{"line":305,"column":22},"end":{"line":305,"column":62}},"type":"cond-expr","locations":[{"start":{"line":305,"column":54},"end":{"line":305,"column":58}},{"start":{"line":305,"column":58},"end":{"line":305,"column":62}}]},"31":{"loc":{"start":{"line":305,"column":22},"end":{"line":305,"column":58}},"type":"binary-expr","locations":[{"start":{"line":305,"column":22},"end":{"line":305,"column":58}},{"start":{"line":305,"column":54},"end":{"line":305,"column":58}}]},"32":{"loc":{"start":{"line":305,"column":22},"end":{"line":305,"column":54}},"type":"cond-expr","locations":[{"start":{"line":305,"column":39},"end":{"line":305,"column":41}},{"start":{"line":305,"column":39},"end":{"line":305,"column":54}}]},"33":{"loc":{"start":{"line":305,"column":22},"end":{"line":305,"column":41}},"type":"binary-expr","locations":[{"start":{"line":305,"column":22},"end":{"line":305,"column":41}},{"start":{"line":305,"column":39},"end":{"line":305,"column":41}}]}},"s":{"0":8,"1":8,"2":8,"3":8,"4":8,"5":8,"6":8,"7":8,"8":8,"9":8,"10":8,"11":8,"12":8,"13":0,"14":8,"15":3,"16":3,"17":3,"18":3,"19":3,"20":3,"21":3,"22":1,"23":1,"24":1,"25":2,"26":2,"27":2,"28":2,"29":2,"30":2,"31":1,"32":1,"33":1,"34":1,"35":1,"36":2,"37":0,"38":8,"39":8,"40":3,"41":3,"42":3,"43":3,"44":3,"45":2,"46":1,"47":1,"48":1,"49":1,"50":1,"51":0,"52":8,"53":8,"54":0,"55":0,"56":0,"57":0,"58":0,"59":0,"60":0,"61":0,"62":0,"63":0,"64":0,"65":0,"66":8,"67":8,"68":0,"69":0,"70":0,"71":0,"72":0,"73":0,"74":0,"75":0,"76":0,"77":0,"78":0,"79":0,"80":0,"81":0,"82":0,"83":0,"84":0,"85":8,"86":8,"87":0,"88":0,"89":0,"90":0,"91":0,"92":0,"93":0,"94":0,"95":0,"96":0,"97":0,"98":0,"99":0,"100":0,"101":0,"102":0,"103":0,"104":8,"105":8,"106":0,"107":0,"108":0,"109":0,"110":0,"111":0,"112":0,"113":0,"114":0,"115":0,"116":0,"117":0,"118":0,"119":0,"120":8},"f":{"0":0,"1":3,"2":3,"3":3,"4":3,"5":0,"6":0,"7":0,"8":0,"9":0,"10":0,"11":0,"12":0,"13":0},"b":{"0":[2],"1":[2],"2":[0,2],"3":[2,2],"4":[1,1],"5":[2,2],"6":[1],"7":[1,1],"8":[2],"9":[3,2],"10":[0],"11":[0,0],"12":[0,0],"13":[0,0],"14":[0,0],"15":[0,0],"16":[0,0],"17":[0],"18":[0,0],"19":[0,0],"20":[0,0],"21":[0],"22":[0,0],"23":[0],"24":[0,0],"25":[0,0],"26":[0,0],"27":[0,0],"28":[0,0],"29":[0],"30":[0,0],"31":[0,0],"32":[0,0],"33":[0,0]}}
,"/Users/kingsleyeneja/study_projects/my-apps/quickpeek/quickpeek_backend/src/modules/users/middlewares/userMiddleware.ts": {"path":"/Users/kingsleyeneja/study_projects/my-apps/quickpeek/quickpeek_backend/src/modules/users/middlewares/userMiddleware.ts","statementMap":{"0":{"start":{"line":2,"column":0},"end":{"line":2,"column":22}},"1":{"start":{"line":4,"column":40},"end":{"line":30,"column":1}},"2":{"start":{"line":5,"column":17},"end":{"line":20,"column":4}},"3":{"start":{"line":22,"column":27},"end":{"line":22,"column":52}},"4":{"start":{"line":23,"column":2},"end":{"line":23,"column":78}},"5":{"start":{"line":23,"column":13},"end":{"line":23,"column":78}},"6":{"start":{"line":25,"column":2},"end":{"line":28,"column":4}},"7":{"start":{"line":29,"column":2},"end":{"line":29,"column":9}},"8":{"start":{"line":4,"column":13},"end":{"line":4,"column":40}},"9":{"start":{"line":32,"column":33},"end":{"line":51,"column":1}},"10":{"start":{"line":33,"column":17},"end":{"line":44,"column":4}},"11":{"start":{"line":46,"column":27},"end":{"line":46,"column":52}},"12":{"start":{"line":47,"column":2},"end":{"line":47,"column":78}},"13":{"start":{"line":47,"column":13},"end":{"line":47,"column":78}},"14":{"start":{"line":49,"column":2},"end":{"line":49,"column":19}},"15":{"start":{"line":50,"column":2},"end":{"line":50,"column":9}},"16":{"start":{"line":32,"column":13},"end":{"line":32,"column":33}},"17":{"start":{"line":53,"column":41},"end":{"line":67,"column":1}},"18":{"start":{"line":54,"column":17},"end":{"line":60,"column":11}},"19":{"start":{"line":62,"column":27},"end":{"line":62,"column":52}},"20":{"start":{"line":63,"column":2},"end":{"line":63,"column":78}},"21":{"start":{"line":63,"column":13},"end":{"line":63,"column":78}},"22":{"start":{"line":65,"column":2},"end":{"line":65,"column":19}},"23":{"start":{"line":66,"column":2},"end":{"line":66,"column":9}},"24":{"start":{"line":53,"column":13},"end":{"line":53,"column":41}}},"fnMap":{"0":{"name":"(anonymous_1)","decl":{"start":{"line":4,"column":40},"end":{"line":4,"column":41}},"loc":{"start":{"line":4,"column":92},"end":{"line":30,"column":1}}},"1":{"name":"(anonymous_2)","decl":{"start":{"line":32,"column":33},"end":{"line":32,"column":34}},"loc":{"start":{"line":32,"column":85},"end":{"line":51,"column":1}}},"2":{"name":"(anonymous_3)","decl":{"start":{"line":53,"column":41},"end":{"line":53,"column":42}},"loc":{"start":{"line":53,"column":93},"end":{"line":67,"column":1}}}},"branchMap":{"0":{"loc":{"start":{"line":23,"column":2},"end":{"line":23,"column":78}},"type":"if","locations":[{"start":{"line":23,"column":2},"end":{"line":23,"column":78}}]},"1":{"loc":{"start":{"line":47,"column":2},"end":{"line":47,"column":78}},"type":"if","locations":[{"start":{"line":47,"column":2},"end":{"line":47,"column":78}}]},"2":{"loc":{"start":{"line":63,"column":2},"end":{"line":63,"column":78}},"type":"if","locations":[{"start":{"line":63,"column":2},"end":{"line":63,"column":78}}]}},"s":{"0":8,"1":8,"2":9,"3":9,"4":9,"5":6,"6":3,"7":3,"8":8,"9":8,"10":7,"11":7,"12":7,"13":4,"14":3,"15":3,"16":8,"17":8,"18":0,"19":0,"20":0,"21":0,"22":0,"23":0,"24":8},"f":{"0":9,"1":7,"2":0},"b":{"0":[6],"1":[4],"2":[0]}}
}
