TN:
SF:src/common/utils/cache.ts
FN:7,nearbyCacheKey
FN:13,getCachedNearbyQuestions
FN:24,setCachedNearbyQuestions
FN:39,invalidateNearbyQuestionsCache
FNF:4
FNH:3
FNDA:0,nearbyCacheKey
FNDA:3,getCachedNearbyQuestions
FNDA:2,setCachedNearbyQuestions
FNDA:2,invalidateNearbyQuestionsCache
DA:1,8
DA:3,8
DA:5,8
DA:7,8
DA:8,0
DA:9,0
DA:10,0
DA:13,8
DA:14,3
DA:15,3
DA:16,3
DA:17,1
DA:19,0
DA:20,0
DA:24,8
DA:25,2
DA:26,2
DA:29,0
DA:39,8
DA:40,2
DA:41,2
DA:42,2
DA:43,2
DA:50,2
DA:51,2
DA:52,0
DA:56,0
LF:27
LH:19
BRDA:16,0,0,2
BRDA:51,1,0,0
BRF:2
BRH:1
end_of_record
TN:
SF:src/common/utils/geo.utils.ts
FN:1,toRadians
FN:5,calculateHaversineDistance
FNF:2
FNH:2
FNDA:80,toRadians
FNDA:20,calculateHaversineDistance
DA:2,80
DA:5,8
DA:11,20
DA:12,20
DA:13,20
DA:15,20
DA:19,20
DA:20,20
DA:22,20
LF:9
LH:9
BRF:0
BRH:0
end_of_record
TN:
SF:src/common/utils/jwt.utils.ts
FN:8,(anonymous_1)
FNF:1
FNH:1
FNDA:205,(anonymous_1)
DA:1,9
DA:6,9
DA:8,9
DA:9,205
DA:10,205
DA:12,0
LF:6
LH:5
BRDA:6,0,0,9
BRDA:6,0,1,0
BRF:2
BRH:1
end_of_record
TN:
SF:src/common/utils/messages.utils.ts
FN:24,(anonymous_8)
FN:49,(anonymous_9)
FN:56,(anonymous_10)
FN:83,(anonymous_11)
FN:89,(anonymous_12)
FN:121,(anonymous_13)
FN:149,(anonymous_14)
FN:155,(anonymous_15)
FNF:8
FNH:8
FNDA:52,(anonymous_8)
FNDA:26,(anonymous_9)
FNDA:26,(anonymous_10)
FNDA:10,(anonymous_11)
FNDA:10,(anonymous_12)
FNDA:7,(anonymous_13)
FNDA:4,(anonymous_14)
FNDA:4,(anonymous_15)
DA:1,9
DA:2,9
DA:3,9
DA:24,52
DA:49,9
DA:56,26
DA:57,26
DA:68,26
DA:70,26
DA:72,26
DA:73,33
DA:76,26
DA:83,9
DA:89,10
DA:90,10
DA:101,10
DA:102,10
DA:103,20
DA:106,10
DA:121,9
DA:122,7
DA:124,7
DA:125,7
DA:126,3
DA:127,4
DA:128,1
DA:131,7
DA:132,7
DA:133,7
DA:136,7
DA:137,7
DA:138,7
DA:141,7
DA:149,9
DA:155,4
DA:156,4
DA:157,4
DA:158,4
DA:160,4
DA:161,10
DA:168,10
DA:171,4
LF:42
LH:42
BRDA:33,0,0,0
BRDA:33,0,1,52
BRDA:33,1,0,52
BRDA:33,1,1,52
BRDA:33,2,0,52
BRDA:33,2,1,0
BRDA:33,3,0,52
BRDA:33,3,1,0
BRDA:34,4,0,2
BRDA:34,4,1,50
BRDA:64,5,0,19
BRDA:64,5,1,7
BRDA:64,6,0,26
BRDA:64,6,1,26
BRDA:70,7,0,7
BRDA:70,7,1,19
BRDA:70,8,0,26
BRDA:70,8,1,26
BRDA:71,9,0,19
BRDA:71,9,1,0
BRDA:124,10,0,4
BRDA:124,10,1,3
BRDA:124,11,0,7
BRDA:124,11,1,3
BRDA:125,12,0,3
BRDA:125,12,1,4
BRDA:127,13,0,1
BRDA:127,14,0,4
BRDA:127,14,1,1
BRDA:131,15,0,0
BRDA:131,15,1,7
BRDA:131,16,0,7
BRDA:131,16,1,7
BRDA:132,17,0,7
BRDA:136,18,0,0
BRDA:136,18,1,7
BRDA:136,19,0,7
BRDA:136,19,1,7
BRDA:137,20,0,7
BRF:39
BRH:33
end_of_record
TN:
SF:src/common/utils/questionFeedSort.utils.ts
FN:14,(anonymous_0)
FN:25,(anonymous_1)
FN:37,(anonymous_2)
FN:43,(anonymous_3)
FN:47,(anonymous_4)
FNF:5
FNH:5
FNDA:247,(anonymous_0)
FNDA:200,(anonymous_1)
FNDA:110,(anonymous_2)
FNDA:9,(anonymous_3)
FNDA:100,(anonymous_4)
DA:14,9
DA:15,247
DA:25,9
DA:26,200
DA:27,200
DA:29,185
DA:30,185
DA:31,170
DA:32,139
DA:34,54
DA:37,9
DA:38,110
DA:39,110
DA:40,110
DA:43,9
DA:47,9
DA:48,100
DA:49,100
DA:50,100
DA:52,57
DA:54,2
DA:56,2
DA:57,2
DA:60,55
DA:61,2
DA:62,2
DA:63,2
DA:66,53
DA:67,53
DA:68,53
DA:70,0
LF:31
LH:30
BRDA:26,0,0,200
BRDA:26,0,1,0
BRDA:26,1,0,200
BRDA:26,1,1,200
BRDA:26,2,0,0
BRDA:26,2,1,200
BRDA:26,3,0,200
BRDA:26,3,1,200
BRDA:27,4,0,15
BRDA:30,5,0,15
BRDA:30,6,0,185
BRDA:30,6,1,131
BRDA:30,6,2,46
BRDA:31,7,0,31
BRDA:31,8,0,170
BRDA:31,8,1,116
BRDA:32,9,0,85
BRDA:38,10,0,0
BRDA:40,11,0,0
BRDA:40,11,1,110
BRDA:50,12,0,43
BRDA:52,13,0,2
BRDA:54,14,0,2
BRDA:54,14,1,0
BRDA:54,15,0,2
BRDA:54,15,1,2
BRDA:54,16,0,2
BRDA:54,16,1,0
BRDA:54,17,0,2
BRDA:54,17,1,2
BRDA:54,18,0,0
BRDA:54,18,1,2
BRDA:54,19,0,2
BRDA:54,19,1,2
BRDA:56,20,0,2
BRDA:56,20,1,0
BRDA:56,21,0,2
BRDA:56,21,1,2
BRDA:56,22,0,2
BRDA:56,22,1,0
BRDA:56,23,0,2
BRDA:56,23,1,2
BRDA:56,24,0,0
BRDA:56,24,1,2
BRDA:56,25,0,2
BRDA:56,25,1,2
BRDA:57,26,0,2
BRDA:60,27,0,2
BRDA:61,28,0,2
BRDA:61,28,1,0
BRDA:61,29,0,2
BRDA:61,29,1,2
BRDA:62,30,0,2
BRDA:62,30,1,0
BRDA:62,31,0,2
BRDA:62,31,1,2
BRDA:63,32,0,2
BRDA:66,33,0,53
BRDA:66,33,1,0
BRDA:66,34,0,53
BRDA:66,34,1,53
BRDA:67,35,0,53
BRDA:67,35,1,0
BRDA:67,36,0,53
BRDA:67,36,1,53
BRDA:68,37,0,53
BRF:66
BRH:52
end_of_record
TN:
SF:src/common/utils/ratings.ts
FN:8,(anonymous_8)
FN:17,computeAverage
FN:22,getUserRatingByRole
FN:70,getUserRating
FN:82,recomputeUserRatingAggregate
FN:122,invalidateUserRatingCache
FN:128,(anonymous_18)
FNF:7
FNH:4
FNDA:28,(anonymous_8)
FNDA:28,computeAverage
FNDA:24,getUserRatingByRole
FNDA:0,getUserRating
FNDA:4,recomputeUserRatingAggregate
FNDA:0,invalidateUserRatingCache
FNDA:0,(anonymous_18)
DA:1,9
DA:2,9
DA:3,9
DA:5,9
DA:6,9
DA:8,28
DA:17,9
DA:18,28
DA:19,5
DA:22,9
DA:26,24
DA:28,24
DA:29,24
DA:30,23
DA:31,15
DA:32,15
DA:40,1
DA:43,9
DA:47,9
DA:48,9
DA:50,9
DA:51,9
DA:58,0
DA:61,9
DA:70,9
DA:74,0
DA:75,0
DA:82,9
DA:89,4
DA:91,4
DA:101,4
DA:102,4
DA:104,4
DA:110,4
DA:111,4
DA:118,0
DA:122,9
DA:126,0
DA:127,0
DA:128,0
DA:130,0
LF:41
LH:33
BRDA:18,0,0,23
BRDA:18,1,0,28
BRDA:18,1,1,5
BRDA:30,2,0,15
BRDA:47,3,0,2
BRDA:47,3,1,7
BRDA:47,4,0,9
BRDA:47,4,1,9
BRDA:47,5,0,7
BRDA:47,5,1,2
BRDA:47,6,0,9
BRDA:47,6,1,2
BRDA:48,7,0,2
BRDA:48,7,1,7
BRDA:48,8,0,9
BRDA:48,8,1,9
BRDA:48,9,0,7
BRDA:48,9,1,2
BRDA:48,10,0,9
BRDA:48,10,1,2
BRDA:89,11,0,2
BRDA:89,11,1,2
BRDA:101,12,0,4
BRDA:101,12,1,0
BRDA:101,13,0,4
BRDA:101,13,1,4
BRDA:102,14,0,4
BRDA:102,14,1,0
BRDA:102,15,0,4
BRDA:102,15,1,4
BRDA:126,16,0,0
BRDA:126,16,1,0
BRF:32
BRH:28
end_of_record
TN:
SF:src/common/utils/requestViewer.utils.ts
FN:13,(anonymous_8)
FN:18,(anonymous_9)
FN:21,(anonymous_10)
FN:32,(anonymous_11)
FN:35,(anonymous_12)
FN:45,(anonymous_13)
FN:54,(anonymous_14)
FN:84,(anonymous_15)
FN:84,(anonymous_16)
FN:107,(anonymous_17)
FN:121,(anonymous_18)
FN:123,(anonymous_19)
FN:130,(anonymous_20)
FN:130,(anonymous_21)
FN:142,(anonymous_22)
FN:149,(anonymous_23)
FN:155,(anonymous_24)
FN:156,(anonymous_25)
FN:162,(anonymous_26)
FN:162,(anonymous_27)
FN:188,(anonymous_28)
FN:189,(anonymous_29)
FN:202,(anonymous_30)
FN:205,(anonymous_31)
FN:219,(anonymous_32)
FN:222,(anonymous_33)
FN:273,(anonymous_34)
FN:276,(anonymous_35)
FN:306,(anonymous_36)
FN:309,(anonymous_37)
FN:315,(anonymous_38)
FN:316,(anonymous_39)
FN:329,(anonymous_40)
FN:331,(anonymous_41)
FN:331,(anonymous_42)
FN:347,(anonymous_43)
FN:355,(anonymous_44)
FN:358,(anonymous_45)
FN:360,(anonymous_46)
FN:362,(anonymous_47)
FN:364,(anonymous_48)
FN:379,(anonymous_49)
FN:398,(anonymous_50)
FNF:43
FNH:40
FNDA:20,(anonymous_8)
FNDA:0,(anonymous_9)
FNDA:0,(anonymous_10)
FNDA:1,(anonymous_11)
FNDA:1,(anonymous_12)
FNDA:1,(anonymous_13)
FNDA:1,(anonymous_14)
FNDA:8,(anonymous_15)
FNDA:8,(anonymous_16)
FNDA:6,(anonymous_17)
FNDA:0,(anonymous_18)
FNDA:6,(anonymous_19)
FNDA:8,(anonymous_20)
FNDA:8,(anonymous_21)
FNDA:5,(anonymous_22)
FNDA:6,(anonymous_23)
FNDA:3,(anonymous_24)
FNDA:5,(anonymous_25)
FNDA:8,(anonymous_26)
FNDA:8,(anonymous_27)
FNDA:24,(anonymous_28)
FNDA:12,(anonymous_29)
FNDA:4,(anonymous_30)
FNDA:24,(anonymous_31)
FNDA:2,(anonymous_32)
FNDA:4,(anonymous_33)
FNDA:8,(anonymous_34)
FNDA:8,(anonymous_35)
FNDA:8,(anonymous_36)
FNDA:8,(anonymous_37)
FNDA:56,(anonymous_38)
FNDA:56,(anonymous_39)
FNDA:38,(anonymous_40)
FNDA:8,(anonymous_41)
FNDA:8,(anonymous_42)
FNDA:4,(anonymous_43)
FNDA:291,(anonymous_44)
FNDA:12,(anonymous_45)
FNDA:12,(anonymous_46)
FNDA:12,(anonymous_47)
FNDA:12,(anonymous_48)
FNDA:24,(anonymous_49)
FNDA:56,(anonymous_50)
DA:1,8
DA:2,8
DA:13,8
DA:14,20
DA:18,8
DA:21,0
DA:22,0
DA:29,0
DA:32,8
DA:35,1
DA:36,1
DA:45,8
DA:54,1
DA:56,1
DA:59,1
DA:61,1
DA:84,8
DA:85,8
DA:107,8
DA:109,8
DA:121,8
DA:123,8
DA:130,8
DA:131,8
DA:132,8
DA:134,8
DA:135,6
DA:136,6
DA:137,6
DA:138,6
DA:141,8
DA:143,5
DA:144,5
DA:149,6
DA:155,3
DA:156,5
DA:162,8
DA:163,8
DA:164,0
DA:170,8
DA:187,8
DA:188,24
DA:189,12
DA:191,8
DA:192,8
DA:193,5
DA:202,5
DA:205,24
DA:207,8
DA:219,8
DA:221,8
DA:222,4
DA:225,8
DA:226,8
DA:227,24
DA:228,24
DA:238,8
DA:239,4
DA:240,0
DA:251,8
DA:264,8
DA:273,8
DA:276,8
DA:277,8
DA:278,0
DA:281,8
DA:295,8
DA:296,8
DA:297,4
DA:298,4
DA:302,8
DA:306,8
DA:309,8
DA:310,8
DA:311,8
DA:312,0
DA:315,56
DA:316,56
DA:318,8
DA:329,38
DA:330,8
DA:331,8
DA:332,8
DA:333,8
DA:334,1
DA:337,7
DA:347,7
DA:348,7
DA:353,8
DA:354,56
DA:355,291
DA:357,56
DA:358,17
DA:359,17
DA:360,12
DA:362,17
DA:363,17
DA:364,12
DA:368,17
DA:370,17
DA:379,39
DA:380,39
DA:381,39
DA:383,39
DA:395,8
DA:398,8
DA:401,56
LF:107
LH:100
BRDA:56,0,0,0
BRDA:56,0,1,1
BRDA:109,1,0,2
BRDA:109,1,1,6
BRDA:125,2,0,0
BRDA:125,2,1,6
BRDA:125,3,0,6
BRDA:125,3,1,6
BRDA:136,4,0,1
BRDA:136,4,1,5
BRDA:136,5,0,6
BRDA:136,5,1,6
BRDA:163,6,0,0
BRDA:192,7,0,5
BRDA:207,8,0,5
BRDA:207,8,1,3
BRDA:231,9,0,4
BRDA:231,9,1,20
BRDA:231,10,0,24
BRDA:231,10,1,24
BRDA:231,11,0,4
BRDA:231,11,1,20
BRDA:231,12,0,24
BRDA:231,12,1,4
BRDA:231,13,0,20
BRDA:231,13,1,0
BRDA:231,14,0,20
BRDA:231,14,1,20
BRDA:233,15,0,2
BRDA:233,15,1,22
BRDA:233,16,0,24
BRDA:233,16,1,24
BRDA:239,17,0,0
BRDA:277,18,0,0
BRDA:297,19,0,4
BRDA:311,20,0,0
BRDA:333,21,0,1
BRDA:357,22,0,17
BRDA:357,22,1,39
BRDA:364,23,0,2
BRDA:364,23,1,10
BRDA:364,24,0,12
BRDA:364,24,1,12
BRDA:374,25,0,2
BRDA:374,25,1,15
BRDA:374,26,0,17
BRDA:374,26,1,17
BRDA:374,27,0,15
BRDA:374,27,1,2
BRDA:374,28,0,17
BRDA:374,28,1,17
BRDA:375,29,0,4
BRDA:375,29,1,13
BRDA:376,30,0,17
BRDA:376,30,1,15
BRDA:380,31,0,24
BRDA:380,31,1,15
BRDA:380,32,0,2
BRDA:380,32,1,22
BRDA:380,33,0,24
BRDA:380,33,1,24
BRDA:386,34,0,12
BRDA:386,34,1,27
BRDA:386,35,0,15
BRDA:386,35,1,24
BRDA:386,36,0,39
BRDA:386,36,1,39
BRDA:388,37,0,2
BRDA:388,37,1,37
BRDA:388,38,0,39
BRDA:388,38,1,39
BRDA:388,39,0,37
BRDA:388,39,1,2
BRDA:388,40,0,39
BRDA:388,40,1,39
BRDA:389,41,0,24
BRDA:389,41,1,15
BRDA:389,42,0,39
BRDA:389,42,1,39
BRDA:389,43,0,15
BRDA:389,43,1,24
BRDA:389,44,0,39
BRDA:389,44,1,39
BRDA:401,45,0,56
BRDA:401,45,1,0
BRDA:401,46,0,56
BRDA:401,46,1,56
BRF:87
BRH:79
end_of_record
TN:
SF:src/common/utils/reviews.utils.ts
FN:20,(anonymous_8)
FN:20,(anonymous_9)
FN:38,(anonymous_10)
FN:40,(anonymous_11)
FN:60,(anonymous_12)
FN:60,(anonymous_13)
FN:65,(anonymous_14)
FN:65,(anonymous_15)
FN:70,(anonymous_16)
FN:70,(anonymous_17)
FN:99,(anonymous_18)
FN:99,(anonymous_19)
FN:112,(anonymous_20)
FN:112,(anonymous_21)
FN:121,(anonymous_22)
FN:121,(anonymous_23)
FN:130,(anonymous_24)
FN:130,(anonymous_25)
FN:145,(anonymous_26)
FN:148,(anonymous_27)
FN:149,(anonymous_28)
FN:161,(anonymous_29)
FN:161,(anonymous_30)
FN:167,(anonymous_31)
FN:168,(anonymous_32)
FNF:25
FNH:25
FNDA:3,(anonymous_8)
FNDA:3,(anonymous_9)
FNDA:33,(anonymous_10)
FNDA:33,(anonymous_11)
FNDA:9,(anonymous_12)
FNDA:9,(anonymous_13)
FNDA:18,(anonymous_14)
FNDA:18,(anonymous_15)
FNDA:2,(anonymous_16)
FNDA:2,(anonymous_17)
FNDA:18,(anonymous_18)
FNDA:18,(anonymous_19)
FNDA:18,(anonymous_20)
FNDA:18,(anonymous_21)
FNDA:13,(anonymous_22)
FNDA:13,(anonymous_23)
FNDA:2,(anonymous_24)
FNDA:2,(anonymous_25)
FNDA:4,(anonymous_26)
FNDA:8,(anonymous_27)
FNDA:4,(anonymous_28)
FNDA:7,(anonymous_29)
FNDA:7,(anonymous_30)
FNDA:2,(anonymous_31)
FNDA:4,(anonymous_32)
DA:1,8
DA:2,8
DA:3,8
DA:4,8
DA:5,8
DA:7,8
DA:8,8
DA:20,8
DA:21,3
DA:30,3
DA:38,8
DA:40,33
DA:41,33
DA:42,2
DA:45,31
DA:46,28
DA:49,3
DA:50,3
DA:54,3
DA:57,0
DA:60,9
DA:61,9
DA:62,9
DA:65,18
DA:66,18
DA:67,18
DA:70,8
DA:71,2
DA:86,2
DA:90,0
DA:93,2
DA:94,2
DA:95,2
DA:99,18
DA:100,18
DA:101,18
DA:102,0
DA:105,18
DA:106,16
DA:109,2
DA:112,18
DA:113,18
DA:114,18
DA:115,0
DA:118,18
DA:121,13
DA:122,13
DA:123,13
DA:124,0
DA:127,13
DA:130,8
DA:131,2
DA:132,2
DA:136,2
DA:137,0
DA:140,2
DA:145,4
DA:146,2
DA:147,4
DA:148,8
DA:150,4
DA:155,4
DA:156,4
DA:161,8
DA:162,7
DA:163,7
DA:164,5
DA:167,2
DA:168,4
DA:170,2
DA:171,0
DA:174,2
DA:175,2
DA:179,8
LF:74
LH:67
BRDA:41,0,0,2
BRDA:45,1,0,28
BRDA:50,2,0,3
BRDA:51,3,0,3
BRDA:51,3,1,3
BRDA:86,4,0,0
BRDA:87,5,0,2
BRDA:87,5,1,2
BRDA:95,6,0,0
BRDA:95,6,1,2
BRDA:101,7,0,0
BRDA:105,8,0,16
BRDA:114,9,0,0
BRDA:123,10,0,0
BRDA:136,11,0,0
BRDA:150,12,0,2
BRDA:150,12,1,2
BRDA:163,13,0,5
BRDA:170,14,0,0
BRDA:170,15,0,2
BRDA:170,15,1,2
BRF:21
BRH:14
end_of_record
TN:
SF:src/common/utils/time.utils.ts
FN:1,(anonymous_0)
FN:2,(anonymous_1)
FN:3,(anonymous_2)
FNF:3
FNH:0
FNDA:0,(anonymous_0)
FNDA:0,(anonymous_1)
FNDA:0,(anonymous_2)
DA:1,0
DA:2,0
DA:3,0
DA:4,0
LF:4
LH:0
BRF:0
BRH:0
end_of_record
TN:
SF:src/modules/categories/controllers/categoryController.ts
FN:6,(anonymous_8)
FN:13,(anonymous_9)
FN:28,(anonymous_10)
FN:28,(anonymous_11)
FN:47,(anonymous_12)
FN:47,(anonymous_13)
FN:82,(anonymous_14)
FN:82,(anonymous_15)
FN:123,(anonymous_16)
FN:123,(anonymous_17)
FNF:10
FNH:10
FNDA:2,(anonymous_8)
FNDA:7,(anonymous_9)
FNDA:2,(anonymous_10)
FNDA:2,(anonymous_11)
FNDA:4,(anonymous_12)
FNDA:4,(anonymous_13)
FNDA:2,(anonymous_14)
FNDA:2,(anonymous_15)
FNDA:3,(anonymous_16)
FNDA:3,(anonymous_17)
DA:1,8
DA:3,8
DA:4,8
DA:6,8
DA:7,2
DA:13,8
DA:18,7
DA:28,8
DA:29,2
DA:30,2
DA:33,2
DA:38,0
DA:39,0
DA:47,8
DA:48,4
DA:49,4
DA:50,4
DA:52,4
DA:53,0
DA:56,4
DA:60,2
DA:65,2
DA:69,2
DA:70,2
DA:71,2
DA:73,0
DA:74,0
DA:82,8
DA:83,2
DA:84,2
DA:85,2
DA:87,2
DA:88,0
DA:91,2
DA:92,2
DA:93,2
DA:95,2
DA:100,1
DA:105,1
DA:106,1
DA:107,1
DA:109,0
DA:110,0
DA:111,0
DA:112,0
DA:115,0
DA:116,0
DA:123,8
DA:124,3
DA:125,3
DA:127,3
DA:129,1
DA:131,2
DA:132,2
DA:133,1
DA:135,1
DA:136,1
DA:139,0
DA:140,0
LF:59
LH:45
BRDA:50,0,0,2
BRDA:50,0,1,2
BRDA:50,1,0,4
BRDA:50,1,1,4
BRDA:52,2,0,0
BRDA:65,3,0,2
BRDA:66,4,0,2
BRDA:66,4,1,2
BRDA:69,5,0,0
BRDA:69,5,1,2
BRDA:69,6,0,2
BRDA:69,6,1,2
BRDA:70,7,0,1
BRDA:70,7,1,1
BRDA:70,8,0,0
BRDA:70,8,1,2
BRDA:70,9,0,2
BRDA:70,9,1,2
BRDA:87,10,0,0
BRDA:87,11,0,2
BRDA:87,11,1,0
BRDA:92,12,0,2
BRDA:93,13,0,0
BRDA:105,14,0,1
BRDA:106,15,0,1
BRDA:109,16,0,0
BRDA:110,17,0,0
BRDA:110,17,1,0
BRDA:110,18,0,0
BRDA:110,18,1,0
BRDA:111,19,0,0
BRDA:111,19,1,0
BRDA:111,20,0,0
BRDA:111,20,1,0
BRDA:111,21,0,0
BRDA:111,21,1,0
BRDA:131,22,0,2
BRDA:132,23,0,1
BRDA:135,24,0,1
BRF:39
BRH:22
end_of_record
TN:
SF:src/modules/categories/middlewares/categoryMiddleware.ts
FN:6,(anonymous_1)
FN:26,(anonymous_2)
FNF:2
FNH:2
FNDA:5,(anonymous_1)
FNDA:3,(anonymous_2)
DA:2,8
DA:4,8
DA:6,8
DA:7,5
DA:19,5
DA:20,5
DA:22,4
DA:23,4
DA:26,8
DA:27,3
DA:39,3
DA:40,3
DA:42,2
DA:43,2
LF:14
LH:14
BRDA:20,0,0,1
BRDA:40,1,0,1
BRF:2
BRH:2
end_of_record
TN:
SF:src/modules/config/configService.ts
FN:24,(anonymous_8)
FN:24,(anonymous_9)
FN:43,getMarketConfigValue
FN:63,getReviewRevealWindowDays
FN:68,getPlatformFeePercent
FN:75,setMarketConfigValue
FNF:6
FNH:6
FNDA:8,(anonymous_8)
FNDA:8,(anonymous_9)
FNDA:52,getMarketConfigValue
FNDA:24,getReviewRevealWindowDays
FNDA:6,getPlatformFeePercent
FNDA:63,setMarketConfigValue
DA:1,8
DA:7,8
DA:13,8
DA:19,8
DA:21,8
DA:22,8
DA:24,8
DA:25,8
DA:26,8
DA:27,8
DA:28,8
DA:29,24
DA:31,8
DA:33,0
DA:34,0
DA:43,8
DA:44,52
DA:45,8
DA:48,52
DA:49,52
DA:50,52
DA:53,0
DA:54,0
DA:55,0
DA:56,0
DA:59,0
DA:63,8
DA:64,24
DA:68,8
DA:69,6
DA:75,8
DA:76,63
DA:81,63
DA:82,63
LF:34
LH:27
BRDA:44,0,0,8
BRDA:49,1,0,52
BRDA:49,2,0,52
BRDA:49,2,1,52
BRDA:54,3,0,0
BRDA:54,4,0,0
BRDA:54,4,1,0
BRF:7
BRH:4
end_of_record
TN:
SF:src/modules/config/controllers/configController.ts
FN:18,(anonymous_7)
FN:18,(anonymous_8)
FN:36,(anonymous_9)
FN:36,(anonymous_10)
FNF:4
FNH:0
FNDA:0,(anonymous_7)
FNDA:0,(anonymous_8)
FNDA:0,(anonymous_9)
FNDA:0,(anonymous_10)
DA:2,8
DA:18,8
DA:19,0
DA:20,0
DA:21,0
DA:22,0
DA:23,0
DA:25,0
DA:26,0
DA:36,8
DA:37,0
DA:38,0
DA:40,0
DA:41,0
DA:43,0
DA:44,0
DA:47,0
DA:51,0
DA:53,0
DA:54,0
LF:20
LH:3
BRDA:40,0,0,0
BRDA:43,1,0,0
BRF:2
BRH:0
end_of_record
TN:
SF:src/modules/config/middlewares/configMiddleware.ts
FN:8,(anonymous_1)
FNF:1
FNH:0
FNDA:0,(anonymous_1)
DA:2,8
DA:8,8
DA:9,0
DA:14,0
DA:15,0
DA:16,0
DA:18,0
DA:19,0
LF:8
LH:2
BRDA:15,0,0,0
BRF:1
BRH:0
end_of_record
TN:
SF:src/modules/messages/controllers/messageController.ts
FN:32,(anonymous_8)
FN:32,(anonymous_9)
FN:40,(anonymous_10)
FN:53,(anonymous_11)
FN:60,(anonymous_12)
FN:60,(anonymous_13)
FN:96,(anonymous_14)
FN:96,(anonymous_15)
FN:157,(anonymous_16)
FN:157,(anonymous_17)
FN:189,(anonymous_18)
FN:189,(anonymous_19)
FNF:12
FNH:12
FNDA:21,(anonymous_8)
FNDA:21,(anonymous_9)
FNDA:21,(anonymous_10)
FNDA:6,(anonymous_11)
FNDA:7,(anonymous_12)
FNDA:7,(anonymous_13)
FNDA:8,(anonymous_14)
FNDA:8,(anonymous_15)
FNDA:2,(anonymous_16)
FNDA:2,(anonymous_17)
FNDA:4,(anonymous_18)
FNDA:4,(anonymous_19)
DA:1,8
DA:3,8
DA:4,8
DA:5,8
DA:9,8
DA:32,21
DA:33,21
DA:40,8
DA:44,21
DA:45,1
DA:47,20
DA:48,3
DA:50,17
DA:53,8
DA:54,6
DA:60,8
DA:61,7
DA:62,7
DA:63,7
DA:65,7
DA:66,7
DA:67,7
DA:68,2
DA:71,5
DA:82,5
DA:87,0
DA:88,0
DA:96,8
DA:97,8
DA:98,8
DA:99,8
DA:100,8
DA:102,8
DA:103,8
DA:104,8
DA:105,1
DA:108,7
DA:109,3
DA:117,4
DA:118,4
DA:119,3
DA:127,3
DA:128,2
DA:132,2
DA:142,2
DA:143,2
DA:144,2
DA:146,2
DA:148,0
DA:149,0
DA:157,8
DA:158,2
DA:159,2
DA:160,2
DA:162,2
DA:163,2
DA:164,2
DA:165,1
DA:168,1
DA:178,1
DA:180,0
DA:181,0
DA:189,8
DA:190,4
DA:191,4
DA:192,4
DA:194,4
DA:195,4
DA:196,4
DA:197,0
DA:200,4
DA:201,4
DA:218,4
DA:219,4
DA:244,0
DA:245,0
LF:76
LH:67
BRDA:44,0,0,1
BRDA:47,1,0,3
BRDA:47,2,0,20
BRDA:47,2,1,17
BRDA:54,3,0,6
BRDA:54,3,1,0
BRDA:67,4,0,2
BRDA:104,5,0,1
BRDA:108,6,0,3
BRDA:118,7,0,3
BRDA:127,8,0,2
BRDA:138,9,0,1
BRDA:138,9,1,1
BRDA:138,10,0,2
BRDA:138,10,1,2
BRDA:138,11,0,1
BRDA:138,11,1,1
BRDA:138,12,0,2
BRDA:138,12,1,1
BRDA:164,13,0,1
BRDA:196,14,0,0
BRDA:238,15,0,1
BRDA:238,15,1,3
BRDA:239,16,0,1
BRDA:239,16,1,3
BRDA:239,17,0,4
BRDA:239,17,1,4
BRDA:239,18,0,3
BRDA:239,18,1,1
BRDA:239,19,0,4
BRDA:239,19,1,1
BRF:31
BRH:29
end_of_record
TN:
SF:src/modules/messages/middlewares/messageMiddleware.ts
FN:4,(anonymous_1)
FNF:1
FNH:1
FNDA:9,(anonymous_1)
DA:1,8
DA:4,8
DA:5,9
DA:9,9
DA:10,9
DA:11,1
DA:13,8
LF:7
LH:7
BRDA:10,0,0,1
BRF:1
BRH:1
end_of_record
TN:
SF:src/modules/payments/controllers/paymentController.ts
FN:22,(anonymous_8)
FN:35,(anonymous_9)
FN:52,(anonymous_10)
FN:64,(anonymous_11)
FN:87,(anonymous_12)
FN:87,(anonymous_13)
FN:117,(anonymous_14)
FN:117,(anonymous_15)
FN:204,(anonymous_16)
FN:204,(anonymous_17)
FN:241,(anonymous_18)
FN:241,(anonymous_19)
FN:268,(anonymous_20)
FN:268,(anonymous_21)
FN:391,(anonymous_22)
FN:391,(anonymous_23)
FN:434,(anonymous_24)
FN:434,(anonymous_25)
FN:470,(anonymous_26)
FN:475,(anonymous_27)
FN:480,(anonymous_28)
FN:482,(anonymous_29)
FN:517,(anonymous_30)
FN:520,(anonymous_31)
FN:530,(anonymous_32)
FN:558,(anonymous_33)
FNF:26
FNH:26
FNDA:6,(anonymous_8)
FNDA:9,(anonymous_9)
FNDA:3,(anonymous_10)
FNDA:20,(anonymous_11)
FNDA:4,(anonymous_12)
FNDA:4,(anonymous_13)
FNDA:13,(anonymous_14)
FNDA:13,(anonymous_15)
FNDA:6,(anonymous_16)
FNDA:6,(anonymous_17)
FNDA:4,(anonymous_18)
FNDA:4,(anonymous_19)
FNDA:14,(anonymous_20)
FNDA:14,(anonymous_21)
FNDA:10,(anonymous_22)
FNDA:10,(anonymous_23)
FNDA:6,(anonymous_24)
FNDA:6,(anonymous_25)
FNDA:3,(anonymous_26)
FNDA:1,(anonymous_27)
FNDA:3,(anonymous_28)
FNDA:9,(anonymous_29)
FNDA:1,(anonymous_30)
FNDA:1,(anonymous_31)
FNDA:5,(anonymous_32)
FNDA:5,(anonymous_33)
DA:2,8
DA:3,8
DA:4,8
DA:5,8
DA:6,8
DA:19,8
DA:20,8
DA:22,8
DA:23,6
DA:24,6
DA:28,6
DA:35,8
DA:36,9
DA:37,9
DA:38,2
DA:46,8
DA:52,8
DA:53,3
DA:54,3
DA:55,3
DA:64,8
DA:69,20
DA:70,6
DA:71,6
DA:72,3
DA:74,2
DA:76,1
DA:79,17
DA:87,8
DA:88,4
DA:89,4
DA:90,4
DA:92,4
DA:93,3
DA:94,1
DA:99,2
DA:102,2
DA:106,1
DA:107,1
DA:117,13
DA:118,13
DA:119,13
DA:120,13
DA:121,12
DA:122,1
DA:125,11
DA:126,11
DA:131,11
DA:132,9
DA:133,9
DA:134,2
DA:138,2
DA:139,2
DA:147,9
DA:148,9
DA:157,9
DA:158,9
DA:164,2
DA:165,2
DA:166,1
DA:171,1
DA:172,1
DA:173,1
DA:180,1
DA:188,1
DA:193,1
DA:194,1
DA:204,8
DA:205,6
DA:206,6
DA:207,6
DA:208,5
DA:209,1
DA:212,4
DA:213,2
DA:216,2
DA:223,2
DA:228,2
DA:232,1
DA:233,1
DA:241,8
DA:242,4
DA:243,4
DA:244,4
DA:245,3
DA:246,1
DA:248,2
DA:249,1
DA:254,1
DA:255,1
DA:257,1
DA:258,1
DA:268,14
DA:269,14
DA:270,14
DA:271,14
DA:273,14
DA:277,13
DA:278,1
DA:280,12
DA:281,1
DA:283,11
DA:284,1
DA:289,10
DA:292,10
DA:293,2
DA:296,8
DA:297,1
DA:300,7
DA:301,7
DA:302,5
DA:306,7
DA:310,1
DA:315,6
DA:318,6
DA:319,1
DA:322,5
DA:323,5
DA:327,5
DA:333,5
DA:334,5
DA:338,5
DA:352,5
DA:368,5
DA:372,5
DA:381,1
DA:382,1
DA:391,10
DA:392,10
DA:393,10
DA:394,10
DA:396,10
DA:397,9
DA:398,1
DA:400,8
DA:401,1
DA:403,7
DA:404,2
DA:409,5
DA:410,5
DA:412,5
DA:419,5
DA:424,1
DA:425,1
DA:434,8
DA:435,6
DA:436,6
DA:437,6
DA:439,6
DA:470,5
DA:475,5
DA:480,5
DA:482,5
DA:483,9
DA:484,9
DA:501,5
DA:512,1
DA:513,1
DA:517,8
DA:518,1
DA:521,1
DA:530,8
DA:531,5
DA:536,5
DA:558,8
DA:559,5
DA:561,5
DA:562,5
DA:563,4
DA:564,4
DA:565,3
DA:566,3
DA:567,1
DA:570,1
DA:574,5
LF:175
LH:175
BRDA:23,0,0,6
BRDA:23,0,1,4
BRDA:25,1,0,6
BRDA:25,1,1,4
BRDA:36,2,0,8
BRDA:36,2,1,1
BRDA:36,3,0,9
BRDA:36,3,1,9
BRDA:37,4,0,7
BRDA:38,5,0,1
BRDA:38,5,1,1
BRDA:53,6,0,2
BRDA:53,6,1,1
BRDA:53,7,0,3
BRDA:53,7,1,3
BRDA:54,8,0,2
BRDA:54,8,1,1
BRDA:54,9,0,3
BRDA:54,9,1,3
BRDA:54,10,0,2
BRDA:54,10,1,1
BRDA:54,11,0,3
BRDA:54,11,1,3
BRDA:69,12,0,6
BRDA:71,13,0,3
BRDA:93,14,0,1
BRDA:121,15,0,1
BRDA:131,16,0,9
BRDA:133,17,0,2
BRDA:136,18,0,1
BRDA:136,18,1,1
BRDA:136,19,0,2
BRDA:136,19,1,2
BRDA:165,20,0,1
BRDA:165,21,0,2
BRDA:165,21,1,2
BRDA:208,22,0,1
BRDA:212,23,0,2
BRDA:212,24,0,4
BRDA:212,24,1,3
BRDA:220,25,0,1
BRDA:220,25,1,1
BRDA:245,26,0,1
BRDA:248,27,0,1
BRDA:277,28,0,1
BRDA:280,29,0,1
BRDA:283,30,0,1
BRDA:292,31,0,2
BRDA:292,32,0,10
BRDA:292,32,1,9
BRDA:292,32,2,8
BRDA:296,33,0,1
BRDA:301,34,0,5
BRDA:306,35,0,1
BRDA:307,36,0,7
BRDA:307,36,1,6
BRDA:318,37,0,1
BRDA:318,38,0,4
BRDA:318,38,1,2
BRDA:318,39,0,6
BRDA:318,39,1,2
BRDA:368,40,0,1
BRDA:368,40,1,4
BRDA:376,41,0,4
BRDA:376,41,1,1
BRDA:377,42,0,1
BRDA:377,42,1,4
BRDA:397,43,0,1
BRDA:400,44,0,1
BRDA:400,45,0,8
BRDA:400,45,1,2
BRDA:403,46,0,2
BRDA:412,47,0,1
BRDA:412,47,1,4
BRDA:421,48,0,4
BRDA:421,48,1,1
BRDA:421,49,0,5
BRDA:421,49,1,4
BRDA:491,50,0,6
BRDA:491,50,1,3
BRDA:492,51,0,6
BRDA:492,51,1,3
BRDA:531,52,0,1
BRDA:531,52,1,4
BRDA:559,53,0,4
BRDA:559,53,1,1
BRDA:562,54,0,4
BRDA:566,55,0,1
BRDA:566,56,0,3
BRDA:566,56,1,1
BRF:90
BRH:90
end_of_record
TN:
SF:src/modules/payments/controllers/paymentWebhookController.ts
FN:13,(anonymous_8)
FN:13,(anonymous_9)
FN:39,(anonymous_10)
FN:39,(anonymous_11)
FN:57,(anonymous_12)
FN:57,(anonymous_13)
FNF:6
FNH:6
FNDA:12,(anonymous_8)
FNDA:12,(anonymous_9)
FNDA:10,(anonymous_10)
FNDA:10,(anonymous_11)
FNDA:4,(anonymous_12)
FNDA:4,(anonymous_13)
DA:2,8
DA:4,8
DA:5,8
DA:6,8
DA:13,12
DA:14,12
DA:15,7
DA:19,5
DA:20,1
DA:24,4
DA:25,2
DA:39,10
DA:41,10
DA:42,10
DA:44,1
DA:47,9
DA:48,9
DA:49,8
DA:51,1
DA:52,1
DA:57,8
DA:59,4
DA:60,4
DA:62,1
DA:65,3
DA:66,3
DA:67,2
DA:69,1
DA:70,1
LF:29
LH:29
BRDA:14,0,0,7
BRDA:14,0,1,5
BRDA:19,1,0,1
BRDA:19,1,1,4
BRDA:24,2,0,2
BRDA:29,3,0,1
BRDA:29,3,1,1
BRF:7
BRH:7
end_of_record
TN:
SF:src/modules/payments/middlewares/paymentMiddleware.ts
FN:4,(anonymous_1)
FN:17,(anonymous_2)
FN:28,(anonymous_3)
FN:37,(anonymous_4)
FN:44,(anonymous_5)
FN:58,(anonymous_6)
FN:72,(anonymous_7)
FN:86,(anonymous_8)
FNF:8
FNH:8
FNDA:49,(anonymous_1)
FNDA:8,(anonymous_2)
FNDA:7,(anonymous_3)
FNDA:7,(anonymous_4)
FNDA:7,(anonymous_5)
FNDA:16,(anonymous_6)
FNDA:15,(anonymous_7)
FNDA:11,(anonymous_8)
DA:2,8
DA:4,8
DA:10,49
DA:14,49
DA:15,8
DA:17,8
DA:20,41
DA:21,41
DA:28,8
DA:29,7
DA:30,7
DA:31,6
DA:33,1
DA:37,8
DA:38,7
DA:39,3
DA:41,4
DA:44,8
DA:49,7
DA:58,8
DA:59,16
DA:72,8
DA:77,15
DA:86,8
DA:91,11
LF:25
LH:25
BRDA:14,0,0,8
BRDA:38,1,0,3
BRF:2
BRH:2
end_of_record
TN:
SF:src/modules/payments/providers/currencies.ts
FN:9,(anonymous_0)
FNF:1
FNH:1
FNDA:9,(anonymous_0)
DA:7,9
DA:9,9
DA:10,9
LF:3
LH:3
BRDA:10,0,0,6
BRDA:10,0,1,3
BRF:2
BRH:2
end_of_record
TN:
SF:src/modules/payments/providers/index.ts
FN:6,(anonymous_0)
FNF:1
FNH:1
FNDA:4,(anonymous_0)
DA:3,8
DA:4,8
DA:6,8
DA:7,4
LF:4
LH:4
BRDA:7,0,0,2
BRDA:7,0,1,2
BRF:2
BRH:2
end_of_record
TN:
SF:src/modules/payments/providers/paystack.provider.ts
FN:20,(anonymous_8)
FN:25,(anonymous_9)
FN:29,(anonymous_10)
FN:51,(anonymous_11)
FN:61,(anonymous_13)
FN:71,(anonymous_15)
FN:85,(anonymous_17)
FN:108,(anonymous_19)
FN:122,(anonymous_21)
FN:141,(anonymous_22)
FN:146,(anonymous_24)
FN:149,(anonymous_25)
FNF:12
FNH:12
FNDA:2,(anonymous_8)
FNDA:17,(anonymous_9)
FNDA:17,(anonymous_10)
FNDA:3,(anonymous_11)
FNDA:1,(anonymous_13)
FNDA:2,(anonymous_15)
FNDA:2,(anonymous_17)
FNDA:7,(anonymous_19)
FNDA:8,(anonymous_21)
FNDA:1,(anonymous_22)
FNDA:2,(anonymous_24)
FNDA:1,(anonymous_25)
DA:1,9
DA:14,9
DA:20,9
DA:21,2
DA:25,9
DA:29,17
DA:30,17
DA:31,17
DA:33,16
DA:41,16
DA:42,16
DA:43,3
DA:45,13
DA:48,9
DA:52,3
DA:53,3
DA:58,2
DA:62,1
DA:68,1
DA:74,2
DA:78,2
DA:86,2
DA:102,2
DA:109,7
DA:113,4
DA:114,1
DA:116,3
DA:117,2
DA:119,1
DA:123,8
DA:124,8
DA:126,7
DA:127,7
DA:128,2
DA:131,5
DA:135,5
DA:136,3
DA:138,2
DA:142,1
DA:146,2
DA:150,1
DA:154,1
LF:42
LH:42
BRDA:21,0,0,1
BRDA:21,0,1,1
BRDA:21,1,0,2
BRDA:21,1,1,2
BRDA:31,2,0,1
BRDA:39,3,0,5
BRDA:39,3,1,11
BRDA:42,4,0,3
BRDA:42,5,0,16
BRDA:42,5,1,14
BRDA:43,6,0,3
BRDA:43,6,1,1
BRDA:56,7,0,1
BRDA:56,7,1,2
BRDA:113,8,0,1
BRDA:116,9,0,2
BRDA:116,10,0,3
BRDA:116,10,1,2
BRDA:117,11,0,1
BRDA:117,11,1,1
BRDA:117,12,0,2
BRDA:117,12,1,2
BRDA:124,13,0,1
BRDA:127,14,0,2
BRDA:135,15,0,3
BRF:25
BRH:25
end_of_record
TN:
SF:src/modules/payments/providers/stripe.provider.ts
FN:21,(anonymous_8)
FN:30,(anonymous_9)
FN:39,(anonymous_10)
FN:47,(anonymous_12)
FN:71,(anonymous_14)
FN:84,(anonymous_16)
FN:95,(anonymous_18)
FN:126,(anonymous_20)
FN:140,(anonymous_22)
FNF:9
FNH:9
FNDA:33,(anonymous_8)
FNDA:18,(anonymous_9)
FNDA:2,(anonymous_10)
FNDA:2,(anonymous_12)
FNDA:1,(anonymous_14)
FNDA:1,(anonymous_16)
FNDA:3,(anonymous_18)
FNDA:4,(anonymous_20)
FNDA:18,(anonymous_22)
DA:1,10
DA:17,10
DA:19,10
DA:21,10
DA:22,33
DA:23,3
DA:24,3
DA:25,2
DA:27,32
DA:30,10
DA:31,18
DA:32,18
DA:33,17
DA:36,10
DA:40,2
DA:44,1
DA:48,2
DA:68,2
DA:72,1
DA:81,1
DA:87,1
DA:88,1
DA:96,3
DA:104,3
DA:105,1
DA:108,3
DA:111,3
DA:116,3
DA:127,4
DA:128,4
DA:129,1
DA:131,3
DA:132,2
DA:137,1
DA:141,18
DA:143,17
DA:144,17
DA:146,2
DA:149,15
DA:151,6
DA:152,6
DA:155,3
DA:156,3
DA:163,3
DA:164,3
DA:171,3
LF:46
LH:46
BRDA:22,0,0,3
BRDA:24,1,0,1
BRDA:32,2,0,1
BRDA:51,3,0,1
BRDA:51,3,1,1
BRDA:51,4,0,2
BRDA:51,4,1,2
BRDA:99,5,0,2
BRDA:99,5,1,1
BRDA:99,6,0,3
BRDA:99,6,1,2
BRDA:104,7,0,1
BRDA:128,8,0,1
BRDA:131,9,0,2
BRDA:131,10,0,3
BRDA:131,10,1,2
BRDA:134,11,0,1
BRDA:134,11,1,1
BRDA:134,12,0,2
BRDA:134,12,1,2
BRDA:134,13,0,1
BRDA:134,13,1,1
BRDA:134,14,0,2
BRDA:134,14,1,2
BRDA:144,15,0,16
BRDA:144,15,1,1
BRDA:144,16,0,17
BRDA:144,16,1,17
BRDA:149,17,0,6
BRDA:149,17,1,3
BRDA:149,17,2,3
BRDA:149,17,3,3
BRDA:159,18,0,2
BRDA:159,18,1,1
BRDA:159,19,0,3
BRDA:159,19,1,3
BRDA:159,20,0,1
BRDA:159,20,1,2
BRDA:159,21,0,3
BRDA:159,21,1,2
BRF:40
BRH:40
end_of_record
TN:
SF:src/modules/payments/services/payments.service.ts
FN:7,(anonymous_8)
FN:9,(anonymous_9)
FN:12,(anonymous_10)
FN:14,(anonymous_11)
FN:19,(anonymous_12)
FN:31,(anonymous_13)
FN:53,(anonymous_14)
FN:57,(anonymous_15)
FN:82,(anonymous_16)
FN:85,(anonymous_17)
FNF:10
FNH:10
FNDA:5,(anonymous_8)
FNDA:5,(anonymous_9)
FNDA:4,(anonymous_10)
FNDA:5,(anonymous_11)
FNDA:17,(anonymous_12)
FNDA:12,(anonymous_13)
FNDA:5,(anonymous_14)
FNDA:5,(anonymous_15)
FNDA:12,(anonymous_16)
FNDA:12,(anonymous_17)
DA:2,8
DA:3,8
DA:4,8
DA:7,8
DA:9,8
DA:10,5
DA:12,8
DA:14,8
DA:17,5
DA:19,17
DA:31,12
DA:53,8
DA:57,5
DA:58,5
DA:59,4
DA:63,4
DA:67,4
DA:82,8
DA:85,12
DA:86,12
DA:89,10
DA:91,8
DA:92,8
DA:97,8
DA:98,8
DA:100,7
DA:107,7
DA:108,7
DA:109,7
DA:111,7
DA:112,7
DA:113,7
DA:118,7
DA:127,7
LF:34
LH:34
BRDA:17,0,0,1
BRDA:17,0,1,4
BRDA:58,1,0,1
BRDA:89,2,0,2
BRDA:91,3,0,5
BRDA:91,3,1,3
BRDA:98,4,0,1
BRDA:98,5,0,8
BRDA:98,5,1,7
BRDA:108,6,0,4
BRDA:108,6,1,3
BRDA:109,7,0,4
BRDA:109,7,1,3
BRDA:111,8,0,7
BRDA:111,9,0,7
BRDA:111,9,1,7
BRDA:113,10,0,4
BRDA:113,10,1,3
BRDA:116,11,0,2
BRDA:116,11,1,1
BRF:20
BRH:20
end_of_record
TN:
SF:src/modules/questions/controllers/questionController.ts
FN:990,(anonymous_8)
FN:38,(anonymous_9)
FN:47,(anonymous_10)
FN:87,(anonymous_11)
FN:87,(anonymous_12)
FN:98,(anonymous_13)
FN:98,(anonymous_14)
FN:128,(anonymous_15)
FN:154,(anonymous_16)
FN:154,(anonymous_17)
FN:210,(anonymous_18)
FN:215,(anonymous_19)
FN:241,(anonymous_20)
FN:255,(anonymous_21)
FN:261,(anonymous_22)
FN:272,(anonymous_23)
FN:275,(anonymous_24)
FN:284,(anonymous_25)
FN:285,(anonymous_26)
FN:317,(anonymous_27)
FN:362,(anonymous_28)
FN:362,(anonymous_29)
FN:435,(anonymous_30)
FN:443,(anonymous_31)
FN:447,(anonymous_32)
FN:494,(anonymous_33)
FN:494,(anonymous_34)
FN:506,(anonymous_35)
FN:524,(anonymous_36)
FN:524,(anonymous_37)
FN:547,(anonymous_38)
FN:549,(anonymous_39)
FN:578,(anonymous_40)
FN:588,(anonymous_41)
FN:649,(anonymous_42)
FN:649,(anonymous_43)
FN:787,(anonymous_44)
FN:787,(anonymous_45)
FN:810,(anonymous_46)
FN:812,(anonymous_47)
FN:815,(anonymous_48)
FN:818,(anonymous_49)
FN:845,(anonymous_50)
FN:845,(anonymous_51)
FN:865,(anonymous_52)
FN:865,(anonymous_53)
FN:887,(anonymous_54)
FN:887,(anonymous_55)
FN:944,(anonymous_56)
FN:949,(anonymous_57)
FN:956,(anonymous_58)
FNF:51
FNH:39
FNDA:0,(anonymous_8)
FNDA:13,(anonymous_9)
FNDA:83,(anonymous_10)
FNDA:0,(anonymous_11)
FNDA:0,(anonymous_12)
FNDA:2,(anonymous_13)
FNDA:2,(anonymous_14)
FNDA:0,(anonymous_15)
FNDA:13,(anonymous_16)
FNDA:13,(anonymous_17)
FNDA:72,(anonymous_18)
FNDA:72,(anonymous_19)
FNDA:8,(anonymous_20)
FNDA:5,(anonymous_21)
FNDA:56,(anonymous_22)
FNDA:56,(anonymous_23)
FNDA:56,(anonymous_24)
FNDA:56,(anonymous_25)
FNDA:56,(anonymous_26)
FNDA:0,(anonymous_27)
FNDA:0,(anonymous_28)
FNDA:0,(anonymous_29)
FNDA:0,(anonymous_30)
FNDA:0,(anonymous_31)
FNDA:0,(anonymous_32)
FNDA:1,(anonymous_33)
FNDA:1,(anonymous_34)
FNDA:1,(anonymous_35)
FNDA:1,(anonymous_36)
FNDA:1,(anonymous_37)
FNDA:1,(anonymous_38)
FNDA:0,(anonymous_39)
FNDA:7,(anonymous_40)
FNDA:7,(anonymous_41)
FNDA:9,(anonymous_42)
FNDA:9,(anonymous_43)
FNDA:1,(anonymous_44)
FNDA:1,(anonymous_45)
FNDA:1,(anonymous_46)
FNDA:1,(anonymous_47)
FNDA:1,(anonymous_48)
FNDA:1,(anonymous_49)
FNDA:1,(anonymous_50)
FNDA:1,(anonymous_51)
FNDA:1,(anonymous_52)
FNDA:1,(anonymous_53)
FNDA:5,(anonymous_54)
FNDA:5,(anonymous_55)
FNDA:3,(anonymous_56)
FNDA:3,(anonymous_57)
FNDA:0,(anonymous_58)
DA:1,8
DA:3,8
DA:4,8
DA:5,8
DA:6,8
DA:7,8
DA:11,8
DA:12,8
DA:18,8
DA:22,8
DA:31,8
DA:35,8
DA:36,8
DA:38,8
DA:39,13
DA:40,13
DA:44,13
DA:47,83
DA:71,8
DA:79,8
DA:81,8
DA:87,8
DA:88,0
DA:98,8
DA:99,2
DA:110,2
DA:112,2
DA:128,2
DA:129,0
DA:132,2
DA:137,0
DA:138,0
DA:154,13
DA:155,13
DA:156,13
DA:157,13
DA:158,13
DA:159,13
DA:160,13
DA:161,13
DA:162,13
DA:163,13
DA:164,13
DA:173,13
DA:174,1
DA:179,1
DA:182,1
DA:185,12
DA:186,3
DA:187,3
DA:188,3
DA:189,1
DA:193,11
DA:195,11
DA:199,11
DA:210,72
DA:211,11
DA:215,11
DA:216,72
DA:217,72
DA:218,72
DA:219,14
DA:225,14
DA:226,14
DA:228,58
DA:230,72
DA:232,72
DA:233,72
DA:234,24
DA:237,72
DA:240,11
DA:242,8
DA:243,3
DA:245,5
DA:246,1
DA:248,4
DA:252,11
DA:253,8
DA:254,8
DA:255,5
DA:261,8
DA:262,56
DA:263,56
DA:264,5
DA:270,8
DA:272,56
DA:275,56
DA:280,8
DA:284,56
DA:285,56
DA:286,8
DA:290,8
DA:304,3
DA:305,3
DA:315,3
DA:316,2
DA:317,2
DA:320,3
DA:322,0
DA:323,0
DA:327,8
DA:328,8
DA:362,8
DA:363,0
DA:364,0
DA:365,0
DA:367,0
DA:368,0
DA:377,0
DA:428,0
DA:429,0
DA:435,0
DA:436,0
DA:440,0
DA:443,0
DA:447,0
DA:448,0
DA:471,0
DA:472,0
DA:473,0
DA:475,0
DA:476,0
DA:478,0
DA:481,0
DA:486,0
DA:487,0
DA:494,8
DA:495,1
DA:496,1
DA:498,1
DA:506,1
DA:511,1
DA:516,0
DA:517,0
DA:524,8
DA:525,1
DA:526,1
DA:528,1
DA:547,1
DA:548,1
DA:550,0
DA:551,0
DA:555,1
DA:563,1
DA:565,0
DA:566,0
DA:578,8
DA:588,7
DA:589,7
DA:590,2
DA:592,5
DA:593,0
DA:596,5
DA:597,5
DA:598,5
DA:599,5
DA:600,1
DA:607,4
DA:613,4
DA:614,0
DA:615,0
DA:621,4
DA:626,4
DA:627,2
DA:629,2
DA:630,2
DA:636,2
DA:637,1
DA:641,1
DA:649,9
DA:650,9
DA:651,9
DA:652,9
DA:653,9
DA:654,9
DA:655,9
DA:657,9
DA:673,9
DA:674,1
DA:677,8
DA:678,1
DA:683,7
DA:684,7
DA:685,7
DA:686,7
DA:687,7
DA:690,7
DA:692,7
DA:693,7
DA:694,7
DA:705,7
DA:706,7
DA:707,1
DA:712,6
DA:713,0
DA:724,7
DA:729,7
DA:731,7
DA:732,7
DA:733,7
DA:740,2
DA:748,2
DA:751,7
DA:779,0
DA:780,0
DA:787,8
DA:788,1
DA:789,1
DA:790,1
DA:792,1
DA:793,1
DA:794,0
DA:796,1
DA:797,0
DA:800,1
DA:810,1
DA:811,1
DA:812,1
DA:814,1
DA:815,1
DA:818,1
DA:819,1
DA:820,1
DA:834,1
DA:836,0
DA:837,0
DA:845,8
DA:846,1
DA:847,1
DA:848,1
DA:850,1
DA:851,1
DA:852,0
DA:854,1
DA:855,0
DA:858,1
DA:861,1
DA:862,0
DA:865,1
DA:866,1
DA:871,1
DA:872,1
DA:876,1
DA:878,0
DA:879,0
DA:887,8
DA:888,5
DA:889,5
DA:890,5
DA:891,5
DA:893,5
DA:894,1
DA:896,4
DA:897,0
DA:900,4
DA:901,4
DA:902,0
DA:904,4
DA:905,1
DA:907,3
DA:908,1
DA:920,2
DA:921,2
DA:922,2
DA:926,2
DA:942,2
DA:943,2
DA:944,3
DA:948,2
DA:950,3
DA:956,0
DA:961,2
DA:968,2
DA:969,2
DA:970,3
DA:973,2
DA:984,0
DA:985,0
DA:990,8
LF:279
LH:224
BRDA:39,0,0,13
BRDA:39,0,1,12
BRDA:41,1,0,13
BRDA:41,1,1,12
BRDA:59,2,0,1
BRDA:59,2,1,82
BRDA:59,3,0,83
BRDA:59,3,1,83
BRDA:59,4,0,82
BRDA:59,4,1,1
BRDA:59,5,0,83
BRDA:59,5,1,1
BRDA:60,6,0,2
BRDA:60,6,1,81
BRDA:60,7,0,83
BRDA:60,7,1,83
BRDA:60,8,0,81
BRDA:60,8,1,2
BRDA:60,9,0,83
BRDA:60,9,1,2
BRDA:61,10,0,2
BRDA:61,10,1,81
BRDA:61,11,0,83
BRDA:61,11,1,2
BRDA:63,12,0,83
BRDA:63,12,1,79
BRDA:119,13,0,1
BRDA:119,13,1,1
BRDA:119,14,0,2
BRDA:119,14,1,2
BRDA:120,15,0,1
BRDA:120,15,1,1
BRDA:120,16,0,2
BRDA:120,16,1,2
BRDA:121,17,0,1
BRDA:121,17,1,1
BRDA:121,18,0,2
BRDA:121,18,1,2
BRDA:156,19,0,4
BRDA:156,19,1,9
BRDA:156,20,0,13
BRDA:156,20,1,13
BRDA:158,21,0,4
BRDA:158,21,1,9
BRDA:159,22,0,4
BRDA:159,22,1,9
BRDA:160,23,0,2
BRDA:160,23,1,11
BRDA:160,24,0,13
BRDA:160,24,1,13
BRDA:161,25,0,13
BRDA:161,25,1,4
BRDA:173,26,0,1
BRDA:173,27,0,13
BRDA:173,27,1,2
BRDA:174,28,0,1
BRDA:174,28,1,0
BRDA:179,29,0,1
BRDA:179,29,1,0
BRDA:185,30,0,3
BRDA:185,31,0,12
BRDA:185,31,1,4
BRDA:185,31,2,3
BRDA:188,32,0,1
BRDA:211,33,0,8
BRDA:211,33,1,3
BRDA:218,34,0,14
BRDA:218,34,1,58
BRDA:218,35,0,72
BRDA:218,35,1,29
BRDA:218,35,2,14
BRDA:232,36,0,24
BRDA:232,36,1,48
BRDA:232,37,0,72
BRDA:232,37,1,72
BRDA:233,38,0,24
BRDA:240,39,0,1
BRDA:240,39,1,10
BRDA:242,40,0,3
BRDA:242,41,0,8
BRDA:242,41,1,5
BRDA:242,41,2,5
BRDA:245,42,0,1
BRDA:245,43,0,5
BRDA:245,43,1,5
BRDA:252,44,0,8
BRDA:263,45,0,51
BRDA:280,46,0,1
BRDA:280,46,1,7
BRDA:315,47,0,2
BRDA:315,48,0,3
BRDA:315,48,1,2
BRDA:364,49,0,0
BRDA:364,49,1,0
BRDA:364,50,0,0
BRDA:364,50,1,0
BRDA:365,51,0,0
BRDA:365,51,1,0
BRDA:365,52,0,0
BRDA:365,52,1,0
BRDA:367,53,0,0
BRDA:428,54,0,0
BRDA:436,55,0,0
BRDA:436,55,1,0
BRDA:440,56,0,0
BRDA:440,56,1,0
BRDA:460,57,0,0
BRDA:460,57,1,0
BRDA:460,58,0,0
BRDA:460,58,1,0
BRDA:460,59,0,0
BRDA:460,59,1,0
BRDA:460,60,0,0
BRDA:460,60,1,0
BRDA:471,61,0,0
BRDA:471,61,1,0
BRDA:471,62,0,0
BRDA:471,62,1,0
BRDA:472,63,0,0
BRDA:475,64,0,0
BRDA:550,65,0,0
BRDA:550,65,1,0
BRDA:550,66,0,0
BRDA:550,66,1,0
BRDA:589,67,0,2
BRDA:589,68,0,0
BRDA:589,68,1,7
BRDA:589,69,0,7
BRDA:589,69,1,7
BRDA:592,70,0,0
BRDA:597,71,0,5
BRDA:599,72,0,1
BRDA:613,73,0,0
BRDA:621,74,0,4
BRDA:622,75,0,4
BRDA:622,75,1,4
BRDA:622,75,2,4
BRDA:626,76,0,2
BRDA:626,77,0,4
BRDA:626,77,1,4
BRDA:626,77,2,2
BRDA:636,78,0,1
BRDA:652,79,0,0
BRDA:652,79,1,9
BRDA:652,80,0,9
BRDA:652,80,1,9
BRDA:653,81,0,2
BRDA:653,81,1,7
BRDA:654,82,0,2
BRDA:654,82,1,7
BRDA:655,83,0,9
BRDA:655,83,1,2
BRDA:673,84,0,1
BRDA:677,85,0,1
BRDA:677,86,0,8
BRDA:677,86,1,2
BRDA:684,87,0,7
BRDA:685,88,0,2
BRDA:685,88,1,5
BRDA:686,89,0,2
BRDA:686,89,1,5
BRDA:693,90,0,7
BRDA:706,91,0,1
BRDA:706,91,1,6
BRDA:712,92,0,0
BRDA:733,93,0,2
BRDA:734,94,0,7
BRDA:734,94,1,7
BRDA:734,94,2,2
BRDA:734,94,3,2
BRDA:734,94,4,2
BRDA:793,95,0,0
BRDA:796,96,0,0
BRDA:851,97,0,0
BRDA:854,98,0,0
BRDA:861,99,0,0
BRDA:871,100,0,1
BRDA:891,101,0,5
BRDA:891,101,1,0
BRDA:891,102,0,0
BRDA:891,102,1,5
BRDA:891,103,0,5
BRDA:891,103,1,5
BRDA:893,104,0,1
BRDA:896,105,0,0
BRDA:901,106,0,0
BRDA:904,107,0,1
BRDA:907,108,0,1
BRDA:914,109,0,1
BRDA:914,109,1,0
BRDA:914,110,0,1
BRDA:914,110,1,1
BRDA:914,111,0,0
BRDA:914,111,1,1
BRDA:914,112,0,1
BRDA:914,112,1,1
BRDA:915,113,0,1
BRDA:915,113,1,0
BRDA:915,114,0,1
BRDA:915,114,1,1
BRDA:915,115,0,0
BRDA:915,115,1,1
BRDA:915,116,0,1
BRDA:915,116,1,1
BRDA:922,117,0,1
BRDA:922,117,1,1
BRDA:933,118,0,1
BRDA:933,118,1,1
BRDA:942,119,0,2
BRDA:966,120,0,1
BRDA:966,120,1,1
BRDA:966,121,0,2
BRDA:966,121,1,2
BRDA:966,122,0,1
BRDA:966,122,1,1
BRDA:966,123,0,2
BRDA:966,123,1,1
BRDA:979,124,0,2
BRDA:979,124,1,0
BRDA:979,125,0,2
BRDA:979,125,1,2
BRDA:979,126,0,0
BRDA:979,126,1,2
BRDA:979,127,0,2
BRDA:979,127,1,2
BRDA:980,128,0,1
BRDA:980,128,1,1
BRDA:980,129,0,2
BRDA:980,129,1,2
BRDA:980,130,0,1
BRDA:980,130,1,1
BRDA:980,131,0,2
BRDA:980,131,1,1
BRF:233
BRH:179
end_of_record
TN:
SF:src/modules/questions/middlewares/questionMiddleware.ts
FN:17,(anonymous_8)
FN:21,(anonymous_9)
FN:37,(anonymous_10)
FNF:3
FNH:3
FNDA:4,(anonymous_8)
FNDA:4,(anonymous_9)
FNDA:3,(anonymous_10)
DA:2,8
DA:3,8
DA:5,8
DA:6,8
DA:8,8
DA:17,8
DA:21,4
DA:22,4
DA:33,4
DA:34,4
DA:35,1
DA:37,3
DA:43,3
DA:46,3
DA:50,1
DA:57,2
DA:61,2
DA:62,0
DA:65,2
DA:66,2
LF:20
LH:19
BRDA:34,0,0,1
BRDA:43,1,0,3
BRDA:43,1,1,1
BRDA:43,1,2,1
BRDA:46,2,0,1
BRDA:47,3,0,3
BRDA:47,3,1,2
BRDA:47,3,2,2
BRDA:47,3,3,2
BRDA:61,4,0,0
BRF:10
BRH:9
end_of_record
TN:
SF:src/modules/requests/controllers/requestController.ts
FN:23,(anonymous_8)
FN:45,(anonymous_9)
FN:45,(anonymous_10)
FN:127,(anonymous_11)
FN:173,(anonymous_12)
FN:185,(anonymous_13)
FN:185,(anonymous_14)
FN:321,(anonymous_15)
FN:321,(anonymous_16)
FN:387,(anonymous_17)
FN:387,(anonymous_18)
FN:409,(anonymous_19)
FN:409,(anonymous_20)
FN:478,(anonymous_21)
FN:478,(anonymous_22)
FN:505,(anonymous_23)
FN:507,(anonymous_24)
FN:510,(anonymous_25)
FN:513,(anonymous_26)
FN:544,(anonymous_27)
FN:544,(anonymous_28)
FN:569,(anonymous_29)
FN:596,(anonymous_30)
FN:596,(anonymous_31)
FN:631,(anonymous_32)
FN:645,(anonymous_33)
FN:647,(anonymous_34)
FN:680,(anonymous_35)
FN:682,(anonymous_36)
FN:698,(anonymous_37)
FN:698,(anonymous_38)
FNF:31
FNH:28
FNDA:4,(anonymous_8)
FNDA:0,(anonymous_9)
FNDA:0,(anonymous_10)
FNDA:9,(anonymous_11)
FNDA:12,(anonymous_12)
FNDA:12,(anonymous_13)
FNDA:12,(anonymous_14)
FNDA:5,(anonymous_15)
FNDA:5,(anonymous_16)
FNDA:5,(anonymous_17)
FNDA:5,(anonymous_18)
FNDA:2,(anonymous_19)
FNDA:2,(anonymous_20)
FNDA:3,(anonymous_21)
FNDA:3,(anonymous_22)
FNDA:7,(anonymous_23)
FNDA:5,(anonymous_24)
FNDA:5,(anonymous_25)
FNDA:7,(anonymous_26)
FNDA:1,(anonymous_27)
FNDA:1,(anonymous_28)
FNDA:2,(anonymous_29)
FNDA:2,(anonymous_30)
FNDA:2,(anonymous_31)
FNDA:2,(anonymous_32)
FNDA:1,(anonymous_33)
FNDA:2,(anonymous_34)
FNDA:0,(anonymous_35)
FNDA:2,(anonymous_36)
FNDA:3,(anonymous_37)
FNDA:3,(anonymous_38)
DA:1,8
DA:3,8
DA:4,8
DA:5,8
DA:6,8
DA:10,8
DA:11,8
DA:12,8
DA:13,8
DA:20,8
DA:21,8
DA:23,8
DA:24,4
DA:25,4
DA:29,4
DA:32,8
DA:45,8
DA:46,0
DA:63,8
DA:74,8
DA:87,8
DA:93,8
DA:100,8
DA:109,8
DA:118,8
DA:127,8
DA:149,9
DA:173,8
DA:174,12
DA:185,12
DA:186,12
DA:187,12
DA:188,12
DA:190,12
DA:194,12
DA:195,1
DA:198,11
DA:199,1
DA:202,10
DA:203,2
DA:206,8
DA:207,8
DA:208,1
DA:214,7
DA:217,7
DA:218,1
DA:225,6
DA:230,3
DA:231,3
DA:232,3
DA:234,3
DA:235,1
DA:240,2
DA:241,2
DA:247,2
DA:248,1
DA:256,4
DA:261,4
DA:272,4
DA:286,4
DA:303,4
DA:310,4
DA:312,0
DA:313,0
DA:321,8
DA:322,5
DA:323,5
DA:324,5
DA:326,5
DA:327,5
DA:328,1
DA:330,4
DA:331,1
DA:333,3
DA:334,1
DA:337,2
DA:338,2
DA:343,2
DA:350,2
DA:358,2
DA:363,2
DA:369,2
DA:374,0
DA:375,0
DA:379,8
DA:387,8
DA:388,5
DA:389,5
DA:390,5
DA:392,5
DA:393,5
DA:394,1
DA:397,4
DA:398,4
DA:399,0
DA:401,4
DA:402,1
DA:404,3
DA:405,1
DA:408,2
DA:409,2
DA:410,2
DA:419,2
DA:428,2
DA:431,2
DA:438,2
DA:446,2
DA:452,2
DA:459,2
DA:469,0
DA:470,0
DA:478,8
DA:479,3
DA:480,3
DA:481,3
DA:482,3
DA:484,3
DA:488,3
DA:494,3
DA:505,7
DA:506,3
DA:507,5
DA:509,3
DA:510,5
DA:513,3
DA:514,7
DA:515,7
DA:530,3
DA:535,0
DA:536,0
DA:544,8
DA:545,1
DA:546,1
DA:547,1
DA:549,1
DA:553,1
DA:558,1
DA:569,1
DA:570,2
DA:581,1
DA:586,0
DA:587,0
DA:596,8
DA:597,2
DA:598,2
DA:600,2
DA:631,2
DA:633,2
DA:645,2
DA:647,2
DA:648,2
DA:649,2
DA:650,2
DA:651,2
DA:652,2
DA:654,2
DA:680,2
DA:682,2
DA:684,2
DA:689,0
DA:690,0
DA:698,8
DA:699,3
DA:700,3
DA:701,3
DA:703,3
DA:704,3
DA:705,1
DA:707,2
DA:708,1
DA:711,1
DA:712,1
DA:717,1
DA:745,0
DA:746,0
LF:175
LH:159
BRDA:24,0,0,4
BRDA:24,0,1,4
BRDA:26,1,0,4
BRDA:26,1,1,4
BRDA:157,2,0,0
BRDA:157,2,1,9
BRDA:157,3,0,9
BRDA:157,3,1,9
BRDA:157,4,0,9
BRDA:157,4,1,0
BRDA:157,5,0,9
BRDA:157,5,1,0
BRDA:158,6,0,9
BRDA:158,6,1,9
BRDA:194,7,0,1
BRDA:198,8,0,1
BRDA:202,9,0,2
BRDA:207,10,0,1
BRDA:217,11,0,1
BRDA:225,12,0,3
BRDA:226,13,0,6
BRDA:226,13,1,3
BRDA:226,13,2,3
BRDA:230,14,0,2
BRDA:230,14,1,1
BRDA:230,15,0,0
BRDA:230,15,1,3
BRDA:230,16,0,3
BRDA:230,16,1,3
BRDA:231,17,0,2
BRDA:231,17,1,1
BRDA:231,18,0,0
BRDA:231,18,1,3
BRDA:231,19,0,3
BRDA:231,19,1,3
BRDA:232,20,0,3
BRDA:232,20,1,2
BRDA:234,21,0,1
BRDA:247,22,0,1
BRDA:298,23,0,4
BRDA:298,23,1,0
BRDA:298,24,0,4
BRDA:298,24,1,4
BRDA:298,25,0,0
BRDA:298,25,1,4
BRDA:298,26,0,4
BRDA:298,26,1,4
BRDA:327,27,0,1
BRDA:330,28,0,1
BRDA:333,29,0,1
BRDA:371,30,0,2
BRDA:371,30,1,0
BRDA:371,31,0,2
BRDA:371,31,1,2
BRDA:371,32,0,0
BRDA:371,32,1,2
BRDA:371,33,0,2
BRDA:371,33,1,2
BRDA:393,34,0,1
BRDA:398,35,0,0
BRDA:401,36,0,1
BRDA:404,37,0,1
BRDA:465,38,0,2
BRDA:465,38,1,0
BRDA:465,39,0,2
BRDA:465,39,1,2
BRDA:465,40,0,0
BRDA:465,40,1,2
BRDA:465,41,0,2
BRDA:465,41,1,2
BRDA:482,42,0,1
BRDA:482,42,1,2
BRDA:484,43,0,0
BRDA:484,43,1,3
BRDA:484,44,0,3
BRDA:484,44,1,0
BRDA:490,45,0,1
BRDA:490,45,1,2
BRDA:491,46,0,0
BRDA:491,46,1,3
BRDA:549,47,0,0
BRDA:549,47,1,1
BRDA:549,48,0,1
BRDA:549,48,1,0
BRDA:555,49,0,0
BRDA:555,49,1,1
BRDA:633,50,0,2
BRDA:633,50,1,0
BRDA:649,51,0,1
BRDA:649,51,1,1
BRDA:650,52,0,1
BRDA:650,52,1,1
BRDA:650,53,0,2
BRDA:650,53,1,2
BRDA:651,54,0,1
BRDA:651,54,1,1
BRDA:651,55,0,2
BRDA:651,55,1,2
BRDA:652,56,0,1
BRDA:652,56,1,1
BRDA:652,57,0,2
BRDA:652,57,1,1
BRDA:652,58,0,1
BRDA:652,58,1,1
BRDA:652,59,0,2
BRDA:652,59,1,2
BRDA:652,60,0,1
BRDA:652,60,1,1
BRDA:652,61,0,2
BRDA:652,61,1,1
BRDA:658,62,0,1
BRDA:658,62,1,1
BRDA:666,63,0,1
BRDA:666,63,1,1
BRDA:704,64,0,1
BRDA:707,65,0,1
BRDA:707,66,0,2
BRDA:707,66,1,1
BRDA:711,67,0,0
BRDA:711,67,1,1
BRDA:727,68,0,0
BRDA:727,68,1,1
BRDA:727,69,0,1
BRDA:727,69,1,1
BRDA:727,70,0,1
BRDA:727,70,1,0
BRDA:727,71,0,1
BRDA:727,71,1,0
BRF:128
BRH:105
end_of_record
TN:
SF:src/modules/reviews/controllers/reviewController.ts
FN:180,(anonymous_8)
FN:180,(anonymous_9)
FN:15,(anonymous_10)
FN:15,(anonymous_11)
FN:25,(anonymous_12)
FN:43,(anonymous_13)
FN:43,(anonymous_14)
FN:90,(anonymous_15)
FN:90,(anonymous_16)
FN:153,(anonymous_17)
FN:153,(anonymous_18)
FNF:11
FNH:9
FNDA:0,(anonymous_8)
FNDA:0,(anonymous_9)
FNDA:17,(anonymous_10)
FNDA:17,(anonymous_11)
FNDA:17,(anonymous_12)
FNDA:7,(anonymous_13)
FNDA:7,(anonymous_14)
FNDA:10,(anonymous_15)
FNDA:10,(anonymous_16)
FNDA:2,(anonymous_17)
FNDA:2,(anonymous_18)
DA:1,8
DA:3,8
DA:4,8
DA:11,8
DA:15,17
DA:16,17
DA:25,8
DA:29,17
DA:30,0
DA:32,17
DA:33,2
DA:35,15
DA:43,8
DA:44,7
DA:45,7
DA:46,7
DA:48,7
DA:49,7
DA:50,7
DA:51,1
DA:54,6
DA:55,6
DA:56,6
DA:57,6
DA:58,6
DA:60,6
DA:64,6
DA:80,0
DA:81,0
DA:90,10
DA:91,10
DA:92,10
DA:93,10
DA:94,10
DA:96,10
DA:97,10
DA:98,10
DA:99,1
DA:102,9
DA:103,1
DA:106,8
DA:107,1
DA:110,7
DA:111,7
DA:112,7
DA:114,7
DA:131,7
DA:133,7
DA:144,0
DA:145,0
DA:153,8
DA:154,2
DA:155,2
DA:156,2
DA:158,2
DA:162,2
DA:175,0
DA:176,0
DA:180,8
LF:59
LH:52
BRDA:29,0,0,0
BRDA:32,1,0,2
BRDA:32,2,0,17
BRDA:32,2,1,15
BRDA:50,3,0,1
BRDA:56,4,0,5
BRDA:56,4,1,1
BRDA:57,5,0,5
BRDA:57,5,1,1
BRDA:67,6,0,6
BRDA:67,6,1,5
BRDA:67,6,2,4
BRDA:70,7,0,1
BRDA:70,7,1,5
BRDA:70,8,0,6
BRDA:70,8,1,6
BRDA:70,9,0,5
BRDA:70,9,1,1
BRDA:70,10,0,6
BRDA:70,10,1,1
BRDA:74,11,0,6
BRDA:74,11,1,5
BRDA:75,12,0,5
BRDA:75,12,1,1
BRDA:75,13,0,6
BRDA:75,13,1,6
BRDA:75,14,0,1
BRDA:75,14,1,5
BRDA:75,15,0,6
BRDA:75,15,1,5
BRDA:98,16,0,1
BRDA:102,17,0,1
BRDA:106,18,0,1
BRDA:111,19,0,5
BRDA:111,19,1,2
BRDA:112,20,0,5
BRDA:112,20,1,2
BRDA:122,21,0,7
BRDA:122,21,1,2
BRDA:122,22,0,2
BRDA:122,22,1,5
BRDA:122,23,0,7
BRDA:122,23,1,7
BRDA:127,24,0,7
BRDA:127,24,1,2
BRDA:127,25,0,2
BRDA:127,25,1,5
BRDA:127,26,0,7
BRDA:127,26,1,7
BRDA:134,27,0,2
BRDA:134,27,1,5
BRDA:139,28,0,7
BRDA:139,28,1,5
BRDA:164,29,0,1
BRDA:164,29,1,1
BRF:55
BRH:54
end_of_record
TN:
SF:src/modules/reviews/middlewares/reviewMiddleware.ts
FN:4,(anonymous_1)
FNF:1
FNH:1
FNDA:11,(anonymous_1)
DA:1,8
DA:4,8
DA:5,11
DA:9,11
DA:10,11
DA:11,1
DA:13,10
LF:7
LH:7
BRDA:10,0,0,1
BRF:1
BRH:1
end_of_record
TN:
SF:src/modules/users/controllers/userController.ts
FN:19,(anonymous_9)
FN:24,(anonymous_10)
FN:24,(anonymous_11)
FN:65,(anonymous_12)
FN:65,(anonymous_13)
FN:106,(anonymous_14)
FN:106,(anonymous_15)
FN:145,(anonymous_16)
FN:145,(anonymous_17)
FN:198,(anonymous_18)
FN:198,(anonymous_19)
FN:247,(anonymous_20)
FN:247,(anonymous_21)
FN:299,(anonymous_22)
FNF:14
FNH:4
FNDA:0,(anonymous_9)
FNDA:3,(anonymous_10)
FNDA:3,(anonymous_11)
FNDA:3,(anonymous_12)
FNDA:3,(anonymous_13)
FNDA:0,(anonymous_14)
FNDA:0,(anonymous_15)
FNDA:0,(anonymous_16)
FNDA:0,(anonymous_17)
FNDA:0,(anonymous_18)
FNDA:0,(anonymous_19)
FNDA:0,(anonymous_20)
FNDA:0,(anonymous_21)
FNDA:0,(anonymous_22)
DA:1,8
DA:3,8
DA:4,8
DA:5,8
DA:6,8
DA:7,8
DA:8,8
DA:12,8
DA:13,8
DA:15,8
DA:16,8
DA:17,8
DA:19,8
DA:24,8
DA:25,3
DA:26,3
DA:27,3
DA:29,3
DA:37,1
DA:38,1
DA:43,2
DA:44,2
DA:45,2
DA:46,2
DA:48,2
DA:49,2
DA:50,1
DA:51,1
DA:52,1
DA:53,1
DA:54,1
DA:57,2
DA:61,0
DA:65,8
DA:66,3
DA:69,3
DA:70,3
DA:82,3
DA:83,2
DA:86,1
DA:87,1
DA:95,1
DA:96,1
DA:98,0
DA:106,8
DA:107,0
DA:108,0
DA:109,0
DA:116,0
DA:117,0
DA:120,0
DA:125,0
DA:126,0
DA:135,0
DA:136,0
DA:145,8
DA:146,0
DA:147,0
DA:148,0
DA:150,0
DA:165,0
DA:169,0
DA:171,0
DA:180,0
DA:182,0
DA:183,0
DA:184,0
DA:185,0
DA:187,0
DA:189,0
DA:190,0
DA:198,8
DA:199,0
DA:200,0
DA:201,0
DA:203,0
DA:204,0
DA:208,0
DA:209,0
DA:211,0
DA:212,0
DA:215,0
DA:223,0
DA:227,0
DA:229,0
DA:238,0
DA:239,0
DA:247,8
DA:248,0
DA:249,0
DA:250,0
DA:251,0
DA:252,0
DA:254,0
DA:265,0
DA:266,0
DA:270,0
DA:291,0
DA:299,0
DA:322,0
DA:323,0
LF:101
LH:46
BRDA:44,0,0,2
BRDA:45,1,0,2
BRDA:46,2,0,0
BRDA:46,2,1,2
BRDA:46,3,0,2
BRDA:46,3,1,2
BRDA:49,4,0,1
BRDA:49,4,1,1
BRDA:49,5,0,2
BRDA:49,5,1,2
BRDA:52,6,0,1
BRDA:52,7,0,1
BRDA:52,7,1,1
BRDA:82,8,0,2
BRDA:82,9,0,3
BRDA:82,9,1,2
BRDA:116,10,0,0
BRDA:153,11,0,0
BRDA:153,11,1,0
BRDA:154,12,0,0
BRDA:154,12,1,0
BRDA:155,13,0,0
BRDA:155,13,1,0
BRDA:156,14,0,0
BRDA:156,14,1,0
BRDA:157,15,0,0
BRDA:157,15,1,0
BRDA:158,16,0,0
BRDA:158,16,1,0
BRDA:180,17,0,0
BRDA:180,18,0,0
BRDA:180,18,1,0
BRDA:182,19,0,0
BRDA:182,19,1,0
BRDA:182,20,0,0
BRDA:182,20,1,0
BRDA:184,21,0,0
BRDA:184,22,0,0
BRDA:184,22,1,0
BRDA:203,23,0,0
BRDA:212,24,0,0
BRDA:212,24,1,0
BRDA:212,25,0,0
BRDA:212,25,1,0
BRDA:212,26,0,0
BRDA:212,26,1,0
BRDA:250,27,0,0
BRDA:250,27,1,0
BRDA:251,28,0,0
BRDA:251,28,1,0
BRDA:265,29,0,0
BRDA:305,30,0,0
BRDA:305,30,1,0
BRDA:305,31,0,0
BRDA:305,31,1,0
BRDA:305,32,0,0
BRDA:305,32,1,0
BRDA:305,33,0,0
BRDA:305,33,1,0
BRF:59
BRH:15
end_of_record
TN:
SF:src/modules/users/middlewares/userMiddleware.ts
FN:4,(anonymous_1)
FN:32,(anonymous_2)
FN:53,(anonymous_3)
FNF:3
FNH:2
FNDA:9,(anonymous_1)
FNDA:7,(anonymous_2)
FNDA:0,(anonymous_3)
DA:2,8
DA:4,8
DA:5,9
DA:22,9
DA:23,9
DA:25,3
DA:29,3
DA:32,8
DA:33,7
DA:46,7
DA:47,7
DA:49,3
DA:50,3
DA:53,8
DA:54,0
DA:62,0
DA:63,0
DA:65,0
DA:66,0
LF:19
LH:14
BRDA:23,0,0,6
BRDA:47,1,0,4
BRDA:63,2,0,0
BRF:3
BRH:2
end_of_record
